error: uncaughtException: Please install pg package manually
Error: Please install pg package manually
    at ConnectionManager._loadDialectModule (E:\New journy\fundoNotes\fundooNotes\node_modules\sequelize\src\dialects\abstract\connection-manager.js:81:15)
    at new ConnectionManager (E:\New journy\fundoNotes\fundooNotes\node_modules\sequelize\src\dialects\postgres\connection-manager.js:18:24)
    at new PostgresDialect (E:\New journy\fundoNotes\fundooNotes\node_modules\sequelize\src\dialects\postgres\index.js:15:30)
    at new Sequelize (E:\New journy\fundoNotes\fundooNotes\node_modules\sequelize\src\sequelize.js:368:20)
    at Object.<anonymous> (E:\New journy\fundoNotes\fundooNotes\src\config\database.ts:25:19)
    at Module._compile (node:internal/modules/cjs/loader:1376:14)
    at Module._compile (E:\New journy\fundoNotes\fundooNotes\node_modules\source-map-support\source-map-support.js:568:25)
    at Module.m._compile (C:\Users\hp\AppData\Local\Temp\ts-node-dev-hook-6233413849285214.js:69:33)
    at Module._extensions..js (node:internal/modules/cjs/loader:1435:10)
    at require.extensions..jsx.require.extensions..js (C:\Users\hp\AppData\Local\Temp\ts-node-dev-hook-6233413849285214.js:114:20) {"date":"Thu Aug 01 2024 11:24:01 GMT+0530 (India Standard Time)","error":{},"exception":true,"os":{"loadavg":[0,0,0],"uptime":74028.968},"process":{"argv":["C:\\Program Files\\nodejs\\node.exe","./src/index.ts"],"cwd":"E:\\New journy\\fundoNotes\\fundooNotes","execPath":"C:\\Program Files\\nodejs\\node.exe","gid":null,"memoryUsage":{"arrayBuffers":94550,"external":2319978,"heapTotal":34193408,"heapUsed":19368888,"rss":63041536},"pid":14272,"uid":null,"version":"v20.10.0"},"stack":"Error: Please install pg package manually\n    at ConnectionManager._loadDialectModule (E:\\New journy\\fundoNotes\\fundooNotes\\node_modules\\sequelize\\src\\dialects\\abstract\\connection-manager.js:81:15)\n    at new ConnectionManager (E:\\New journy\\fundoNotes\\fundooNotes\\node_modules\\sequelize\\src\\dialects\\postgres\\connection-manager.js:18:24)\n    at new PostgresDialect (E:\\New journy\\fundoNotes\\fundooNotes\\node_modules\\sequelize\\src\\dialects\\postgres\\index.js:15:30)\n    at new Sequelize (E:\\New journy\\fundoNotes\\fundooNotes\\node_modules\\sequelize\\src\\sequelize.js:368:20)\n    at Object.<anonymous> (E:\\New journy\\fundoNotes\\fundooNotes\\src\\config\\database.ts:25:19)\n    at Module._compile (node:internal/modules/cjs/loader:1376:14)\n    at Module._compile (E:\\New journy\\fundoNotes\\fundooNotes\\node_modules\\source-map-support\\source-map-support.js:568:25)\n    at Module.m._compile (C:\\Users\\hp\\AppData\\Local\\Temp\\ts-node-dev-hook-6233413849285214.js:69:33)\n    at Module._extensions..js (node:internal/modules/cjs/loader:1435:10)\n    at require.extensions..jsx.require.extensions..js (C:\\Users\\hp\\AppData\\Local\\Temp\\ts-node-dev-hook-6233413849285214.js:114:20)","timestamp":"2024-08-01T05:54:01.262Z","trace":[{"column":15,"file":"E:\\New journy\\fundoNotes\\fundooNotes\\node_modules\\sequelize\\src\\dialects\\abstract\\connection-manager.js","function":"ConnectionManager._loadDialectModule","line":81,"method":"_loadDialectModule","native":false},{"column":24,"file":"E:\\New journy\\fundoNotes\\fundooNotes\\node_modules\\sequelize\\src\\dialects\\postgres\\connection-manager.js","function":"new ConnectionManager","line":18,"method":null,"native":false},{"column":30,"file":"E:\\New journy\\fundoNotes\\fundooNotes\\node_modules\\sequelize\\src\\dialects\\postgres\\index.js","function":"new PostgresDialect","line":15,"method":null,"native":false},{"column":20,"file":"E:\\New journy\\fundoNotes\\fundooNotes\\node_modules\\sequelize\\src\\sequelize.js","function":"new Sequelize","line":368,"method":null,"native":false},{"column":19,"file":"E:\\New journy\\fundoNotes\\fundooNotes\\src\\config\\database.ts","function":null,"line":25,"method":null,"native":false},{"column":14,"file":"node:internal/modules/cjs/loader","function":"Module._compile","line":1376,"method":"_compile","native":false},{"column":25,"file":"E:\\New journy\\fundoNotes\\fundooNotes\\node_modules\\source-map-support\\source-map-support.js","function":"Module._compile","line":568,"method":"_compile","native":false},{"column":33,"file":"C:\\Users\\hp\\AppData\\Local\\Temp\\ts-node-dev-hook-6233413849285214.js","function":"Module.m._compile","line":69,"method":"_compile","native":false},{"column":10,"file":"node:internal/modules/cjs/loader","function":"Module._extensions..js","line":1435,"method":".js","native":false},{"column":20,"file":"C:\\Users\\hp\\AppData\\Local\\Temp\\ts-node-dev-hook-6233413849285214.js","function":"require.extensions..jsx.require.extensions..js","line":114,"method":".js","native":false}]}
error: uncaughtException: Unrecognized datatype for attribute "user.dob"
Error: Unrecognized datatype for attribute "user.dob"
    at E:\New journy\fundoNotes\fundooNotes\node_modules\sequelize\src\model.js:1046:15
    at E:\New journy\fundoNotes\fundooNotes\node_modules\lodash\lodash.js:13469:38
    at E:\New journy\fundoNotes\fundooNotes\node_modules\lodash\lodash.js:4967:15
    at baseForOwn (E:\New journy\fundoNotes\fundooNotes\node_modules\lodash\lodash.js:3032:24)
    at Function.mapValues (E:\New journy\fundoNotes\fundooNotes\node_modules\lodash\lodash.js:13468:7)
    at Function.init (E:\New journy\fundoNotes\fundooNotes\node_modules\sequelize\src\model.js:1042:28)
    at exports.default (E:\New journy\fundoNotes\fundooNotes\src\models\user.ts:26:8)
    at new UserService (E:\New journy\fundoNotes\fundooNotes\src\services\user.service.ts:7:22)
    at new UserController (E:\New journy\fundoNotes\fundooNotes\src\controllers\user.controller.ts:8:24)
    at new UserRoutes (E:\New journy\fundoNotes\fundooNotes\src\routes\user.route.ts:7:28) {"date":"Thu Aug 01 2024 12:12:12 GMT+0530 (India Standard Time)","error":{},"exception":true,"os":{"loadavg":[0,0,0],"uptime":76920.671},"process":{"argv":["C:\\Program Files\\nodejs\\node.exe","./src/index.ts"],"cwd":"E:\\New journy\\fundoNotes\\fundooNotes","execPath":"C:\\Program Files\\nodejs\\node.exe","gid":null,"memoryUsage":{"arrayBuffers":123710,"external":2356302,"heapTotal":53174272,"heapUsed":29080472,"rss":80769024},"pid":304,"uid":null,"version":"v20.10.0"},"stack":"Error: Unrecognized datatype for attribute \"user.dob\"\n    at E:\\New journy\\fundoNotes\\fundooNotes\\node_modules\\sequelize\\src\\model.js:1046:15\n    at E:\\New journy\\fundoNotes\\fundooNotes\\node_modules\\lodash\\lodash.js:13469:38\n    at E:\\New journy\\fundoNotes\\fundooNotes\\node_modules\\lodash\\lodash.js:4967:15\n    at baseForOwn (E:\\New journy\\fundoNotes\\fundooNotes\\node_modules\\lodash\\lodash.js:3032:24)\n    at Function.mapValues (E:\\New journy\\fundoNotes\\fundooNotes\\node_modules\\lodash\\lodash.js:13468:7)\n    at Function.init (E:\\New journy\\fundoNotes\\fundooNotes\\node_modules\\sequelize\\src\\model.js:1042:28)\n    at exports.default (E:\\New journy\\fundoNotes\\fundooNotes\\src\\models\\user.ts:26:8)\n    at new UserService (E:\\New journy\\fundoNotes\\fundooNotes\\src\\services\\user.service.ts:7:22)\n    at new UserController (E:\\New journy\\fundoNotes\\fundooNotes\\src\\controllers\\user.controller.ts:8:24)\n    at new UserRoutes (E:\\New journy\\fundoNotes\\fundooNotes\\src\\routes\\user.route.ts:7:28)","timestamp":"2024-08-01T06:42:12.959Z","trace":[{"column":15,"file":"E:\\New journy\\fundoNotes\\fundooNotes\\node_modules\\sequelize\\src\\model.js","function":null,"line":1046,"method":null,"native":false},{"column":38,"file":"E:\\New journy\\fundoNotes\\fundooNotes\\node_modules\\lodash\\lodash.js","function":null,"line":13469,"method":null,"native":false},{"column":15,"file":"E:\\New journy\\fundoNotes\\fundooNotes\\node_modules\\lodash\\lodash.js","function":null,"line":4967,"method":null,"native":false},{"column":24,"file":"E:\\New journy\\fundoNotes\\fundooNotes\\node_modules\\lodash\\lodash.js","function":"baseForOwn","line":3032,"method":null,"native":false},{"column":7,"file":"E:\\New journy\\fundoNotes\\fundooNotes\\node_modules\\lodash\\lodash.js","function":"Function.mapValues","line":13468,"method":"mapValues","native":false},{"column":28,"file":"E:\\New journy\\fundoNotes\\fundooNotes\\node_modules\\sequelize\\src\\model.js","function":"Function.init","line":1042,"method":"init","native":false},{"column":8,"file":"E:\\New journy\\fundoNotes\\fundooNotes\\src\\models\\user.ts","function":"exports.default","line":26,"method":"default","native":false},{"column":22,"file":"E:\\New journy\\fundoNotes\\fundooNotes\\src\\services\\user.service.ts","function":"new UserService","line":7,"method":null,"native":false},{"column":24,"file":"E:\\New journy\\fundoNotes\\fundooNotes\\src\\controllers\\user.controller.ts","function":"new UserController","line":8,"method":null,"native":false},{"column":28,"file":"E:\\New journy\\fundoNotes\\fundooNotes\\src\\routes\\user.route.ts","function":"new UserRoutes","line":7,"method":null,"native":false}]}
error: uncaughtException: Unrecognized datatype for attribute "user.dob"
Error: Unrecognized datatype for attribute "user.dob"
    at E:\New journy\fundoNotes\fundooNotes\node_modules\sequelize\src\model.js:1046:15
    at E:\New journy\fundoNotes\fundooNotes\node_modules\lodash\lodash.js:13469:38
    at E:\New journy\fundoNotes\fundooNotes\node_modules\lodash\lodash.js:4967:15
    at baseForOwn (E:\New journy\fundoNotes\fundooNotes\node_modules\lodash\lodash.js:3032:24)
    at Function.mapValues (E:\New journy\fundoNotes\fundooNotes\node_modules\lodash\lodash.js:13468:7)
    at Function.init (E:\New journy\fundoNotes\fundooNotes\node_modules\sequelize\src\model.js:1042:28)
    at exports.default (E:\New journy\fundoNotes\fundooNotes\src\models\user.ts:26:8)
    at new UserService (E:\New journy\fundoNotes\fundooNotes\src\services\user.service.ts:7:22)
    at new UserController (E:\New journy\fundoNotes\fundooNotes\src\controllers\user.controller.ts:8:24)
    at new UserRoutes (E:\New journy\fundoNotes\fundooNotes\src\routes\user.route.ts:7:28) {"date":"Thu Aug 01 2024 12:12:17 GMT+0530 (India Standard Time)","error":{},"exception":true,"os":{"loadavg":[0,0,0],"uptime":76924.718},"process":{"argv":["C:\\Program Files\\nodejs\\node.exe","./src/index.ts"],"cwd":"E:\\New journy\\fundoNotes\\fundooNotes","execPath":"C:\\Program Files\\nodejs\\node.exe","gid":null,"memoryUsage":{"arrayBuffers":123710,"external":2356302,"heapTotal":53436416,"heapUsed":29209416,"rss":80957440},"pid":13728,"uid":null,"version":"v20.10.0"},"stack":"Error: Unrecognized datatype for attribute \"user.dob\"\n    at E:\\New journy\\fundoNotes\\fundooNotes\\node_modules\\sequelize\\src\\model.js:1046:15\n    at E:\\New journy\\fundoNotes\\fundooNotes\\node_modules\\lodash\\lodash.js:13469:38\n    at E:\\New journy\\fundoNotes\\fundooNotes\\node_modules\\lodash\\lodash.js:4967:15\n    at baseForOwn (E:\\New journy\\fundoNotes\\fundooNotes\\node_modules\\lodash\\lodash.js:3032:24)\n    at Function.mapValues (E:\\New journy\\fundoNotes\\fundooNotes\\node_modules\\lodash\\lodash.js:13468:7)\n    at Function.init (E:\\New journy\\fundoNotes\\fundooNotes\\node_modules\\sequelize\\src\\model.js:1042:28)\n    at exports.default (E:\\New journy\\fundoNotes\\fundooNotes\\src\\models\\user.ts:26:8)\n    at new UserService (E:\\New journy\\fundoNotes\\fundooNotes\\src\\services\\user.service.ts:7:22)\n    at new UserController (E:\\New journy\\fundoNotes\\fundooNotes\\src\\controllers\\user.controller.ts:8:24)\n    at new UserRoutes (E:\\New journy\\fundoNotes\\fundooNotes\\src\\routes\\user.route.ts:7:28)","timestamp":"2024-08-01T06:42:17.013Z","trace":[{"column":15,"file":"E:\\New journy\\fundoNotes\\fundooNotes\\node_modules\\sequelize\\src\\model.js","function":null,"line":1046,"method":null,"native":false},{"column":38,"file":"E:\\New journy\\fundoNotes\\fundooNotes\\node_modules\\lodash\\lodash.js","function":null,"line":13469,"method":null,"native":false},{"column":15,"file":"E:\\New journy\\fundoNotes\\fundooNotes\\node_modules\\lodash\\lodash.js","function":null,"line":4967,"method":null,"native":false},{"column":24,"file":"E:\\New journy\\fundoNotes\\fundooNotes\\node_modules\\lodash\\lodash.js","function":"baseForOwn","line":3032,"method":null,"native":false},{"column":7,"file":"E:\\New journy\\fundoNotes\\fundooNotes\\node_modules\\lodash\\lodash.js","function":"Function.mapValues","line":13468,"method":"mapValues","native":false},{"column":28,"file":"E:\\New journy\\fundoNotes\\fundooNotes\\node_modules\\sequelize\\src\\model.js","function":"Function.init","line":1042,"method":"init","native":false},{"column":8,"file":"E:\\New journy\\fundoNotes\\fundooNotes\\src\\models\\user.ts","function":"exports.default","line":26,"method":"default","native":false},{"column":22,"file":"E:\\New journy\\fundoNotes\\fundooNotes\\src\\services\\user.service.ts","function":"new UserService","line":7,"method":null,"native":false},{"column":24,"file":"E:\\New journy\\fundoNotes\\fundooNotes\\src\\controllers\\user.controller.ts","function":"new UserController","line":8,"method":null,"native":false},{"column":28,"file":"E:\\New journy\\fundoNotes\\fundooNotes\\src\\routes\\user.route.ts","function":"new UserRoutes","line":7,"method":null,"native":false}]}
error: uncaughtException: Unrecognized datatype for attribute "user.dob"
Error: Unrecognized datatype for attribute "user.dob"
    at E:\New journy\fundoNotes\fundooNotes\node_modules\sequelize\src\model.js:1046:15
    at E:\New journy\fundoNotes\fundooNotes\node_modules\lodash\lodash.js:13469:38
    at E:\New journy\fundoNotes\fundooNotes\node_modules\lodash\lodash.js:4967:15
    at baseForOwn (E:\New journy\fundoNotes\fundooNotes\node_modules\lodash\lodash.js:3032:24)
    at Function.mapValues (E:\New journy\fundoNotes\fundooNotes\node_modules\lodash\lodash.js:13468:7)
    at Function.init (E:\New journy\fundoNotes\fundooNotes\node_modules\sequelize\src\model.js:1042:28)
    at exports.default (E:\New journy\fundoNotes\fundooNotes\src\models\user.ts:26:8)
    at new UserService (E:\New journy\fundoNotes\fundooNotes\src\services\user.service.ts:7:22)
    at new UserController (E:\New journy\fundoNotes\fundooNotes\src\controllers\user.controller.ts:8:24)
    at new UserRoutes (E:\New journy\fundoNotes\fundooNotes\src\routes\user.route.ts:7:28) {"date":"Thu Aug 01 2024 12:12:29 GMT+0530 (India Standard Time)","error":{},"exception":true,"os":{"loadavg":[0,0,0],"uptime":76936.937},"process":{"argv":["C:\\Program Files\\nodejs\\node.exe","./src/index.ts"],"cwd":"E:\\New journy\\fundoNotes\\fundooNotes","execPath":"C:\\Program Files\\nodejs\\node.exe","gid":null,"memoryUsage":{"arrayBuffers":123710,"external":2356302,"heapTotal":53698560,"heapUsed":28292608,"rss":80130048},"pid":1532,"uid":null,"version":"v20.10.0"},"stack":"Error: Unrecognized datatype for attribute \"user.dob\"\n    at E:\\New journy\\fundoNotes\\fundooNotes\\node_modules\\sequelize\\src\\model.js:1046:15\n    at E:\\New journy\\fundoNotes\\fundooNotes\\node_modules\\lodash\\lodash.js:13469:38\n    at E:\\New journy\\fundoNotes\\fundooNotes\\node_modules\\lodash\\lodash.js:4967:15\n    at baseForOwn (E:\\New journy\\fundoNotes\\fundooNotes\\node_modules\\lodash\\lodash.js:3032:24)\n    at Function.mapValues (E:\\New journy\\fundoNotes\\fundooNotes\\node_modules\\lodash\\lodash.js:13468:7)\n    at Function.init (E:\\New journy\\fundoNotes\\fundooNotes\\node_modules\\sequelize\\src\\model.js:1042:28)\n    at exports.default (E:\\New journy\\fundoNotes\\fundooNotes\\src\\models\\user.ts:26:8)\n    at new UserService (E:\\New journy\\fundoNotes\\fundooNotes\\src\\services\\user.service.ts:7:22)\n    at new UserController (E:\\New journy\\fundoNotes\\fundooNotes\\src\\controllers\\user.controller.ts:8:24)\n    at new UserRoutes (E:\\New journy\\fundoNotes\\fundooNotes\\src\\routes\\user.route.ts:7:28)","timestamp":"2024-08-01T06:42:29.218Z","trace":[{"column":15,"file":"E:\\New journy\\fundoNotes\\fundooNotes\\node_modules\\sequelize\\src\\model.js","function":null,"line":1046,"method":null,"native":false},{"column":38,"file":"E:\\New journy\\fundoNotes\\fundooNotes\\node_modules\\lodash\\lodash.js","function":null,"line":13469,"method":null,"native":false},{"column":15,"file":"E:\\New journy\\fundoNotes\\fundooNotes\\node_modules\\lodash\\lodash.js","function":null,"line":4967,"method":null,"native":false},{"column":24,"file":"E:\\New journy\\fundoNotes\\fundooNotes\\node_modules\\lodash\\lodash.js","function":"baseForOwn","line":3032,"method":null,"native":false},{"column":7,"file":"E:\\New journy\\fundoNotes\\fundooNotes\\node_modules\\lodash\\lodash.js","function":"Function.mapValues","line":13468,"method":"mapValues","native":false},{"column":28,"file":"E:\\New journy\\fundoNotes\\fundooNotes\\node_modules\\sequelize\\src\\model.js","function":"Function.init","line":1042,"method":"init","native":false},{"column":8,"file":"E:\\New journy\\fundoNotes\\fundooNotes\\src\\models\\user.ts","function":"exports.default","line":26,"method":"default","native":false},{"column":22,"file":"E:\\New journy\\fundoNotes\\fundooNotes\\src\\services\\user.service.ts","function":"new UserService","line":7,"method":null,"native":false},{"column":24,"file":"E:\\New journy\\fundoNotes\\fundooNotes\\src\\controllers\\user.controller.ts","function":"new UserController","line":8,"method":null,"native":false},{"column":28,"file":"E:\\New journy\\fundoNotes\\fundooNotes\\src\\routes\\user.route.ts","function":"new UserRoutes","line":7,"method":null,"native":false}]}
error: uncaughtException: Unrecognized datatype for attribute "user.dob"
Error: Unrecognized datatype for attribute "user.dob"
    at E:\New journy\fundoNotes\fundooNotes\node_modules\sequelize\src\model.js:1046:15
    at E:\New journy\fundoNotes\fundooNotes\node_modules\lodash\lodash.js:13469:38
    at E:\New journy\fundoNotes\fundooNotes\node_modules\lodash\lodash.js:4967:15
    at baseForOwn (E:\New journy\fundoNotes\fundooNotes\node_modules\lodash\lodash.js:3032:24)
    at Function.mapValues (E:\New journy\fundoNotes\fundooNotes\node_modules\lodash\lodash.js:13468:7)
    at Function.init (E:\New journy\fundoNotes\fundooNotes\node_modules\sequelize\src\model.js:1042:28)
    at exports.default (E:\New journy\fundoNotes\fundooNotes\src\models\user.ts:26:8)
    at new UserService (E:\New journy\fundoNotes\fundooNotes\src\services\user.service.ts:7:22)
    at new UserController (E:\New journy\fundoNotes\fundooNotes\src\controllers\user.controller.ts:8:24)
    at new UserRoutes (E:\New journy\fundoNotes\fundooNotes\src\routes\user.route.ts:7:28) {"date":"Thu Aug 01 2024 12:12:37 GMT+0530 (India Standard Time)","error":{},"exception":true,"os":{"loadavg":[0,0,0],"uptime":76945.484},"process":{"argv":["C:\\Program Files\\nodejs\\node.exe","./src/index.ts"],"cwd":"E:\\New journy\\fundoNotes\\fundooNotes","execPath":"C:\\Program Files\\nodejs\\node.exe","gid":null,"memoryUsage":{"arrayBuffers":123710,"external":2356302,"heapTotal":53436416,"heapUsed":28775560,"rss":80621568},"pid":13816,"uid":null,"version":"v20.10.0"},"stack":"Error: Unrecognized datatype for attribute \"user.dob\"\n    at E:\\New journy\\fundoNotes\\fundooNotes\\node_modules\\sequelize\\src\\model.js:1046:15\n    at E:\\New journy\\fundoNotes\\fundooNotes\\node_modules\\lodash\\lodash.js:13469:38\n    at E:\\New journy\\fundoNotes\\fundooNotes\\node_modules\\lodash\\lodash.js:4967:15\n    at baseForOwn (E:\\New journy\\fundoNotes\\fundooNotes\\node_modules\\lodash\\lodash.js:3032:24)\n    at Function.mapValues (E:\\New journy\\fundoNotes\\fundooNotes\\node_modules\\lodash\\lodash.js:13468:7)\n    at Function.init (E:\\New journy\\fundoNotes\\fundooNotes\\node_modules\\sequelize\\src\\model.js:1042:28)\n    at exports.default (E:\\New journy\\fundoNotes\\fundooNotes\\src\\models\\user.ts:26:8)\n    at new UserService (E:\\New journy\\fundoNotes\\fundooNotes\\src\\services\\user.service.ts:7:22)\n    at new UserController (E:\\New journy\\fundoNotes\\fundooNotes\\src\\controllers\\user.controller.ts:8:24)\n    at new UserRoutes (E:\\New journy\\fundoNotes\\fundooNotes\\src\\routes\\user.route.ts:7:28)","timestamp":"2024-08-01T06:42:37.771Z","trace":[{"column":15,"file":"E:\\New journy\\fundoNotes\\fundooNotes\\node_modules\\sequelize\\src\\model.js","function":null,"line":1046,"method":null,"native":false},{"column":38,"file":"E:\\New journy\\fundoNotes\\fundooNotes\\node_modules\\lodash\\lodash.js","function":null,"line":13469,"method":null,"native":false},{"column":15,"file":"E:\\New journy\\fundoNotes\\fundooNotes\\node_modules\\lodash\\lodash.js","function":null,"line":4967,"method":null,"native":false},{"column":24,"file":"E:\\New journy\\fundoNotes\\fundooNotes\\node_modules\\lodash\\lodash.js","function":"baseForOwn","line":3032,"method":null,"native":false},{"column":7,"file":"E:\\New journy\\fundoNotes\\fundooNotes\\node_modules\\lodash\\lodash.js","function":"Function.mapValues","line":13468,"method":"mapValues","native":false},{"column":28,"file":"E:\\New journy\\fundoNotes\\fundooNotes\\node_modules\\sequelize\\src\\model.js","function":"Function.init","line":1042,"method":"init","native":false},{"column":8,"file":"E:\\New journy\\fundoNotes\\fundooNotes\\src\\models\\user.ts","function":"exports.default","line":26,"method":"default","native":false},{"column":22,"file":"E:\\New journy\\fundoNotes\\fundooNotes\\src\\services\\user.service.ts","function":"new UserService","line":7,"method":null,"native":false},{"column":24,"file":"E:\\New journy\\fundoNotes\\fundooNotes\\src\\controllers\\user.controller.ts","function":"new UserController","line":8,"method":null,"native":false},{"column":28,"file":"E:\\New journy\\fundoNotes\\fundooNotes\\src\\routes\\user.route.ts","function":"new UserRoutes","line":7,"method":null,"native":false}]}
error: 
    status - 500 
    message - Error: 
    at Query.run (E:\New journy\fundoNotes\fundooNotes\node_modules\sequelize\src\dialects\postgres\query.js:76:25)
    at E:\New journy\fundoNotes\fundooNotes\node_modules\sequelize\src\sequelize.js:650:28
    at processTicksAndRejections (node:internal/process/task_queues:95:5)
    at PostgresQueryInterface.insert (E:\New journy\fundoNotes\fundooNotes\node_modules\sequelize\src\dialects\abstract\query-interface.js:795:21)
    at User.save (E:\New journy\fundoNotes\fundooNotes\node_modules\sequelize\src\model.js:4154:35)
    at Function.create (E:\New journy\fundoNotes\fundooNotes\node_modules\sequelize\src\model.js:2305:12) 
    url - /api/v1/users/ 
    method - POST 
    IP - ::1
   {"timestamp":"2024-08-01T06:50:21.338Z"}
error: uncaughtException: Validation error
Error: 
    at Query.run (E:\New journy\fundoNotes\fundooNotes\node_modules\sequelize\src\dialects\postgres\query.js:76:25)
    at E:\New journy\fundoNotes\fundooNotes\node_modules\sequelize\src\sequelize.js:650:28
    at processTicksAndRejections (node:internal/process/task_queues:95:5)
    at PostgresQueryInterface.createTable (E:\New journy\fundoNotes\fundooNotes\node_modules\sequelize\src\dialects\abstract\query-interface.js:229:12)
    at Function.sync (E:\New journy\fundoNotes\fundooNotes\node_modules\sequelize\src\model.js:1353:7)
    at Sequelize.sync (E:\New journy\fundoNotes\fundooNotes\node_modules\sequelize\src\sequelize.js:825:9) {"date":"Thu Aug 01 2024 12:22:07 GMT+0530 (India Standard Time)","error":{"errors":[{"instance":null,"message":"relname must be unique","origin":"DB","path":"relname","type":"unique violation","validatorArgs":[],"validatorKey":"not_unique","validatorName":null,"value":"users_id_seq"},{"instance":null,"message":"relnamespace must be unique","origin":"DB","path":"relnamespace","type":"unique violation","validatorArgs":[],"validatorKey":"not_unique","validatorName":null,"value":"2200"}],"fields":{"relname":"users_id_seq","relnamespace":"2200"},"name":"SequelizeUniqueConstraintError","original":{"code":"23505","constraint":"pg_class_relname_nsp_index","detail":"Key (relname, relnamespace)=(users_id_seq, 2200) already exists.","file":"nbtinsert.c","length":255,"line":"673","name":"error","routine":"_bt_check_unique","schema":"pg_catalog","severity":"ERROR","sql":"CREATE TABLE IF NOT EXISTS \"users\" (\"id\"  SERIAL , \"firstName\" VARCHAR(255) NOT NULL, \"lastName\" VARCHAR(255) NOT NULL, \"email\" VARCHAR(255) NOT NULL, \"password\" VARCHAR(255) NOT NULL, \"mobile\" VARCHAR(255) NOT NULL, \"gender\" VARCHAR(255) NOT NULL, \"dob\" DATE NOT NULL, PRIMARY KEY (\"id\"));","table":"pg_class"},"parent":{"code":"23505","constraint":"pg_class_relname_nsp_index","detail":"Key (relname, relnamespace)=(users_id_seq, 2200) already exists.","file":"nbtinsert.c","length":255,"line":"673","name":"error","routine":"_bt_check_unique","schema":"pg_catalog","severity":"ERROR","sql":"CREATE TABLE IF NOT EXISTS \"users\" (\"id\"  SERIAL , \"firstName\" VARCHAR(255) NOT NULL, \"lastName\" VARCHAR(255) NOT NULL, \"email\" VARCHAR(255) NOT NULL, \"password\" VARCHAR(255) NOT NULL, \"mobile\" VARCHAR(255) NOT NULL, \"gender\" VARCHAR(255) NOT NULL, \"dob\" DATE NOT NULL, PRIMARY KEY (\"id\"));","table":"pg_class"},"sql":"CREATE TABLE IF NOT EXISTS \"users\" (\"id\"  SERIAL , \"firstName\" VARCHAR(255) NOT NULL, \"lastName\" VARCHAR(255) NOT NULL, \"email\" VARCHAR(255) NOT NULL, \"password\" VARCHAR(255) NOT NULL, \"mobile\" VARCHAR(255) NOT NULL, \"gender\" VARCHAR(255) NOT NULL, \"dob\" DATE NOT NULL, PRIMARY KEY (\"id\"));"},"exception":true,"os":{"loadavg":[0,0,0],"uptime":77515.625},"process":{"argv":["C:\\Program Files\\nodejs\\node.exe","./src/index.ts"],"cwd":"E:\\New journy\\fundoNotes\\fundooNotes","execPath":"C:\\Program Files\\nodejs\\node.exe","gid":null,"memoryUsage":{"arrayBuffers":86131,"external":2446498,"heapTotal":54497280,"heapUsed":33201368,"rss":85495808},"pid":13780,"uid":null,"version":"v20.10.0"},"stack":"Error: \n    at Query.run (E:\\New journy\\fundoNotes\\fundooNotes\\node_modules\\sequelize\\src\\dialects\\postgres\\query.js:76:25)\n    at E:\\New journy\\fundoNotes\\fundooNotes\\node_modules\\sequelize\\src\\sequelize.js:650:28\n    at processTicksAndRejections (node:internal/process/task_queues:95:5)\n    at PostgresQueryInterface.createTable (E:\\New journy\\fundoNotes\\fundooNotes\\node_modules\\sequelize\\src\\dialects\\abstract\\query-interface.js:229:12)\n    at Function.sync (E:\\New journy\\fundoNotes\\fundooNotes\\node_modules\\sequelize\\src\\model.js:1353:7)\n    at Sequelize.sync (E:\\New journy\\fundoNotes\\fundooNotes\\node_modules\\sequelize\\src\\sequelize.js:825:9)","timestamp":"2024-08-01T06:52:07.905Z","trace":[{"column":25,"file":"E:\\New journy\\fundoNotes\\fundooNotes\\node_modules\\sequelize\\src\\dialects\\postgres\\query.js","function":"Query.run","line":76,"method":"run","native":false},{"column":28,"file":"E:\\New journy\\fundoNotes\\fundooNotes\\node_modules\\sequelize\\src\\sequelize.js","function":null,"line":650,"method":null,"native":false},{"column":5,"file":"node:internal/process/task_queues","function":"processTicksAndRejections","line":95,"method":null,"native":false},{"column":12,"file":"E:\\New journy\\fundoNotes\\fundooNotes\\node_modules\\sequelize\\src\\dialects\\abstract\\query-interface.js","function":"PostgresQueryInterface.createTable","line":229,"method":"createTable","native":false},{"column":7,"file":"E:\\New journy\\fundoNotes\\fundooNotes\\node_modules\\sequelize\\src\\model.js","function":"Function.sync","line":1353,"method":"sync","native":false},{"column":9,"file":"E:\\New journy\\fundoNotes\\fundooNotes\\node_modules\\sequelize\\src\\sequelize.js","function":"Sequelize.sync","line":825,"method":"sync","native":false}]}
error: uncaughtException: Route.post() requires a callback function but got a [object Undefined]
Error: Route.post() requires a callback function but got a [object Undefined]
    at Route.<computed> [as post] (E:\New journy\fundoNotes\fundooNotes\node_modules\express\lib\router\route.js:216:15)
    at Function.proto.<computed> [as post] (E:\New journy\fundoNotes\fundooNotes\node_modules\express\lib\router\index.js:521:19)
    at UserRoutes.routes (E:\New journy\fundoNotes\fundooNotes\src\routes\user.route.ts:21:17)
    at new UserRoutes (E:\New journy\fundoNotes\fundooNotes\src\routes\user.route.ts:12:10)
    at routes (E:\New journy\fundoNotes\fundooNotes\src\routes\index.ts:17:12)
    at App.initializeRoutes (E:\New journy\fundoNotes\fundooNotes\src\index.ts:45:52)
    at new App (E:\New journy\fundoNotes\fundooNotes\src\index.ts:31:10)
    at Object.<anonymous> (E:\New journy\fundoNotes\fundooNotes\src\index.ts:67:13)
    at Module._compile (node:internal/modules/cjs/loader:1376:14)
    at Module._compile (E:\New journy\fundoNotes\fundooNotes\node_modules\source-map-support\source-map-support.js:568:25) {"date":"Thu Aug 01 2024 12:27:17 GMT+0530 (India Standard Time)","error":{},"exception":true,"os":{"loadavg":[0,0,0],"uptime":77825.218},"process":{"argv":["C:\\Program Files\\nodejs\\node.exe","./src/index.ts"],"cwd":"E:\\New journy\\fundoNotes\\fundooNotes","execPath":"C:\\Program Files\\nodejs\\node.exe","gid":null,"memoryUsage":{"arrayBuffers":118066,"external":2350636,"heapTotal":52805632,"heapUsed":25761472,"rss":78188544},"pid":3020,"uid":null,"version":"v20.10.0"},"stack":"Error: Route.post() requires a callback function but got a [object Undefined]\n    at Route.<computed> [as post] (E:\\New journy\\fundoNotes\\fundooNotes\\node_modules\\express\\lib\\router\\route.js:216:15)\n    at Function.proto.<computed> [as post] (E:\\New journy\\fundoNotes\\fundooNotes\\node_modules\\express\\lib\\router\\index.js:521:19)\n    at UserRoutes.routes (E:\\New journy\\fundoNotes\\fundooNotes\\src\\routes\\user.route.ts:21:17)\n    at new UserRoutes (E:\\New journy\\fundoNotes\\fundooNotes\\src\\routes\\user.route.ts:12:10)\n    at routes (E:\\New journy\\fundoNotes\\fundooNotes\\src\\routes\\index.ts:17:12)\n    at App.initializeRoutes (E:\\New journy\\fundoNotes\\fundooNotes\\src\\index.ts:45:52)\n    at new App (E:\\New journy\\fundoNotes\\fundooNotes\\src\\index.ts:31:10)\n    at Object.<anonymous> (E:\\New journy\\fundoNotes\\fundooNotes\\src\\index.ts:67:13)\n    at Module._compile (node:internal/modules/cjs/loader:1376:14)\n    at Module._compile (E:\\New journy\\fundoNotes\\fundooNotes\\node_modules\\source-map-support\\source-map-support.js:568:25)","timestamp":"2024-08-01T06:57:17.513Z","trace":[{"column":15,"file":"E:\\New journy\\fundoNotes\\fundooNotes\\node_modules\\express\\lib\\router\\route.js","function":"Route.<computed> [as post]","line":216,"method":"<computed> [as post]","native":false},{"column":19,"file":"E:\\New journy\\fundoNotes\\fundooNotes\\node_modules\\express\\lib\\router\\index.js","function":"Function.proto.<computed> [as post]","line":521,"method":"<computed> [as post]","native":false},{"column":17,"file":"E:\\New journy\\fundoNotes\\fundooNotes\\src\\routes\\user.route.ts","function":"UserRoutes.routes","line":21,"method":"routes","native":false},{"column":10,"file":"E:\\New journy\\fundoNotes\\fundooNotes\\src\\routes\\user.route.ts","function":"new UserRoutes","line":12,"method":null,"native":false},{"column":12,"file":"E:\\New journy\\fundoNotes\\fundooNotes\\src\\routes\\index.ts","function":"routes","line":17,"method":null,"native":false},{"column":52,"file":"E:\\New journy\\fundoNotes\\fundooNotes\\src\\index.ts","function":"App.initializeRoutes","line":45,"method":"initializeRoutes","native":false},{"column":10,"file":"E:\\New journy\\fundoNotes\\fundooNotes\\src\\index.ts","function":"new App","line":31,"method":null,"native":false},{"column":13,"file":"E:\\New journy\\fundoNotes\\fundooNotes\\src\\index.ts","function":null,"line":67,"method":null,"native":false},{"column":14,"file":"node:internal/modules/cjs/loader","function":"Module._compile","line":1376,"method":"_compile","native":false},{"column":25,"file":"E:\\New journy\\fundoNotes\\fundooNotes\\node_modules\\source-map-support\\source-map-support.js","function":"Module._compile","line":568,"method":"_compile","native":false}]}
error: uncaughtException: Route.post() requires a callback function but got a [object Undefined]
Error: Route.post() requires a callback function but got a [object Undefined]
    at Route.<computed> [as post] (E:\New journy\fundoNotes\fundooNotes\node_modules\express\lib\router\route.js:216:15)
    at Function.proto.<computed> [as post] (E:\New journy\fundoNotes\fundooNotes\node_modules\express\lib\router\index.js:521:19)
    at UserRoutes.routes (E:\New journy\fundoNotes\fundooNotes\src\routes\user.route.ts:21:17)
    at new UserRoutes (E:\New journy\fundoNotes\fundooNotes\src\routes\user.route.ts:12:10)
    at routes (E:\New journy\fundoNotes\fundooNotes\src\routes\index.ts:17:12)
    at App.initializeRoutes (E:\New journy\fundoNotes\fundooNotes\src\index.ts:45:52)
    at new App (E:\New journy\fundoNotes\fundooNotes\src\index.ts:31:10)
    at Object.<anonymous> (E:\New journy\fundoNotes\fundooNotes\src\index.ts:67:13)
    at Module._compile (node:internal/modules/cjs/loader:1376:14)
    at Module._compile (E:\New journy\fundoNotes\fundooNotes\node_modules\source-map-support\source-map-support.js:568:25) {"date":"Thu Aug 01 2024 12:27:21 GMT+0530 (India Standard Time)","error":{},"exception":true,"os":{"loadavg":[0,0,0],"uptime":77829.671},"process":{"argv":["C:\\Program Files\\nodejs\\node.exe","./src/index.ts"],"cwd":"E:\\New journy\\fundoNotes\\fundooNotes","execPath":"C:\\Program Files\\nodejs\\node.exe","gid":null,"memoryUsage":{"arrayBuffers":118066,"external":2350636,"heapTotal":52805632,"heapUsed":25548208,"rss":77946880},"pid":5792,"uid":null,"version":"v20.10.0"},"stack":"Error: Route.post() requires a callback function but got a [object Undefined]\n    at Route.<computed> [as post] (E:\\New journy\\fundoNotes\\fundooNotes\\node_modules\\express\\lib\\router\\route.js:216:15)\n    at Function.proto.<computed> [as post] (E:\\New journy\\fundoNotes\\fundooNotes\\node_modules\\express\\lib\\router\\index.js:521:19)\n    at UserRoutes.routes (E:\\New journy\\fundoNotes\\fundooNotes\\src\\routes\\user.route.ts:21:17)\n    at new UserRoutes (E:\\New journy\\fundoNotes\\fundooNotes\\src\\routes\\user.route.ts:12:10)\n    at routes (E:\\New journy\\fundoNotes\\fundooNotes\\src\\routes\\index.ts:17:12)\n    at App.initializeRoutes (E:\\New journy\\fundoNotes\\fundooNotes\\src\\index.ts:45:52)\n    at new App (E:\\New journy\\fundoNotes\\fundooNotes\\src\\index.ts:31:10)\n    at Object.<anonymous> (E:\\New journy\\fundoNotes\\fundooNotes\\src\\index.ts:67:13)\n    at Module._compile (node:internal/modules/cjs/loader:1376:14)\n    at Module._compile (E:\\New journy\\fundoNotes\\fundooNotes\\node_modules\\source-map-support\\source-map-support.js:568:25)","timestamp":"2024-08-01T06:57:21.961Z","trace":[{"column":15,"file":"E:\\New journy\\fundoNotes\\fundooNotes\\node_modules\\express\\lib\\router\\route.js","function":"Route.<computed> [as post]","line":216,"method":"<computed> [as post]","native":false},{"column":19,"file":"E:\\New journy\\fundoNotes\\fundooNotes\\node_modules\\express\\lib\\router\\index.js","function":"Function.proto.<computed> [as post]","line":521,"method":"<computed> [as post]","native":false},{"column":17,"file":"E:\\New journy\\fundoNotes\\fundooNotes\\src\\routes\\user.route.ts","function":"UserRoutes.routes","line":21,"method":"routes","native":false},{"column":10,"file":"E:\\New journy\\fundoNotes\\fundooNotes\\src\\routes\\user.route.ts","function":"new UserRoutes","line":12,"method":null,"native":false},{"column":12,"file":"E:\\New journy\\fundoNotes\\fundooNotes\\src\\routes\\index.ts","function":"routes","line":17,"method":null,"native":false},{"column":52,"file":"E:\\New journy\\fundoNotes\\fundooNotes\\src\\index.ts","function":"App.initializeRoutes","line":45,"method":"initializeRoutes","native":false},{"column":10,"file":"E:\\New journy\\fundoNotes\\fundooNotes\\src\\index.ts","function":"new App","line":31,"method":null,"native":false},{"column":13,"file":"E:\\New journy\\fundoNotes\\fundooNotes\\src\\index.ts","function":null,"line":67,"method":null,"native":false},{"column":14,"file":"node:internal/modules/cjs/loader","function":"Module._compile","line":1376,"method":"_compile","native":false},{"column":25,"file":"E:\\New journy\\fundoNotes\\fundooNotes\\node_modules\\source-map-support\\source-map-support.js","function":"Module._compile","line":568,"method":"_compile","native":false}]}
error: 
    status - 500 
    message - Error: The argument passed to findOne must be an options object, use findByPk if you wish to pass a single primary key value
    at Function.findOne (E:\New journy\fundoNotes\fundooNotes\node_modules\sequelize\src\model.js:1972:13)
    at UserService.<anonymous> (E:\New journy\fundoNotes\fundooNotes\src\services\user.service.ts:37:34)
    at Generator.next (<anonymous>)
    at E:\New journy\fundoNotes\fundooNotes\src\services\user.service.ts:31:71
    at new Promise (<anonymous>)
    at __awaiter (E:\New journy\fundoNotes\fundooNotes\src\services\user.service.ts:27:12)
    at UserService.login (E:\New journy\fundoNotes\fundooNotes\src\services\user.service.ts:36:43)
    at UserController.<anonymous> (E:\New journy\fundoNotes\fundooNotes\src\controllers\user.controller.ts:45:43)
    at Generator.next (<anonymous>)
    at E:\New journy\fundoNotes\fundooNotes\src\controllers\user.controller.ts:8:71 
    url - /api/v1/users/login 
    method - POST 
    IP - ::1
   {"timestamp":"2024-08-01T07:11:30.666Z"}
error: 
    status - 500 
    message - SequelizeValidationError: notNull Violation: user.firstName cannot be null,
notNull Violation: user.lastName cannot be null,
notNull Violation: user.mobile cannot be null,
notNull Violation: user.gender cannot be null,
notNull Violation: user.dob cannot be null
    at InstanceValidator._validate (E:\New journy\fundoNotes\fundooNotes\node_modules\sequelize\src\instance-validator.js:78:13)
    at processTicksAndRejections (node:internal/process/task_queues:95:5)
    at InstanceValidator._validateAndRunHooks (E:\New journy\fundoNotes\fundooNotes\node_modules\sequelize\src\instance-validator.js:111:7)
    at InstanceValidator.validate (E:\New journy\fundoNotes\fundooNotes\node_modules\sequelize\src\instance-validator.js:93:12)
    at User.save (E:\New journy\fundoNotes\fundooNotes\node_modules\sequelize\src\model.js:4077:7)
    at Function.create (E:\New journy\fundoNotes\fundooNotes\node_modules\sequelize\src\model.js:2305:12) 
    url - /api/v1/users/register 
    method - POST 
    IP - ::1
   {"timestamp":"2024-08-01T07:38:39.325Z"}
error: uncaughtException: user_service_1.default is not a constructor
TypeError: user_service_1.default is not a constructor
    at new UserController (E:\New journy\fundoNotes\fundooNotes\src\controllers\user.controller.ts:8:24)
    at new UserRoutes (E:\New journy\fundoNotes\fundooNotes\src\routes\user.route.ts:7:28)
    at routes (E:\New journy\fundoNotes\fundooNotes\src\routes\index.ts:15:24)
    at App.initializeRoutes (E:\New journy\fundoNotes\fundooNotes\src\index.ts:45:52)
    at new App (E:\New journy\fundoNotes\fundooNotes\src\index.ts:31:10)
    at Object.<anonymous> (E:\New journy\fundoNotes\fundooNotes\src\index.ts:67:13)
    at Module._compile (node:internal/modules/cjs/loader:1376:14)
    at Module._compile (E:\New journy\fundoNotes\fundooNotes\node_modules\source-map-support\source-map-support.js:568:25)
    at Module.m._compile (C:\Users\hp\AppData\Local\Temp\ts-node-dev-hook-8773496859505232.js:69:33)
    at Module._extensions..js (node:internal/modules/cjs/loader:1435:10) {"date":"Fri Aug 02 2024 11:16:19 GMT+0530 (India Standard Time)","error":{},"exception":true,"os":{"loadavg":[0,0,0],"uptime":73678.375},"process":{"argv":["C:\\Program Files\\nodejs\\node.exe","./src/index.ts"],"cwd":"E:\\New journy\\fundoNotes\\fundooNotes","execPath":"C:\\Program Files\\nodejs\\node.exe","gid":null,"memoryUsage":{"arrayBuffers":80679,"external":2279508,"heapTotal":30236672,"heapUsed":15326048,"rss":53633024},"pid":12236,"uid":null,"version":"v20.10.0"},"stack":"TypeError: user_service_1.default is not a constructor\n    at new UserController (E:\\New journy\\fundoNotes\\fundooNotes\\src\\controllers\\user.controller.ts:8:24)\n    at new UserRoutes (E:\\New journy\\fundoNotes\\fundooNotes\\src\\routes\\user.route.ts:7:28)\n    at routes (E:\\New journy\\fundoNotes\\fundooNotes\\src\\routes\\index.ts:15:24)\n    at App.initializeRoutes (E:\\New journy\\fundoNotes\\fundooNotes\\src\\index.ts:45:52)\n    at new App (E:\\New journy\\fundoNotes\\fundooNotes\\src\\index.ts:31:10)\n    at Object.<anonymous> (E:\\New journy\\fundoNotes\\fundooNotes\\src\\index.ts:67:13)\n    at Module._compile (node:internal/modules/cjs/loader:1376:14)\n    at Module._compile (E:\\New journy\\fundoNotes\\fundooNotes\\node_modules\\source-map-support\\source-map-support.js:568:25)\n    at Module.m._compile (C:\\Users\\hp\\AppData\\Local\\Temp\\ts-node-dev-hook-8773496859505232.js:69:33)\n    at Module._extensions..js (node:internal/modules/cjs/loader:1435:10)","timestamp":"2024-08-02T05:46:19.659Z","trace":[{"column":24,"file":"E:\\New journy\\fundoNotes\\fundooNotes\\src\\controllers\\user.controller.ts","function":"new UserController","line":8,"method":null,"native":false},{"column":28,"file":"E:\\New journy\\fundoNotes\\fundooNotes\\src\\routes\\user.route.ts","function":"new UserRoutes","line":7,"method":null,"native":false},{"column":24,"file":"E:\\New journy\\fundoNotes\\fundooNotes\\src\\routes\\index.ts","function":"routes","line":15,"method":null,"native":false},{"column":52,"file":"E:\\New journy\\fundoNotes\\fundooNotes\\src\\index.ts","function":"App.initializeRoutes","line":45,"method":"initializeRoutes","native":false},{"column":10,"file":"E:\\New journy\\fundoNotes\\fundooNotes\\src\\index.ts","function":"new App","line":31,"method":null,"native":false},{"column":13,"file":"E:\\New journy\\fundoNotes\\fundooNotes\\src\\index.ts","function":null,"line":67,"method":null,"native":false},{"column":14,"file":"node:internal/modules/cjs/loader","function":"Module._compile","line":1376,"method":"_compile","native":false},{"column":25,"file":"E:\\New journy\\fundoNotes\\fundooNotes\\node_modules\\source-map-support\\source-map-support.js","function":"Module._compile","line":568,"method":"_compile","native":false},{"column":33,"file":"C:\\Users\\hp\\AppData\\Local\\Temp\\ts-node-dev-hook-8773496859505232.js","function":"Module.m._compile","line":69,"method":"_compile","native":false},{"column":10,"file":"node:internal/modules/cjs/loader","function":"Module._extensions..js","line":1435,"method":".js","native":false}]}
error: uncaughtException: schema "fundoonotes" does not exist
Error: 
    at Query.run (E:\New journy\fundoNotes\fundooNotes\node_modules\sequelize\src\dialects\postgres\query.js:76:25)
    at E:\New journy\fundoNotes\fundooNotes\node_modules\sequelize\src\sequelize.js:650:28
    at processTicksAndRejections (node:internal/process/task_queues:95:5)
    at PostgresQueryInterface.createTable (E:\New journy\fundoNotes\fundooNotes\node_modules\sequelize\src\dialects\abstract\query-interface.js:229:12)
    at Function.sync (E:\New journy\fundoNotes\fundooNotes\node_modules\sequelize\src\model.js:1353:7)
    at Sequelize.sync (E:\New journy\fundoNotes\fundooNotes\node_modules\sequelize\src\sequelize.js:825:9) {"date":"Mon Aug 05 2024 15:04:24 GMT+0530 (India Standard Time)","error":{"name":"SequelizeDatabaseError","original":{"code":"3F000","file":"namespace.c","length":105,"line":"3095","name":"error","position":"28","routine":"get_namespace_oid","severity":"ERROR","sql":"CREATE TABLE IF NOT EXISTS \"fundoonotes\".\"notes\" (\"id\"   SERIAL , \"title\" VARCHAR(255), \"description\" VARCHAR(255), \"color\" VARCHAR(255) DEFAULT 'white', \"archive\" BOOLEAN DEFAULT false, \"trash\" BOOLEAN DEFAULT false, \"createdBy\" NUMBER NOT NULL, \"createdAt\" TIMESTAMP WITH TIME ZONE NOT NULL, \"updatedAt\" TIMESTAMP WITH TIME ZONE NOT NULL, PRIMARY KEY (\"id\"));"},"parameters":{},"parent":{"code":"3F000","file":"namespace.c","length":105,"line":"3095","name":"error","position":"28","routine":"get_namespace_oid","severity":"ERROR","sql":"CREATE TABLE IF NOT EXISTS \"fundoonotes\".\"notes\" (\"id\"   SERIAL , \"title\" VARCHAR(255), \"description\" VARCHAR(255), \"color\" VARCHAR(255) DEFAULT 'white', \"archive\" BOOLEAN DEFAULT false, \"trash\" BOOLEAN DEFAULT false, \"createdBy\" NUMBER NOT NULL, \"createdAt\" TIMESTAMP WITH TIME ZONE NOT NULL, \"updatedAt\" TIMESTAMP WITH TIME ZONE NOT NULL, PRIMARY KEY (\"id\"));"},"sql":"CREATE TABLE IF NOT EXISTS \"fundoonotes\".\"notes\" (\"id\"   SERIAL , \"title\" VARCHAR(255), \"description\" VARCHAR(255), \"color\" VARCHAR(255) DEFAULT 'white', \"archive\" BOOLEAN DEFAULT false, \"trash\" BOOLEAN DEFAULT false, \"createdBy\" NUMBER NOT NULL, \"createdAt\" TIMESTAMP WITH TIME ZONE NOT NULL, \"updatedAt\" TIMESTAMP WITH TIME ZONE NOT NULL, PRIMARY KEY (\"id\"));"},"exception":true,"os":{"loadavg":[0,0,0],"uptime":259412.437},"process":{"argv":["C:\\Program Files\\nodejs\\node.exe","./src/index.ts"],"cwd":"E:\\New journy\\fundoNotes\\fundooNotes","execPath":"C:\\Program Files\\nodejs\\node.exe","gid":null,"memoryUsage":{"arrayBuffers":74132,"external":2433910,"heapTotal":57118720,"heapUsed":36245976,"rss":78430208},"pid":7676,"uid":null,"version":"v20.10.0"},"stack":"Error: \n    at Query.run (E:\\New journy\\fundoNotes\\fundooNotes\\node_modules\\sequelize\\src\\dialects\\postgres\\query.js:76:25)\n    at E:\\New journy\\fundoNotes\\fundooNotes\\node_modules\\sequelize\\src\\sequelize.js:650:28\n    at processTicksAndRejections (node:internal/process/task_queues:95:5)\n    at PostgresQueryInterface.createTable (E:\\New journy\\fundoNotes\\fundooNotes\\node_modules\\sequelize\\src\\dialects\\abstract\\query-interface.js:229:12)\n    at Function.sync (E:\\New journy\\fundoNotes\\fundooNotes\\node_modules\\sequelize\\src\\model.js:1353:7)\n    at Sequelize.sync (E:\\New journy\\fundoNotes\\fundooNotes\\node_modules\\sequelize\\src\\sequelize.js:825:9)","timestamp":"2024-08-05T09:34:24.729Z","trace":[{"column":25,"file":"E:\\New journy\\fundoNotes\\fundooNotes\\node_modules\\sequelize\\src\\dialects\\postgres\\query.js","function":"Query.run","line":76,"method":"run","native":false},{"column":28,"file":"E:\\New journy\\fundoNotes\\fundooNotes\\node_modules\\sequelize\\src\\sequelize.js","function":null,"line":650,"method":null,"native":false},{"column":5,"file":"node:internal/process/task_queues","function":"processTicksAndRejections","line":95,"method":null,"native":false},{"column":12,"file":"E:\\New journy\\fundoNotes\\fundooNotes\\node_modules\\sequelize\\src\\dialects\\abstract\\query-interface.js","function":"PostgresQueryInterface.createTable","line":229,"method":"createTable","native":false},{"column":7,"file":"E:\\New journy\\fundoNotes\\fundooNotes\\node_modules\\sequelize\\src\\model.js","function":"Function.sync","line":1353,"method":"sync","native":false},{"column":9,"file":"E:\\New journy\\fundoNotes\\fundooNotes\\node_modules\\sequelize\\src\\sequelize.js","function":"Sequelize.sync","line":825,"method":"sync","native":false}]}
error: uncaughtException: type "number" does not exist
Error: 
    at Query.run (E:\New journy\fundoNotes\fundooNotes\node_modules\sequelize\src\dialects\postgres\query.js:76:25)
    at E:\New journy\fundoNotes\fundooNotes\node_modules\sequelize\src\sequelize.js:650:28
    at processTicksAndRejections (node:internal/process/task_queues:95:5)
    at PostgresQueryInterface.createTable (E:\New journy\fundoNotes\fundooNotes\node_modules\sequelize\src\dialects\abstract\query-interface.js:229:12)
    at Function.sync (E:\New journy\fundoNotes\fundooNotes\node_modules\sequelize\src\model.js:1353:7)
    at Sequelize.sync (E:\New journy\fundoNotes\fundooNotes\node_modules\sequelize\src\sequelize.js:825:9) {"date":"Mon Aug 05 2024 15:05:35 GMT+0530 (India Standard Time)","error":{"name":"SequelizeDatabaseError","original":{"code":"42704","file":"parse_type.c","length":94,"line":"274","name":"error","position":"217","routine":"typenameType","severity":"ERROR","sql":"CREATE TABLE IF NOT EXISTS \"notes\" (\"id\"   SERIAL , \"title\" VARCHAR(255), \"description\" VARCHAR(255), \"color\" VARCHAR(255) DEFAULT 'white', \"archive\" BOOLEAN DEFAULT false, \"trash\" BOOLEAN DEFAULT false, \"createdBy\" NUMBER NOT NULL, PRIMARY KEY (\"id\"));"},"parameters":{},"parent":{"code":"42704","file":"parse_type.c","length":94,"line":"274","name":"error","position":"217","routine":"typenameType","severity":"ERROR","sql":"CREATE TABLE IF NOT EXISTS \"notes\" (\"id\"   SERIAL , \"title\" VARCHAR(255), \"description\" VARCHAR(255), \"color\" VARCHAR(255) DEFAULT 'white', \"archive\" BOOLEAN DEFAULT false, \"trash\" BOOLEAN DEFAULT false, \"createdBy\" NUMBER NOT NULL, PRIMARY KEY (\"id\"));"},"sql":"CREATE TABLE IF NOT EXISTS \"notes\" (\"id\"   SERIAL , \"title\" VARCHAR(255), \"description\" VARCHAR(255), \"color\" VARCHAR(255) DEFAULT 'white', \"archive\" BOOLEAN DEFAULT false, \"trash\" BOOLEAN DEFAULT false, \"createdBy\" NUMBER NOT NULL, PRIMARY KEY (\"id\"));"},"exception":true,"os":{"loadavg":[0,0,0],"uptime":259483.203},"process":{"argv":["C:\\Program Files\\nodejs\\node.exe","./src/index.ts"],"cwd":"E:\\New journy\\fundoNotes\\fundooNotes","execPath":"C:\\Program Files\\nodejs\\node.exe","gid":null,"memoryUsage":{"arrayBuffers":74114,"external":2433899,"heapTotal":57118720,"heapUsed":35230072,"rss":77168640},"pid":8380,"uid":null,"version":"v20.10.0"},"stack":"Error: \n    at Query.run (E:\\New journy\\fundoNotes\\fundooNotes\\node_modules\\sequelize\\src\\dialects\\postgres\\query.js:76:25)\n    at E:\\New journy\\fundoNotes\\fundooNotes\\node_modules\\sequelize\\src\\sequelize.js:650:28\n    at processTicksAndRejections (node:internal/process/task_queues:95:5)\n    at PostgresQueryInterface.createTable (E:\\New journy\\fundoNotes\\fundooNotes\\node_modules\\sequelize\\src\\dialects\\abstract\\query-interface.js:229:12)\n    at Function.sync (E:\\New journy\\fundoNotes\\fundooNotes\\node_modules\\sequelize\\src\\model.js:1353:7)\n    at Sequelize.sync (E:\\New journy\\fundoNotes\\fundooNotes\\node_modules\\sequelize\\src\\sequelize.js:825:9)","timestamp":"2024-08-05T09:35:35.493Z","trace":[{"column":25,"file":"E:\\New journy\\fundoNotes\\fundooNotes\\node_modules\\sequelize\\src\\dialects\\postgres\\query.js","function":"Query.run","line":76,"method":"run","native":false},{"column":28,"file":"E:\\New journy\\fundoNotes\\fundooNotes\\node_modules\\sequelize\\src\\sequelize.js","function":null,"line":650,"method":null,"native":false},{"column":5,"file":"node:internal/process/task_queues","function":"processTicksAndRejections","line":95,"method":null,"native":false},{"column":12,"file":"E:\\New journy\\fundoNotes\\fundooNotes\\node_modules\\sequelize\\src\\dialects\\abstract\\query-interface.js","function":"PostgresQueryInterface.createTable","line":229,"method":"createTable","native":false},{"column":7,"file":"E:\\New journy\\fundoNotes\\fundooNotes\\node_modules\\sequelize\\src\\model.js","function":"Function.sync","line":1353,"method":"sync","native":false},{"column":9,"file":"E:\\New journy\\fundoNotes\\fundooNotes\\node_modules\\sequelize\\src\\sequelize.js","function":"Sequelize.sync","line":825,"method":"sync","native":false}]}
error: uncaughtException:  Unable to compile TypeScript:
[96msrc/models/notes.ts[0m:[93m38[0m:[93m33[0m - [91merror[0m[90m TS1003: [0mIdentifier expected.

[7m38[0m                 type: DataTypes.,
[7m  [0m [91m                                ~[0m

Error:  Unable to compile TypeScript:
[96msrc/models/notes.ts[0m:[93m38[0m:[93m33[0m - [91merror[0m[90m TS1003: [0mIdentifier expected.

[7m38[0m                 type: DataTypes.,
[7m  [0m [91m                                ~[0m

    at Object.<anonymous> (E:\New journy\fundoNotes\fundooNotes\src\models\notes.ts:1:7)
    at Module._compile (node:internal/modules/cjs/loader:1376:14)
    at Module._compile (E:\New journy\fundoNotes\fundooNotes\node_modules\source-map-support\source-map-support.js:568:25)
    at Module.m._compile (C:\Users\hp\AppData\Local\Temp\ts-node-dev-hook-836394778331486.js:69:33)
    at Module._extensions..js (node:internal/modules/cjs/loader:1435:10)
    at require.extensions..jsx.require.extensions..js (C:\Users\hp\AppData\Local\Temp\ts-node-dev-hook-836394778331486.js:114:20)
    at require.extensions.<computed> (C:\Users\hp\AppData\Local\Temp\ts-node-dev-hook-836394778331486.js:71:20)
    at Object.nodeDevHook [as .ts] (E:\New journy\fundoNotes\fundooNotes\node_modules\ts-node-dev\lib\hook.js:63:13)
    at Module.load (node:internal/modules/cjs/loader:1207:32)
    at Function.Module._load (node:internal/modules/cjs/loader:1023:12) {"date":"Mon Aug 05 2024 15:07:06 GMT+0530 (India Standard Time)","error":{},"exception":true,"os":{"loadavg":[0,0,0],"uptime":259574.453},"process":{"argv":["C:\\Program Files\\nodejs\\node.exe","./src/index.ts"],"cwd":"E:\\New journy\\fundoNotes\\fundooNotes","execPath":"C:\\Program Files\\nodejs\\node.exe","gid":null,"memoryUsage":{"arrayBuffers":118190,"external":2342444,"heapTotal":53067776,"heapUsed":28013784,"rss":70328320},"pid":9076,"uid":null,"version":"v20.10.0"},"stack":"Error:  Unable to compile TypeScript:\n\u001b[96msrc/models/notes.ts\u001b[0m:\u001b[93m38\u001b[0m:\u001b[93m33\u001b[0m - \u001b[91merror\u001b[0m\u001b[90m TS1003: \u001b[0mIdentifier expected.\r\n\r\n\u001b[7m38\u001b[0m                 type: DataTypes.,\r\n\u001b[7m  \u001b[0m \u001b[91m                                ~\u001b[0m\r\n\n    at Object.<anonymous> (E:\\New journy\\fundoNotes\\fundooNotes\\src\\models\\notes.ts:1:7)\n    at Module._compile (node:internal/modules/cjs/loader:1376:14)\n    at Module._compile (E:\\New journy\\fundoNotes\\fundooNotes\\node_modules\\source-map-support\\source-map-support.js:568:25)\n    at Module.m._compile (C:\\Users\\hp\\AppData\\Local\\Temp\\ts-node-dev-hook-836394778331486.js:69:33)\n    at Module._extensions..js (node:internal/modules/cjs/loader:1435:10)\n    at require.extensions..jsx.require.extensions..js (C:\\Users\\hp\\AppData\\Local\\Temp\\ts-node-dev-hook-836394778331486.js:114:20)\n    at require.extensions.<computed> (C:\\Users\\hp\\AppData\\Local\\Temp\\ts-node-dev-hook-836394778331486.js:71:20)\n    at Object.nodeDevHook [as .ts] (E:\\New journy\\fundoNotes\\fundooNotes\\node_modules\\ts-node-dev\\lib\\hook.js:63:13)\n    at Module.load (node:internal/modules/cjs/loader:1207:32)\n    at Function.Module._load (node:internal/modules/cjs/loader:1023:12)","timestamp":"2024-08-05T09:37:06.744Z","trace":[{"column":7,"file":"E:\\New journy\\fundoNotes\\fundooNotes\\src\\models\\notes.ts","function":null,"line":1,"method":null,"native":false},{"column":14,"file":"node:internal/modules/cjs/loader","function":"Module._compile","line":1376,"method":"_compile","native":false},{"column":25,"file":"E:\\New journy\\fundoNotes\\fundooNotes\\node_modules\\source-map-support\\source-map-support.js","function":"Module._compile","line":568,"method":"_compile","native":false},{"column":33,"file":"C:\\Users\\hp\\AppData\\Local\\Temp\\ts-node-dev-hook-836394778331486.js","function":"Module.m._compile","line":69,"method":"_compile","native":false},{"column":10,"file":"node:internal/modules/cjs/loader","function":"Module._extensions..js","line":1435,"method":".js","native":false},{"column":20,"file":"C:\\Users\\hp\\AppData\\Local\\Temp\\ts-node-dev-hook-836394778331486.js","function":"require.extensions..jsx.require.extensions..js","line":114,"method":".js","native":false},{"column":20,"file":"C:\\Users\\hp\\AppData\\Local\\Temp\\ts-node-dev-hook-836394778331486.js","function":"require.extensions.<computed>","line":71,"method":"<computed>","native":false},{"column":13,"file":"E:\\New journy\\fundoNotes\\fundooNotes\\node_modules\\ts-node-dev\\lib\\hook.js","function":"Object.nodeDevHook [as .ts]","line":63,"method":"ts]","native":false},{"column":32,"file":"node:internal/modules/cjs/loader","function":"Module.load","line":1207,"method":"load","native":false},{"column":12,"file":"node:internal/modules/cjs/loader","function":"Module._load","line":1023,"method":"_load","native":false}]}
error: uncaughtException: Unrecognized datatype for attribute "notes.createdBy"
Error: Unrecognized datatype for attribute "notes.createdBy"
    at E:\New journy\fundoNotes\fundooNotes\node_modules\sequelize\src\model.js:1046:15
    at E:\New journy\fundoNotes\fundooNotes\node_modules\lodash\lodash.js:13469:38
    at E:\New journy\fundoNotes\fundooNotes\node_modules\lodash\lodash.js:4967:15
    at baseForOwn (E:\New journy\fundoNotes\fundooNotes\node_modules\lodash\lodash.js:3032:24)
    at Function.mapValues (E:\New journy\fundoNotes\fundooNotes\node_modules\lodash\lodash.js:13468:7)
    at Function.init (E:\New journy\fundoNotes\fundooNotes\node_modules\sequelize\src\model.js:1042:28)
    at exports.default (E:\New journy\fundoNotes\fundooNotes\src\models\notes.ts:15:11)
    at new NotesService (E:\New journy\fundoNotes\fundooNotes\src\services\notes.service.ts:9:26)
    at new NotesController (E:\New journy\fundoNotes\fundooNotes\src\controllers\notes.controller.ts:9:26)
    at new NoteRoutes (E:\New journy\fundoNotes\fundooNotes\src\routes\note.route.ts:7:31) {"date":"Mon Aug 05 2024 15:07:12 GMT+0530 (India Standard Time)","error":{},"exception":true,"os":{"loadavg":[0,0,0],"uptime":259580.437},"process":{"argv":["C:\\Program Files\\nodejs\\node.exe","./src/index.ts"],"cwd":"E:\\New journy\\fundoNotes\\fundooNotes","execPath":"C:\\Program Files\\nodejs\\node.exe","gid":null,"memoryUsage":{"arrayBuffers":143761,"external":2366038,"heapTotal":54222848,"heapUsed":33030904,"rss":75231232},"pid":3564,"uid":null,"version":"v20.10.0"},"stack":"Error: Unrecognized datatype for attribute \"notes.createdBy\"\n    at E:\\New journy\\fundoNotes\\fundooNotes\\node_modules\\sequelize\\src\\model.js:1046:15\n    at E:\\New journy\\fundoNotes\\fundooNotes\\node_modules\\lodash\\lodash.js:13469:38\n    at E:\\New journy\\fundoNotes\\fundooNotes\\node_modules\\lodash\\lodash.js:4967:15\n    at baseForOwn (E:\\New journy\\fundoNotes\\fundooNotes\\node_modules\\lodash\\lodash.js:3032:24)\n    at Function.mapValues (E:\\New journy\\fundoNotes\\fundooNotes\\node_modules\\lodash\\lodash.js:13468:7)\n    at Function.init (E:\\New journy\\fundoNotes\\fundooNotes\\node_modules\\sequelize\\src\\model.js:1042:28)\n    at exports.default (E:\\New journy\\fundoNotes\\fundooNotes\\src\\models\\notes.ts:15:11)\n    at new NotesService (E:\\New journy\\fundoNotes\\fundooNotes\\src\\services\\notes.service.ts:9:26)\n    at new NotesController (E:\\New journy\\fundoNotes\\fundooNotes\\src\\controllers\\notes.controller.ts:9:26)\n    at new NoteRoutes (E:\\New journy\\fundoNotes\\fundooNotes\\src\\routes\\note.route.ts:7:31)","timestamp":"2024-08-05T09:37:12.732Z","trace":[{"column":15,"file":"E:\\New journy\\fundoNotes\\fundooNotes\\node_modules\\sequelize\\src\\model.js","function":null,"line":1046,"method":null,"native":false},{"column":38,"file":"E:\\New journy\\fundoNotes\\fundooNotes\\node_modules\\lodash\\lodash.js","function":null,"line":13469,"method":null,"native":false},{"column":15,"file":"E:\\New journy\\fundoNotes\\fundooNotes\\node_modules\\lodash\\lodash.js","function":null,"line":4967,"method":null,"native":false},{"column":24,"file":"E:\\New journy\\fundoNotes\\fundooNotes\\node_modules\\lodash\\lodash.js","function":"baseForOwn","line":3032,"method":null,"native":false},{"column":7,"file":"E:\\New journy\\fundoNotes\\fundooNotes\\node_modules\\lodash\\lodash.js","function":"Function.mapValues","line":13468,"method":"mapValues","native":false},{"column":28,"file":"E:\\New journy\\fundoNotes\\fundooNotes\\node_modules\\sequelize\\src\\model.js","function":"Function.init","line":1042,"method":"init","native":false},{"column":11,"file":"E:\\New journy\\fundoNotes\\fundooNotes\\src\\models\\notes.ts","function":"exports.default","line":15,"method":"default","native":false},{"column":26,"file":"E:\\New journy\\fundoNotes\\fundooNotes\\src\\services\\notes.service.ts","function":"new NotesService","line":9,"method":null,"native":false},{"column":26,"file":"E:\\New journy\\fundoNotes\\fundooNotes\\src\\controllers\\notes.controller.ts","function":"new NotesController","line":9,"method":null,"native":false},{"column":31,"file":"E:\\New journy\\fundoNotes\\fundooNotes\\src\\routes\\note.route.ts","function":"new NoteRoutes","line":7,"method":null,"native":false}]}
error: uncaughtException: Unrecognized datatype for attribute "notes.createdBy"
Error: Unrecognized datatype for attribute "notes.createdBy"
    at E:\New journy\fundoNotes\fundooNotes\node_modules\sequelize\src\model.js:1046:15
    at E:\New journy\fundoNotes\fundooNotes\node_modules\lodash\lodash.js:13469:38
    at E:\New journy\fundoNotes\fundooNotes\node_modules\lodash\lodash.js:4967:15
    at baseForOwn (E:\New journy\fundoNotes\fundooNotes\node_modules\lodash\lodash.js:3032:24)
    at Function.mapValues (E:\New journy\fundoNotes\fundooNotes\node_modules\lodash\lodash.js:13468:7)
    at Function.init (E:\New journy\fundoNotes\fundooNotes\node_modules\sequelize\src\model.js:1042:28)
    at exports.default (E:\New journy\fundoNotes\fundooNotes\src\models\notes.ts:15:11)
    at new NotesService (E:\New journy\fundoNotes\fundooNotes\src\services\notes.service.ts:9:26)
    at new NotesController (E:\New journy\fundoNotes\fundooNotes\src\controllers\notes.controller.ts:9:26)
    at new NoteRoutes (E:\New journy\fundoNotes\fundooNotes\src\routes\note.route.ts:7:31) {"date":"Mon Aug 05 2024 15:07:16 GMT+0530 (India Standard Time)","error":{},"exception":true,"os":{"loadavg":[0,0,0],"uptime":259584.703},"process":{"argv":["C:\\Program Files\\nodejs\\node.exe","./src/index.ts"],"cwd":"E:\\New journy\\fundoNotes\\fundooNotes","execPath":"C:\\Program Files\\nodejs\\node.exe","gid":null,"memoryUsage":{"arrayBuffers":143761,"external":2366038,"heapTotal":54484992,"heapUsed":31225416,"rss":73314304},"pid":3728,"uid":null,"version":"v20.10.0"},"stack":"Error: Unrecognized datatype for attribute \"notes.createdBy\"\n    at E:\\New journy\\fundoNotes\\fundooNotes\\node_modules\\sequelize\\src\\model.js:1046:15\n    at E:\\New journy\\fundoNotes\\fundooNotes\\node_modules\\lodash\\lodash.js:13469:38\n    at E:\\New journy\\fundoNotes\\fundooNotes\\node_modules\\lodash\\lodash.js:4967:15\n    at baseForOwn (E:\\New journy\\fundoNotes\\fundooNotes\\node_modules\\lodash\\lodash.js:3032:24)\n    at Function.mapValues (E:\\New journy\\fundoNotes\\fundooNotes\\node_modules\\lodash\\lodash.js:13468:7)\n    at Function.init (E:\\New journy\\fundoNotes\\fundooNotes\\node_modules\\sequelize\\src\\model.js:1042:28)\n    at exports.default (E:\\New journy\\fundoNotes\\fundooNotes\\src\\models\\notes.ts:15:11)\n    at new NotesService (E:\\New journy\\fundoNotes\\fundooNotes\\src\\services\\notes.service.ts:9:26)\n    at new NotesController (E:\\New journy\\fundoNotes\\fundooNotes\\src\\controllers\\notes.controller.ts:9:26)\n    at new NoteRoutes (E:\\New journy\\fundoNotes\\fundooNotes\\src\\routes\\note.route.ts:7:31)","timestamp":"2024-08-05T09:37:16.988Z","trace":[{"column":15,"file":"E:\\New journy\\fundoNotes\\fundooNotes\\node_modules\\sequelize\\src\\model.js","function":null,"line":1046,"method":null,"native":false},{"column":38,"file":"E:\\New journy\\fundoNotes\\fundooNotes\\node_modules\\lodash\\lodash.js","function":null,"line":13469,"method":null,"native":false},{"column":15,"file":"E:\\New journy\\fundoNotes\\fundooNotes\\node_modules\\lodash\\lodash.js","function":null,"line":4967,"method":null,"native":false},{"column":24,"file":"E:\\New journy\\fundoNotes\\fundooNotes\\node_modules\\lodash\\lodash.js","function":"baseForOwn","line":3032,"method":null,"native":false},{"column":7,"file":"E:\\New journy\\fundoNotes\\fundooNotes\\node_modules\\lodash\\lodash.js","function":"Function.mapValues","line":13468,"method":"mapValues","native":false},{"column":28,"file":"E:\\New journy\\fundoNotes\\fundooNotes\\node_modules\\sequelize\\src\\model.js","function":"Function.init","line":1042,"method":"init","native":false},{"column":11,"file":"E:\\New journy\\fundoNotes\\fundooNotes\\src\\models\\notes.ts","function":"exports.default","line":15,"method":"default","native":false},{"column":26,"file":"E:\\New journy\\fundoNotes\\fundooNotes\\src\\services\\notes.service.ts","function":"new NotesService","line":9,"method":null,"native":false},{"column":26,"file":"E:\\New journy\\fundoNotes\\fundooNotes\\src\\controllers\\notes.controller.ts","function":"new NotesController","line":9,"method":null,"native":false},{"column":31,"file":"E:\\New journy\\fundoNotes\\fundooNotes\\src\\routes\\note.route.ts","function":"new NoteRoutes","line":7,"method":null,"native":false}]}
error: uncaughtException: Unrecognized datatype for attribute "notes.createdBy"
Error: Unrecognized datatype for attribute "notes.createdBy"
    at E:\New journy\fundoNotes\fundooNotes\node_modules\sequelize\src\model.js:1046:15
    at E:\New journy\fundoNotes\fundooNotes\node_modules\lodash\lodash.js:13469:38
    at E:\New journy\fundoNotes\fundooNotes\node_modules\lodash\lodash.js:4967:15
    at baseForOwn (E:\New journy\fundoNotes\fundooNotes\node_modules\lodash\lodash.js:3032:24)
    at Function.mapValues (E:\New journy\fundoNotes\fundooNotes\node_modules\lodash\lodash.js:13468:7)
    at Function.init (E:\New journy\fundoNotes\fundooNotes\node_modules\sequelize\src\model.js:1042:28)
    at exports.default (E:\New journy\fundoNotes\fundooNotes\src\models\notes.ts:15:11)
    at new NotesService (E:\New journy\fundoNotes\fundooNotes\src\services\notes.service.ts:9:26)
    at new NotesController (E:\New journy\fundoNotes\fundooNotes\src\controllers\notes.controller.ts:9:26)
    at new NoteRoutes (E:\New journy\fundoNotes\fundooNotes\src\routes\note.route.ts:7:31) {"date":"Mon Aug 05 2024 15:07:22 GMT+0530 (India Standard Time)","error":{},"exception":true,"os":{"loadavg":[0,0,0],"uptime":259590.359},"process":{"argv":["C:\\Program Files\\nodejs\\node.exe","./src/index.ts"],"cwd":"E:\\New journy\\fundoNotes\\fundooNotes","execPath":"C:\\Program Files\\nodejs\\node.exe","gid":null,"memoryUsage":{"arrayBuffers":143761,"external":2366038,"heapTotal":54484992,"heapUsed":32547808,"rss":75423744},"pid":9608,"uid":null,"version":"v20.10.0"},"stack":"Error: Unrecognized datatype for attribute \"notes.createdBy\"\n    at E:\\New journy\\fundoNotes\\fundooNotes\\node_modules\\sequelize\\src\\model.js:1046:15\n    at E:\\New journy\\fundoNotes\\fundooNotes\\node_modules\\lodash\\lodash.js:13469:38\n    at E:\\New journy\\fundoNotes\\fundooNotes\\node_modules\\lodash\\lodash.js:4967:15\n    at baseForOwn (E:\\New journy\\fundoNotes\\fundooNotes\\node_modules\\lodash\\lodash.js:3032:24)\n    at Function.mapValues (E:\\New journy\\fundoNotes\\fundooNotes\\node_modules\\lodash\\lodash.js:13468:7)\n    at Function.init (E:\\New journy\\fundoNotes\\fundooNotes\\node_modules\\sequelize\\src\\model.js:1042:28)\n    at exports.default (E:\\New journy\\fundoNotes\\fundooNotes\\src\\models\\notes.ts:15:11)\n    at new NotesService (E:\\New journy\\fundoNotes\\fundooNotes\\src\\services\\notes.service.ts:9:26)\n    at new NotesController (E:\\New journy\\fundoNotes\\fundooNotes\\src\\controllers\\notes.controller.ts:9:26)\n    at new NoteRoutes (E:\\New journy\\fundoNotes\\fundooNotes\\src\\routes\\note.route.ts:7:31)","timestamp":"2024-08-05T09:37:22.650Z","trace":[{"column":15,"file":"E:\\New journy\\fundoNotes\\fundooNotes\\node_modules\\sequelize\\src\\model.js","function":null,"line":1046,"method":null,"native":false},{"column":38,"file":"E:\\New journy\\fundoNotes\\fundooNotes\\node_modules\\lodash\\lodash.js","function":null,"line":13469,"method":null,"native":false},{"column":15,"file":"E:\\New journy\\fundoNotes\\fundooNotes\\node_modules\\lodash\\lodash.js","function":null,"line":4967,"method":null,"native":false},{"column":24,"file":"E:\\New journy\\fundoNotes\\fundooNotes\\node_modules\\lodash\\lodash.js","function":"baseForOwn","line":3032,"method":null,"native":false},{"column":7,"file":"E:\\New journy\\fundoNotes\\fundooNotes\\node_modules\\lodash\\lodash.js","function":"Function.mapValues","line":13468,"method":"mapValues","native":false},{"column":28,"file":"E:\\New journy\\fundoNotes\\fundooNotes\\node_modules\\sequelize\\src\\model.js","function":"Function.init","line":1042,"method":"init","native":false},{"column":11,"file":"E:\\New journy\\fundoNotes\\fundooNotes\\src\\models\\notes.ts","function":"exports.default","line":15,"method":"default","native":false},{"column":26,"file":"E:\\New journy\\fundoNotes\\fundooNotes\\src\\services\\notes.service.ts","function":"new NotesService","line":9,"method":null,"native":false},{"column":26,"file":"E:\\New journy\\fundoNotes\\fundooNotes\\src\\controllers\\notes.controller.ts","function":"new NotesController","line":9,"method":null,"native":false},{"column":31,"file":"E:\\New journy\\fundoNotes\\fundooNotes\\src\\routes\\note.route.ts","function":"new NoteRoutes","line":7,"method":null,"native":false}]}
error: 
    status - 500 
    message - JsonWebTokenError: invalid signature
    at E:\New journy\fundoNotes\fundooNotes\node_modules\jsonwebtoken\verify.js:133:19
    at getSecret (E:\New journy\fundoNotes\fundooNotes\node_modules\jsonwebtoken\verify.js:90:14)
    at Object.module.exports [as verify] (E:\New journy\fundoNotes\fundooNotes\node_modules\jsonwebtoken\verify.js:94:10)
    at E:\New journy\fundoNotes\fundooNotes\src\middlewares\auth.middleware.ts:28:37
    at Generator.next (<anonymous>)
    at E:\New journy\fundoNotes\fundooNotes\src\middlewares\auth.middleware.ts:8:71
    at new Promise (<anonymous>)
    at __awaiter (E:\New journy\fundoNotes\fundooNotes\src\middlewares\auth.middleware.ts:4:12)
    at userAuth (E:\New journy\fundoNotes\fundooNotes\src\middlewares\auth.middleware.ts:18:20)
    at Layer.handle [as handle_request] (E:\New journy\fundoNotes\fundooNotes\node_modules\express\lib\router\layer.js:95:5) 
    url - /api/v1/notes/create 
    method - POST 
    IP - ::1
   {"timestamp":"2024-08-05T10:03:01.317Z"}
error: 
    status - 500 
    message - JsonWebTokenError: invalid signature
    at E:\New journy\fundoNotes\fundooNotes\node_modules\jsonwebtoken\verify.js:133:19
    at getSecret (E:\New journy\fundoNotes\fundooNotes\node_modules\jsonwebtoken\verify.js:90:14)
    at Object.module.exports [as verify] (E:\New journy\fundoNotes\fundooNotes\node_modules\jsonwebtoken\verify.js:94:10)
    at E:\New journy\fundoNotes\fundooNotes\src\middlewares\auth.middleware.ts:28:37
    at Generator.next (<anonymous>)
    at E:\New journy\fundoNotes\fundooNotes\src\middlewares\auth.middleware.ts:8:71
    at new Promise (<anonymous>)
    at __awaiter (E:\New journy\fundoNotes\fundooNotes\src\middlewares\auth.middleware.ts:4:12)
    at userAuth (E:\New journy\fundoNotes\fundooNotes\src\middlewares\auth.middleware.ts:18:20)
    at Layer.handle [as handle_request] (E:\New journy\fundoNotes\fundooNotes\node_modules\express\lib\router\layer.js:95:5) 
    url - /api/v1/notes/create 
    method - POST 
    IP - ::1
   {"timestamp":"2024-08-05T10:03:20.488Z"}
error: 
    status - 500 
    message - JsonWebTokenError: invalid signature
    at E:\New journy\fundoNotes\fundooNotes\node_modules\jsonwebtoken\verify.js:133:19
    at getSecret (E:\New journy\fundoNotes\fundooNotes\node_modules\jsonwebtoken\verify.js:90:14)
    at Object.module.exports [as verify] (E:\New journy\fundoNotes\fundooNotes\node_modules\jsonwebtoken\verify.js:94:10)
    at E:\New journy\fundoNotes\fundooNotes\src\middlewares\auth.middleware.ts:28:37
    at Generator.next (<anonymous>)
    at E:\New journy\fundoNotes\fundooNotes\src\middlewares\auth.middleware.ts:8:71
    at new Promise (<anonymous>)
    at __awaiter (E:\New journy\fundoNotes\fundooNotes\src\middlewares\auth.middleware.ts:4:12)
    at userAuth (E:\New journy\fundoNotes\fundooNotes\src\middlewares\auth.middleware.ts:18:20)
    at Layer.handle [as handle_request] (E:\New journy\fundoNotes\fundooNotes\node_modules\express\lib\router\layer.js:95:5) 
    url - /api/v1/notes/create 
    method - POST 
    IP - ::1
   {"timestamp":"2024-08-05T10:19:09.004Z"}
error: uncaughtException:  Unable to compile TypeScript:
[96msrc/middlewares/auth.middleware.ts[0m:[93m15[0m:[93m1[0m - [91merror[0m[90m TS1109: [0mExpression expected.

[7m15[0m export const userAuth = async (
[7m  [0m [91m~~~~~~[0m

Error:  Unable to compile TypeScript:
[96msrc/middlewares/auth.middleware.ts[0m:[93m15[0m:[93m1[0m - [91merror[0m[90m TS1109: [0mExpression expected.

[7m15[0m export const userAuth = async (
[7m  [0m [91m~~~~~~[0m

    at Object.<anonymous> (E:\New journy\fundoNotes\fundooNotes\src\middlewares\auth.middleware.ts:1:7)
    at Module._compile (node:internal/modules/cjs/loader:1376:14)
    at Module._compile (E:\New journy\fundoNotes\fundooNotes\node_modules\source-map-support\source-map-support.js:568:25)
    at Module.m._compile (C:\Users\hp\AppData\Local\Temp\ts-node-dev-hook-836394778331486.js:69:33)
    at Module._extensions..js (node:internal/modules/cjs/loader:1435:10)
    at require.extensions..jsx.require.extensions..js (C:\Users\hp\AppData\Local\Temp\ts-node-dev-hook-836394778331486.js:114:20)
    at require.extensions.<computed> (C:\Users\hp\AppData\Local\Temp\ts-node-dev-hook-836394778331486.js:71:20)
    at Object.nodeDevHook [as .ts] (E:\New journy\fundoNotes\fundooNotes\node_modules\ts-node-dev\lib\hook.js:63:13)
    at Module.load (node:internal/modules/cjs/loader:1207:32)
    at Function.Module._load (node:internal/modules/cjs/loader:1023:12) {"date":"Mon Aug 05 2024 15:53:04 GMT+0530 (India Standard Time)","error":{},"exception":true,"os":{"loadavg":[0,0,0],"uptime":262332},"process":{"argv":["C:\\Program Files\\nodejs\\node.exe","./src/index.ts"],"cwd":"E:\\New journy\\fundoNotes\\fundooNotes","execPath":"C:\\Program Files\\nodejs\\node.exe","gid":null,"memoryUsage":{"arrayBuffers":118560,"external":2342444,"heapTotal":53067776,"heapUsed":27703288,"rss":70246400},"pid":14328,"uid":null,"version":"v20.10.0"},"stack":"Error:  Unable to compile TypeScript:\n\u001b[96msrc/middlewares/auth.middleware.ts\u001b[0m:\u001b[93m15\u001b[0m:\u001b[93m1\u001b[0m - \u001b[91merror\u001b[0m\u001b[90m TS1109: \u001b[0mExpression expected.\r\n\r\n\u001b[7m15\u001b[0m export const userAuth = async (\r\n\u001b[7m  \u001b[0m \u001b[91m~~~~~~\u001b[0m\r\n\n    at Object.<anonymous> (E:\\New journy\\fundoNotes\\fundooNotes\\src\\middlewares\\auth.middleware.ts:1:7)\n    at Module._compile (node:internal/modules/cjs/loader:1376:14)\n    at Module._compile (E:\\New journy\\fundoNotes\\fundooNotes\\node_modules\\source-map-support\\source-map-support.js:568:25)\n    at Module.m._compile (C:\\Users\\hp\\AppData\\Local\\Temp\\ts-node-dev-hook-836394778331486.js:69:33)\n    at Module._extensions..js (node:internal/modules/cjs/loader:1435:10)\n    at require.extensions..jsx.require.extensions..js (C:\\Users\\hp\\AppData\\Local\\Temp\\ts-node-dev-hook-836394778331486.js:114:20)\n    at require.extensions.<computed> (C:\\Users\\hp\\AppData\\Local\\Temp\\ts-node-dev-hook-836394778331486.js:71:20)\n    at Object.nodeDevHook [as .ts] (E:\\New journy\\fundoNotes\\fundooNotes\\node_modules\\ts-node-dev\\lib\\hook.js:63:13)\n    at Module.load (node:internal/modules/cjs/loader:1207:32)\n    at Function.Module._load (node:internal/modules/cjs/loader:1023:12)","timestamp":"2024-08-05T10:23:04.295Z","trace":[{"column":7,"file":"E:\\New journy\\fundoNotes\\fundooNotes\\src\\middlewares\\auth.middleware.ts","function":null,"line":1,"method":null,"native":false},{"column":14,"file":"node:internal/modules/cjs/loader","function":"Module._compile","line":1376,"method":"_compile","native":false},{"column":25,"file":"E:\\New journy\\fundoNotes\\fundooNotes\\node_modules\\source-map-support\\source-map-support.js","function":"Module._compile","line":568,"method":"_compile","native":false},{"column":33,"file":"C:\\Users\\hp\\AppData\\Local\\Temp\\ts-node-dev-hook-836394778331486.js","function":"Module.m._compile","line":69,"method":"_compile","native":false},{"column":10,"file":"node:internal/modules/cjs/loader","function":"Module._extensions..js","line":1435,"method":".js","native":false},{"column":20,"file":"C:\\Users\\hp\\AppData\\Local\\Temp\\ts-node-dev-hook-836394778331486.js","function":"require.extensions..jsx.require.extensions..js","line":114,"method":".js","native":false},{"column":20,"file":"C:\\Users\\hp\\AppData\\Local\\Temp\\ts-node-dev-hook-836394778331486.js","function":"require.extensions.<computed>","line":71,"method":"<computed>","native":false},{"column":13,"file":"E:\\New journy\\fundoNotes\\fundooNotes\\node_modules\\ts-node-dev\\lib\\hook.js","function":"Object.nodeDevHook [as .ts]","line":63,"method":"ts]","native":false},{"column":32,"file":"node:internal/modules/cjs/loader","function":"Module.load","line":1207,"method":"load","native":false},{"column":12,"file":"node:internal/modules/cjs/loader","function":"Module._load","line":1023,"method":"_load","native":false}]}
error: uncaughtException: secreat is not defined
ReferenceError: secreat is not defined
    at Object.<anonymous> (E:\New journy\fundoNotes\fundooNotes\src\middlewares\auth.middleware.ts:7:1)
    at Module._compile (node:internal/modules/cjs/loader:1376:14)
    at Module._compile (E:\New journy\fundoNotes\fundooNotes\node_modules\source-map-support\source-map-support.js:568:25)
    at Module.m._compile (C:\Users\hp\AppData\Local\Temp\ts-node-dev-hook-836394778331486.js:69:33)
    at Module._extensions..js (node:internal/modules/cjs/loader:1435:10)
    at require.extensions..jsx.require.extensions..js (C:\Users\hp\AppData\Local\Temp\ts-node-dev-hook-836394778331486.js:114:20)
    at require.extensions.<computed> (C:\Users\hp\AppData\Local\Temp\ts-node-dev-hook-836394778331486.js:71:20)
    at Object.nodeDevHook [as .ts] (E:\New journy\fundoNotes\fundooNotes\node_modules\ts-node-dev\lib\hook.js:63:13)
    at Module.load (node:internal/modules/cjs/loader:1207:32)
    at Function.Module._load (node:internal/modules/cjs/loader:1023:12) {"date":"Mon Aug 05 2024 15:53:28 GMT+0530 (India Standard Time)","error":{},"exception":true,"os":{"loadavg":[0,0,0],"uptime":262355.875},"process":{"argv":["C:\\Program Files\\nodejs\\node.exe","./src/index.ts"],"cwd":"E:\\New journy\\fundoNotes\\fundooNotes","execPath":"C:\\Program Files\\nodejs\\node.exe","gid":null,"memoryUsage":{"arrayBuffers":118276,"external":2342444,"heapTotal":53329920,"heapUsed":27674904,"rss":70139904},"pid":14916,"uid":null,"version":"v20.10.0"},"stack":"ReferenceError: secreat is not defined\n    at Object.<anonymous> (E:\\New journy\\fundoNotes\\fundooNotes\\src\\middlewares\\auth.middleware.ts:7:1)\n    at Module._compile (node:internal/modules/cjs/loader:1376:14)\n    at Module._compile (E:\\New journy\\fundoNotes\\fundooNotes\\node_modules\\source-map-support\\source-map-support.js:568:25)\n    at Module.m._compile (C:\\Users\\hp\\AppData\\Local\\Temp\\ts-node-dev-hook-836394778331486.js:69:33)\n    at Module._extensions..js (node:internal/modules/cjs/loader:1435:10)\n    at require.extensions..jsx.require.extensions..js (C:\\Users\\hp\\AppData\\Local\\Temp\\ts-node-dev-hook-836394778331486.js:114:20)\n    at require.extensions.<computed> (C:\\Users\\hp\\AppData\\Local\\Temp\\ts-node-dev-hook-836394778331486.js:71:20)\n    at Object.nodeDevHook [as .ts] (E:\\New journy\\fundoNotes\\fundooNotes\\node_modules\\ts-node-dev\\lib\\hook.js:63:13)\n    at Module.load (node:internal/modules/cjs/loader:1207:32)\n    at Function.Module._load (node:internal/modules/cjs/loader:1023:12)","timestamp":"2024-08-05T10:23:28.162Z","trace":[{"column":1,"file":"E:\\New journy\\fundoNotes\\fundooNotes\\src\\middlewares\\auth.middleware.ts","function":null,"line":7,"method":null,"native":false},{"column":14,"file":"node:internal/modules/cjs/loader","function":"Module._compile","line":1376,"method":"_compile","native":false},{"column":25,"file":"E:\\New journy\\fundoNotes\\fundooNotes\\node_modules\\source-map-support\\source-map-support.js","function":"Module._compile","line":568,"method":"_compile","native":false},{"column":33,"file":"C:\\Users\\hp\\AppData\\Local\\Temp\\ts-node-dev-hook-836394778331486.js","function":"Module.m._compile","line":69,"method":"_compile","native":false},{"column":10,"file":"node:internal/modules/cjs/loader","function":"Module._extensions..js","line":1435,"method":".js","native":false},{"column":20,"file":"C:\\Users\\hp\\AppData\\Local\\Temp\\ts-node-dev-hook-836394778331486.js","function":"require.extensions..jsx.require.extensions..js","line":114,"method":".js","native":false},{"column":20,"file":"C:\\Users\\hp\\AppData\\Local\\Temp\\ts-node-dev-hook-836394778331486.js","function":"require.extensions.<computed>","line":71,"method":"<computed>","native":false},{"column":13,"file":"E:\\New journy\\fundoNotes\\fundooNotes\\node_modules\\ts-node-dev\\lib\\hook.js","function":"Object.nodeDevHook [as .ts]","line":63,"method":"ts]","native":false},{"column":32,"file":"node:internal/modules/cjs/loader","function":"Module.load","line":1207,"method":"load","native":false},{"column":12,"file":"node:internal/modules/cjs/loader","function":"Module._load","line":1023,"method":"_load","native":false}]}
error: uncaughtException: con is not defined
ReferenceError: con is not defined
    at Object.<anonymous> (E:\New journy\fundoNotes\fundooNotes\src\middlewares\auth.middleware.ts:7:1)
    at Module._compile (node:internal/modules/cjs/loader:1376:14)
    at Module._compile (E:\New journy\fundoNotes\fundooNotes\node_modules\source-map-support\source-map-support.js:568:25)
    at Module.m._compile (C:\Users\hp\AppData\Local\Temp\ts-node-dev-hook-836394778331486.js:69:33)
    at Module._extensions..js (node:internal/modules/cjs/loader:1435:10)
    at require.extensions..jsx.require.extensions..js (C:\Users\hp\AppData\Local\Temp\ts-node-dev-hook-836394778331486.js:114:20)
    at require.extensions.<computed> (C:\Users\hp\AppData\Local\Temp\ts-node-dev-hook-836394778331486.js:71:20)
    at Object.nodeDevHook [as .ts] (E:\New journy\fundoNotes\fundooNotes\node_modules\ts-node-dev\lib\hook.js:63:13)
    at Module.load (node:internal/modules/cjs/loader:1207:32)
    at Function.Module._load (node:internal/modules/cjs/loader:1023:12) {"date":"Mon Aug 05 2024 15:53:37 GMT+0530 (India Standard Time)","error":{},"exception":true,"os":{"loadavg":[0,0,0],"uptime":262365.562},"process":{"argv":["C:\\Program Files\\nodejs\\node.exe","./src/index.ts"],"cwd":"E:\\New journy\\fundoNotes\\fundooNotes","execPath":"C:\\Program Files\\nodejs\\node.exe","gid":null,"memoryUsage":{"arrayBuffers":118272,"external":2342444,"heapTotal":53329920,"heapUsed":27658512,"rss":69791744},"pid":12868,"uid":null,"version":"v20.10.0"},"stack":"ReferenceError: con is not defined\n    at Object.<anonymous> (E:\\New journy\\fundoNotes\\fundooNotes\\src\\middlewares\\auth.middleware.ts:7:1)\n    at Module._compile (node:internal/modules/cjs/loader:1376:14)\n    at Module._compile (E:\\New journy\\fundoNotes\\fundooNotes\\node_modules\\source-map-support\\source-map-support.js:568:25)\n    at Module.m._compile (C:\\Users\\hp\\AppData\\Local\\Temp\\ts-node-dev-hook-836394778331486.js:69:33)\n    at Module._extensions..js (node:internal/modules/cjs/loader:1435:10)\n    at require.extensions..jsx.require.extensions..js (C:\\Users\\hp\\AppData\\Local\\Temp\\ts-node-dev-hook-836394778331486.js:114:20)\n    at require.extensions.<computed> (C:\\Users\\hp\\AppData\\Local\\Temp\\ts-node-dev-hook-836394778331486.js:71:20)\n    at Object.nodeDevHook [as .ts] (E:\\New journy\\fundoNotes\\fundooNotes\\node_modules\\ts-node-dev\\lib\\hook.js:63:13)\n    at Module.load (node:internal/modules/cjs/loader:1207:32)\n    at Function.Module._load (node:internal/modules/cjs/loader:1023:12)","timestamp":"2024-08-05T10:23:37.850Z","trace":[{"column":1,"file":"E:\\New journy\\fundoNotes\\fundooNotes\\src\\middlewares\\auth.middleware.ts","function":null,"line":7,"method":null,"native":false},{"column":14,"file":"node:internal/modules/cjs/loader","function":"Module._compile","line":1376,"method":"_compile","native":false},{"column":25,"file":"E:\\New journy\\fundoNotes\\fundooNotes\\node_modules\\source-map-support\\source-map-support.js","function":"Module._compile","line":568,"method":"_compile","native":false},{"column":33,"file":"C:\\Users\\hp\\AppData\\Local\\Temp\\ts-node-dev-hook-836394778331486.js","function":"Module.m._compile","line":69,"method":"_compile","native":false},{"column":10,"file":"node:internal/modules/cjs/loader","function":"Module._extensions..js","line":1435,"method":".js","native":false},{"column":20,"file":"C:\\Users\\hp\\AppData\\Local\\Temp\\ts-node-dev-hook-836394778331486.js","function":"require.extensions..jsx.require.extensions..js","line":114,"method":".js","native":false},{"column":20,"file":"C:\\Users\\hp\\AppData\\Local\\Temp\\ts-node-dev-hook-836394778331486.js","function":"require.extensions.<computed>","line":71,"method":"<computed>","native":false},{"column":13,"file":"E:\\New journy\\fundoNotes\\fundooNotes\\node_modules\\ts-node-dev\\lib\\hook.js","function":"Object.nodeDevHook [as .ts]","line":63,"method":"ts]","native":false},{"column":32,"file":"node:internal/modules/cjs/loader","function":"Module.load","line":1207,"method":"load","native":false},{"column":12,"file":"node:internal/modules/cjs/loader","function":"Module._load","line":1023,"method":"_load","native":false}]}
error: uncaughtException: Missing initializer in const declaration
E:\New journy\fundoNotes\fundooNotes\src\middlewares\auth.middleware.ts:19
const se;
      ^^

SyntaxError: Missing initializer in const declaration
    at internalCompileFunction (node:internal/vm:77:18)
    at wrapSafe (node:internal/modules/cjs/loader:1288:20)
    at Module._compile (node:internal/modules/cjs/loader:1340:27)
    at Module._compile (E:\New journy\fundoNotes\fundooNotes\node_modules\source-map-support\source-map-support.js:568:25)
    at Module.m._compile (C:\Users\hp\AppData\Local\Temp\ts-node-dev-hook-836394778331486.js:69:33)
    at Module._extensions..js (node:internal/modules/cjs/loader:1435:10)
    at require.extensions..jsx.require.extensions..js (C:\Users\hp\AppData\Local\Temp\ts-node-dev-hook-836394778331486.js:114:20)
    at require.extensions.<computed> (C:\Users\hp\AppData\Local\Temp\ts-node-dev-hook-836394778331486.js:71:20)
    at Object.nodeDevHook [as .ts] (E:\New journy\fundoNotes\fundooNotes\node_modules\ts-node-dev\lib\hook.js:63:13)
    at Module.load (node:internal/modules/cjs/loader:1207:32) {"date":"Mon Aug 05 2024 15:53:42 GMT+0530 (India Standard Time)","error":{},"exception":true,"os":{"loadavg":[0,0,0],"uptime":262369.984},"process":{"argv":["C:\\Program Files\\nodejs\\node.exe","./src/index.ts"],"cwd":"E:\\New journy\\fundoNotes\\fundooNotes","execPath":"C:\\Program Files\\nodejs\\node.exe","gid":null,"memoryUsage":{"arrayBuffers":118291,"external":2342444,"heapTotal":53329920,"heapUsed":27241640,"rss":69693440},"pid":7704,"uid":null,"version":"v20.10.0"},"stack":"E:\\New journy\\fundoNotes\\fundooNotes\\src\\middlewares\\auth.middleware.ts:19\nconst se;\n      ^^\n\nSyntaxError: Missing initializer in const declaration\n    at internalCompileFunction (node:internal/vm:77:18)\n    at wrapSafe (node:internal/modules/cjs/loader:1288:20)\n    at Module._compile (node:internal/modules/cjs/loader:1340:27)\n    at Module._compile (E:\\New journy\\fundoNotes\\fundooNotes\\node_modules\\source-map-support\\source-map-support.js:568:25)\n    at Module.m._compile (C:\\Users\\hp\\AppData\\Local\\Temp\\ts-node-dev-hook-836394778331486.js:69:33)\n    at Module._extensions..js (node:internal/modules/cjs/loader:1435:10)\n    at require.extensions..jsx.require.extensions..js (C:\\Users\\hp\\AppData\\Local\\Temp\\ts-node-dev-hook-836394778331486.js:114:20)\n    at require.extensions.<computed> (C:\\Users\\hp\\AppData\\Local\\Temp\\ts-node-dev-hook-836394778331486.js:71:20)\n    at Object.nodeDevHook [as .ts] (E:\\New journy\\fundoNotes\\fundooNotes\\node_modules\\ts-node-dev\\lib\\hook.js:63:13)\n    at Module.load (node:internal/modules/cjs/loader:1207:32)","timestamp":"2024-08-05T10:23:42.279Z","trace":[{"column":18,"file":"node:internal/vm","function":"internalCompileFunction","line":77,"method":null,"native":false},{"column":20,"file":"node:internal/modules/cjs/loader","function":"wrapSafe","line":1288,"method":null,"native":false},{"column":27,"file":"node:internal/modules/cjs/loader","function":"Module._compile","line":1340,"method":"_compile","native":false},{"column":25,"file":"E:\\New journy\\fundoNotes\\fundooNotes\\node_modules\\source-map-support\\source-map-support.js","function":"Module._compile","line":568,"method":"_compile","native":false},{"column":33,"file":"C:\\Users\\hp\\AppData\\Local\\Temp\\ts-node-dev-hook-836394778331486.js","function":"Module.m._compile","line":69,"method":"_compile","native":false},{"column":10,"file":"node:internal/modules/cjs/loader","function":"Module._extensions..js","line":1435,"method":".js","native":false},{"column":20,"file":"C:\\Users\\hp\\AppData\\Local\\Temp\\ts-node-dev-hook-836394778331486.js","function":"require.extensions..jsx.require.extensions..js","line":114,"method":".js","native":false},{"column":20,"file":"C:\\Users\\hp\\AppData\\Local\\Temp\\ts-node-dev-hook-836394778331486.js","function":"require.extensions.<computed>","line":71,"method":"<computed>","native":false},{"column":13,"file":"E:\\New journy\\fundoNotes\\fundooNotes\\node_modules\\ts-node-dev\\lib\\hook.js","function":"Object.nodeDevHook [as .ts]","line":63,"method":"ts]","native":false},{"column":32,"file":"node:internal/modules/cjs/loader","function":"Module.load","line":1207,"method":"load","native":false}]}
error: uncaughtException: Missing initializer in const declaration
E:\New journy\fundoNotes\fundooNotes\src\middlewares\auth.middleware.ts:19
const secert;
      ^^^^^^

SyntaxError: Missing initializer in const declaration
    at internalCompileFunction (node:internal/vm:77:18)
    at wrapSafe (node:internal/modules/cjs/loader:1288:20)
    at Module._compile (node:internal/modules/cjs/loader:1340:27)
    at Module._compile (E:\New journy\fundoNotes\fundooNotes\node_modules\source-map-support\source-map-support.js:568:25)
    at Module.m._compile (C:\Users\hp\AppData\Local\Temp\ts-node-dev-hook-836394778331486.js:69:33)
    at Module._extensions..js (node:internal/modules/cjs/loader:1435:10)
    at require.extensions..jsx.require.extensions..js (C:\Users\hp\AppData\Local\Temp\ts-node-dev-hook-836394778331486.js:114:20)
    at require.extensions.<computed> (C:\Users\hp\AppData\Local\Temp\ts-node-dev-hook-836394778331486.js:71:20)
    at Object.nodeDevHook [as .ts] (E:\New journy\fundoNotes\fundooNotes\node_modules\ts-node-dev\lib\hook.js:63:13)
    at Module.load (node:internal/modules/cjs/loader:1207:32) {"date":"Mon Aug 05 2024 15:53:46 GMT+0530 (India Standard Time)","error":{},"exception":true,"os":{"loadavg":[0,0,0],"uptime":262374.312},"process":{"argv":["C:\\Program Files\\nodejs\\node.exe","./src/index.ts"],"cwd":"E:\\New journy\\fundoNotes\\fundooNotes","execPath":"C:\\Program Files\\nodejs\\node.exe","gid":null,"memoryUsage":{"arrayBuffers":118291,"external":2342444,"heapTotal":53329920,"heapUsed":27367456,"rss":69939200},"pid":4208,"uid":null,"version":"v20.10.0"},"stack":"E:\\New journy\\fundoNotes\\fundooNotes\\src\\middlewares\\auth.middleware.ts:19\nconst secert;\n      ^^^^^^\n\nSyntaxError: Missing initializer in const declaration\n    at internalCompileFunction (node:internal/vm:77:18)\n    at wrapSafe (node:internal/modules/cjs/loader:1288:20)\n    at Module._compile (node:internal/modules/cjs/loader:1340:27)\n    at Module._compile (E:\\New journy\\fundoNotes\\fundooNotes\\node_modules\\source-map-support\\source-map-support.js:568:25)\n    at Module.m._compile (C:\\Users\\hp\\AppData\\Local\\Temp\\ts-node-dev-hook-836394778331486.js:69:33)\n    at Module._extensions..js (node:internal/modules/cjs/loader:1435:10)\n    at require.extensions..jsx.require.extensions..js (C:\\Users\\hp\\AppData\\Local\\Temp\\ts-node-dev-hook-836394778331486.js:114:20)\n    at require.extensions.<computed> (C:\\Users\\hp\\AppData\\Local\\Temp\\ts-node-dev-hook-836394778331486.js:71:20)\n    at Object.nodeDevHook [as .ts] (E:\\New journy\\fundoNotes\\fundooNotes\\node_modules\\ts-node-dev\\lib\\hook.js:63:13)\n    at Module.load (node:internal/modules/cjs/loader:1207:32)","timestamp":"2024-08-05T10:23:46.606Z","trace":[{"column":18,"file":"node:internal/vm","function":"internalCompileFunction","line":77,"method":null,"native":false},{"column":20,"file":"node:internal/modules/cjs/loader","function":"wrapSafe","line":1288,"method":null,"native":false},{"column":27,"file":"node:internal/modules/cjs/loader","function":"Module._compile","line":1340,"method":"_compile","native":false},{"column":25,"file":"E:\\New journy\\fundoNotes\\fundooNotes\\node_modules\\source-map-support\\source-map-support.js","function":"Module._compile","line":568,"method":"_compile","native":false},{"column":33,"file":"C:\\Users\\hp\\AppData\\Local\\Temp\\ts-node-dev-hook-836394778331486.js","function":"Module.m._compile","line":69,"method":"_compile","native":false},{"column":10,"file":"node:internal/modules/cjs/loader","function":"Module._extensions..js","line":1435,"method":".js","native":false},{"column":20,"file":"C:\\Users\\hp\\AppData\\Local\\Temp\\ts-node-dev-hook-836394778331486.js","function":"require.extensions..jsx.require.extensions..js","line":114,"method":".js","native":false},{"column":20,"file":"C:\\Users\\hp\\AppData\\Local\\Temp\\ts-node-dev-hook-836394778331486.js","function":"require.extensions.<computed>","line":71,"method":"<computed>","native":false},{"column":13,"file":"E:\\New journy\\fundoNotes\\fundooNotes\\node_modules\\ts-node-dev\\lib\\hook.js","function":"Object.nodeDevHook [as .ts]","line":63,"method":"ts]","native":false},{"column":32,"file":"node:internal/modules/cjs/loader","function":"Module.load","line":1207,"method":"load","native":false}]}
error: uncaughtException:  Unable to compile TypeScript:
[96msrc/middlewares/auth.middleware.ts[0m:[93m16[0m:[93m1[0m - [91merror[0m[90m TS1109: [0mExpression expected.

[7m16[0m export const userAuth = async (
[7m  [0m [91m~~~~~~[0m

Error:  Unable to compile TypeScript:
[96msrc/middlewares/auth.middleware.ts[0m:[93m16[0m:[93m1[0m - [91merror[0m[90m TS1109: [0mExpression expected.

[7m16[0m export const userAuth = async (
[7m  [0m [91m~~~~~~[0m

    at Object.<anonymous> (E:\New journy\fundoNotes\fundooNotes\src\middlewares\auth.middleware.ts:1:7)
    at Module._compile (node:internal/modules/cjs/loader:1376:14)
    at Module._compile (E:\New journy\fundoNotes\fundooNotes\node_modules\source-map-support\source-map-support.js:568:25)
    at Module.m._compile (C:\Users\hp\AppData\Local\Temp\ts-node-dev-hook-836394778331486.js:69:33)
    at Module._extensions..js (node:internal/modules/cjs/loader:1435:10)
    at require.extensions..jsx.require.extensions..js (C:\Users\hp\AppData\Local\Temp\ts-node-dev-hook-836394778331486.js:114:20)
    at require.extensions.<computed> (C:\Users\hp\AppData\Local\Temp\ts-node-dev-hook-836394778331486.js:71:20)
    at Object.nodeDevHook [as .ts] (E:\New journy\fundoNotes\fundooNotes\node_modules\ts-node-dev\lib\hook.js:63:13)
    at Module.load (node:internal/modules/cjs/loader:1207:32)
    at Function.Module._load (node:internal/modules/cjs/loader:1023:12) {"date":"Mon Aug 05 2024 15:53:51 GMT+0530 (India Standard Time)","error":{},"exception":true,"os":{"loadavg":[0,0,0],"uptime":262379.078},"process":{"argv":["C:\\Program Files\\nodejs\\node.exe","./src/index.ts"],"cwd":"E:\\New journy\\fundoNotes\\fundooNotes","execPath":"C:\\Program Files\\nodejs\\node.exe","gid":null,"memoryUsage":{"arrayBuffers":118560,"external":2342444,"heapTotal":53329920,"heapUsed":26958664,"rss":68943872},"pid":8012,"uid":null,"version":"v20.10.0"},"stack":"Error:  Unable to compile TypeScript:\n\u001b[96msrc/middlewares/auth.middleware.ts\u001b[0m:\u001b[93m16\u001b[0m:\u001b[93m1\u001b[0m - \u001b[91merror\u001b[0m\u001b[90m TS1109: \u001b[0mExpression expected.\r\n\r\n\u001b[7m16\u001b[0m export const userAuth = async (\r\n\u001b[7m  \u001b[0m \u001b[91m~~~~~~\u001b[0m\r\n\n    at Object.<anonymous> (E:\\New journy\\fundoNotes\\fundooNotes\\src\\middlewares\\auth.middleware.ts:1:7)\n    at Module._compile (node:internal/modules/cjs/loader:1376:14)\n    at Module._compile (E:\\New journy\\fundoNotes\\fundooNotes\\node_modules\\source-map-support\\source-map-support.js:568:25)\n    at Module.m._compile (C:\\Users\\hp\\AppData\\Local\\Temp\\ts-node-dev-hook-836394778331486.js:69:33)\n    at Module._extensions..js (node:internal/modules/cjs/loader:1435:10)\n    at require.extensions..jsx.require.extensions..js (C:\\Users\\hp\\AppData\\Local\\Temp\\ts-node-dev-hook-836394778331486.js:114:20)\n    at require.extensions.<computed> (C:\\Users\\hp\\AppData\\Local\\Temp\\ts-node-dev-hook-836394778331486.js:71:20)\n    at Object.nodeDevHook [as .ts] (E:\\New journy\\fundoNotes\\fundooNotes\\node_modules\\ts-node-dev\\lib\\hook.js:63:13)\n    at Module.load (node:internal/modules/cjs/loader:1207:32)\n    at Function.Module._load (node:internal/modules/cjs/loader:1023:12)","timestamp":"2024-08-05T10:23:51.365Z","trace":[{"column":7,"file":"E:\\New journy\\fundoNotes\\fundooNotes\\src\\middlewares\\auth.middleware.ts","function":null,"line":1,"method":null,"native":false},{"column":14,"file":"node:internal/modules/cjs/loader","function":"Module._compile","line":1376,"method":"_compile","native":false},{"column":25,"file":"E:\\New journy\\fundoNotes\\fundooNotes\\node_modules\\source-map-support\\source-map-support.js","function":"Module._compile","line":568,"method":"_compile","native":false},{"column":33,"file":"C:\\Users\\hp\\AppData\\Local\\Temp\\ts-node-dev-hook-836394778331486.js","function":"Module.m._compile","line":69,"method":"_compile","native":false},{"column":10,"file":"node:internal/modules/cjs/loader","function":"Module._extensions..js","line":1435,"method":".js","native":false},{"column":20,"file":"C:\\Users\\hp\\AppData\\Local\\Temp\\ts-node-dev-hook-836394778331486.js","function":"require.extensions..jsx.require.extensions..js","line":114,"method":".js","native":false},{"column":20,"file":"C:\\Users\\hp\\AppData\\Local\\Temp\\ts-node-dev-hook-836394778331486.js","function":"require.extensions.<computed>","line":71,"method":"<computed>","native":false},{"column":13,"file":"E:\\New journy\\fundoNotes\\fundooNotes\\node_modules\\ts-node-dev\\lib\\hook.js","function":"Object.nodeDevHook [as .ts]","line":63,"method":"ts]","native":false},{"column":32,"file":"node:internal/modules/cjs/loader","function":"Module.load","line":1207,"method":"load","native":false},{"column":12,"file":"node:internal/modules/cjs/loader","function":"Module._load","line":1023,"method":"_load","native":false}]}
error: uncaughtException:  Unable to compile TypeScript:
[96msrc/middlewares/auth.middleware.ts[0m:[93m7[0m:[93m23[0m - [91merror[0m[90m TS1003: [0mIdentifier expected.

[7m7[0m const secert = config.
[7m [0m [91m                      [0m

Error:  Unable to compile TypeScript:
[96msrc/middlewares/auth.middleware.ts[0m:[93m7[0m:[93m23[0m - [91merror[0m[90m TS1003: [0mIdentifier expected.

[7m7[0m const secert = config.
[7m [0m [91m                      [0m

    at Object.<anonymous> (E:\New journy\fundoNotes\fundooNotes\src\middlewares\auth.middleware.ts:1:7)
    at Module._compile (node:internal/modules/cjs/loader:1376:14)
    at Module._compile (E:\New journy\fundoNotes\fundooNotes\node_modules\source-map-support\source-map-support.js:568:25)
    at Module.m._compile (C:\Users\hp\AppData\Local\Temp\ts-node-dev-hook-836394778331486.js:69:33)
    at Module._extensions..js (node:internal/modules/cjs/loader:1435:10)
    at require.extensions..jsx.require.extensions..js (C:\Users\hp\AppData\Local\Temp\ts-node-dev-hook-836394778331486.js:114:20)
    at require.extensions.<computed> (C:\Users\hp\AppData\Local\Temp\ts-node-dev-hook-836394778331486.js:71:20)
    at Object.nodeDevHook [as .ts] (E:\New journy\fundoNotes\fundooNotes\node_modules\ts-node-dev\lib\hook.js:63:13)
    at Module.load (node:internal/modules/cjs/loader:1207:32)
    at Function.Module._load (node:internal/modules/cjs/loader:1023:12) {"date":"Mon Aug 05 2024 15:53:55 GMT+0530 (India Standard Time)","error":{},"exception":true,"os":{"loadavg":[0,0,0],"uptime":262383.265},"process":{"argv":["C:\\Program Files\\nodejs\\node.exe","./src/index.ts"],"cwd":"E:\\New journy\\fundoNotes\\fundooNotes","execPath":"C:\\Program Files\\nodejs\\node.exe","gid":null,"memoryUsage":{"arrayBuffers":118565,"external":2342444,"heapTotal":53329920,"heapUsed":27609544,"rss":69533696},"pid":13988,"uid":null,"version":"v20.10.0"},"stack":"Error:  Unable to compile TypeScript:\n\u001b[96msrc/middlewares/auth.middleware.ts\u001b[0m:\u001b[93m7\u001b[0m:\u001b[93m23\u001b[0m - \u001b[91merror\u001b[0m\u001b[90m TS1003: \u001b[0mIdentifier expected.\r\n\r\n\u001b[7m7\u001b[0m const secert = config.\r\n\u001b[7m \u001b[0m \u001b[91m                      \u001b[0m\r\n\n    at Object.<anonymous> (E:\\New journy\\fundoNotes\\fundooNotes\\src\\middlewares\\auth.middleware.ts:1:7)\n    at Module._compile (node:internal/modules/cjs/loader:1376:14)\n    at Module._compile (E:\\New journy\\fundoNotes\\fundooNotes\\node_modules\\source-map-support\\source-map-support.js:568:25)\n    at Module.m._compile (C:\\Users\\hp\\AppData\\Local\\Temp\\ts-node-dev-hook-836394778331486.js:69:33)\n    at Module._extensions..js (node:internal/modules/cjs/loader:1435:10)\n    at require.extensions..jsx.require.extensions..js (C:\\Users\\hp\\AppData\\Local\\Temp\\ts-node-dev-hook-836394778331486.js:114:20)\n    at require.extensions.<computed> (C:\\Users\\hp\\AppData\\Local\\Temp\\ts-node-dev-hook-836394778331486.js:71:20)\n    at Object.nodeDevHook [as .ts] (E:\\New journy\\fundoNotes\\fundooNotes\\node_modules\\ts-node-dev\\lib\\hook.js:63:13)\n    at Module.load (node:internal/modules/cjs/loader:1207:32)\n    at Function.Module._load (node:internal/modules/cjs/loader:1023:12)","timestamp":"2024-08-05T10:23:55.551Z","trace":[{"column":7,"file":"E:\\New journy\\fundoNotes\\fundooNotes\\src\\middlewares\\auth.middleware.ts","function":null,"line":1,"method":null,"native":false},{"column":14,"file":"node:internal/modules/cjs/loader","function":"Module._compile","line":1376,"method":"_compile","native":false},{"column":25,"file":"E:\\New journy\\fundoNotes\\fundooNotes\\node_modules\\source-map-support\\source-map-support.js","function":"Module._compile","line":568,"method":"_compile","native":false},{"column":33,"file":"C:\\Users\\hp\\AppData\\Local\\Temp\\ts-node-dev-hook-836394778331486.js","function":"Module.m._compile","line":69,"method":"_compile","native":false},{"column":10,"file":"node:internal/modules/cjs/loader","function":"Module._extensions..js","line":1435,"method":".js","native":false},{"column":20,"file":"C:\\Users\\hp\\AppData\\Local\\Temp\\ts-node-dev-hook-836394778331486.js","function":"require.extensions..jsx.require.extensions..js","line":114,"method":".js","native":false},{"column":20,"file":"C:\\Users\\hp\\AppData\\Local\\Temp\\ts-node-dev-hook-836394778331486.js","function":"require.extensions.<computed>","line":71,"method":"<computed>","native":false},{"column":13,"file":"E:\\New journy\\fundoNotes\\fundooNotes\\node_modules\\ts-node-dev\\lib\\hook.js","function":"Object.nodeDevHook [as .ts]","line":63,"method":"ts]","native":false},{"column":32,"file":"node:internal/modules/cjs/loader","function":"Module.load","line":1207,"method":"load","native":false},{"column":12,"file":"node:internal/modules/cjs/loader","function":"Module._load","line":1023,"method":"_load","native":false}]}
error: uncaughtException:  Unable to compile TypeScript:
[96msrc/middlewares/auth.middleware.ts[0m:[93m7[0m:[93m35[0m - [91merror[0m[90m TS1003: [0mIdentifier expected.

[7m7[0m const secert = config.development.
[7m [0m [91m                                  [0m

Error:  Unable to compile TypeScript:
[96msrc/middlewares/auth.middleware.ts[0m:[93m7[0m:[93m35[0m - [91merror[0m[90m TS1003: [0mIdentifier expected.

[7m7[0m const secert = config.development.
[7m [0m [91m                                  [0m

    at Object.<anonymous> (E:\New journy\fundoNotes\fundooNotes\src\middlewares\auth.middleware.ts:1:7)
    at Module._compile (node:internal/modules/cjs/loader:1376:14)
    at Module._compile (E:\New journy\fundoNotes\fundooNotes\node_modules\source-map-support\source-map-support.js:568:25)
    at Module.m._compile (C:\Users\hp\AppData\Local\Temp\ts-node-dev-hook-836394778331486.js:69:33)
    at Module._extensions..js (node:internal/modules/cjs/loader:1435:10)
    at require.extensions..jsx.require.extensions..js (C:\Users\hp\AppData\Local\Temp\ts-node-dev-hook-836394778331486.js:114:20)
    at require.extensions.<computed> (C:\Users\hp\AppData\Local\Temp\ts-node-dev-hook-836394778331486.js:71:20)
    at Object.nodeDevHook [as .ts] (E:\New journy\fundoNotes\fundooNotes\node_modules\ts-node-dev\lib\hook.js:63:13)
    at Module.load (node:internal/modules/cjs/loader:1207:32)
    at Function.Module._load (node:internal/modules/cjs/loader:1023:12) {"date":"Mon Aug 05 2024 15:53:59 GMT+0530 (India Standard Time)","error":{},"exception":true,"os":{"loadavg":[0,0,0],"uptime":262387.484},"process":{"argv":["C:\\Program Files\\nodejs\\node.exe","./src/index.ts"],"cwd":"E:\\New journy\\fundoNotes\\fundooNotes","execPath":"C:\\Program Files\\nodejs\\node.exe","gid":null,"memoryUsage":{"arrayBuffers":118589,"external":2342444,"heapTotal":53067776,"heapUsed":28770384,"rss":70660096},"pid":2640,"uid":null,"version":"v20.10.0"},"stack":"Error:  Unable to compile TypeScript:\n\u001b[96msrc/middlewares/auth.middleware.ts\u001b[0m:\u001b[93m7\u001b[0m:\u001b[93m35\u001b[0m - \u001b[91merror\u001b[0m\u001b[90m TS1003: \u001b[0mIdentifier expected.\r\n\r\n\u001b[7m7\u001b[0m const secert = config.development.\r\n\u001b[7m \u001b[0m \u001b[91m                                  \u001b[0m\r\n\n    at Object.<anonymous> (E:\\New journy\\fundoNotes\\fundooNotes\\src\\middlewares\\auth.middleware.ts:1:7)\n    at Module._compile (node:internal/modules/cjs/loader:1376:14)\n    at Module._compile (E:\\New journy\\fundoNotes\\fundooNotes\\node_modules\\source-map-support\\source-map-support.js:568:25)\n    at Module.m._compile (C:\\Users\\hp\\AppData\\Local\\Temp\\ts-node-dev-hook-836394778331486.js:69:33)\n    at Module._extensions..js (node:internal/modules/cjs/loader:1435:10)\n    at require.extensions..jsx.require.extensions..js (C:\\Users\\hp\\AppData\\Local\\Temp\\ts-node-dev-hook-836394778331486.js:114:20)\n    at require.extensions.<computed> (C:\\Users\\hp\\AppData\\Local\\Temp\\ts-node-dev-hook-836394778331486.js:71:20)\n    at Object.nodeDevHook [as .ts] (E:\\New journy\\fundoNotes\\fundooNotes\\node_modules\\ts-node-dev\\lib\\hook.js:63:13)\n    at Module.load (node:internal/modules/cjs/loader:1207:32)\n    at Function.Module._load (node:internal/modules/cjs/loader:1023:12)","timestamp":"2024-08-05T10:23:59.777Z","trace":[{"column":7,"file":"E:\\New journy\\fundoNotes\\fundooNotes\\src\\middlewares\\auth.middleware.ts","function":null,"line":1,"method":null,"native":false},{"column":14,"file":"node:internal/modules/cjs/loader","function":"Module._compile","line":1376,"method":"_compile","native":false},{"column":25,"file":"E:\\New journy\\fundoNotes\\fundooNotes\\node_modules\\source-map-support\\source-map-support.js","function":"Module._compile","line":568,"method":"_compile","native":false},{"column":33,"file":"C:\\Users\\hp\\AppData\\Local\\Temp\\ts-node-dev-hook-836394778331486.js","function":"Module.m._compile","line":69,"method":"_compile","native":false},{"column":10,"file":"node:internal/modules/cjs/loader","function":"Module._extensions..js","line":1435,"method":".js","native":false},{"column":20,"file":"C:\\Users\\hp\\AppData\\Local\\Temp\\ts-node-dev-hook-836394778331486.js","function":"require.extensions..jsx.require.extensions..js","line":114,"method":".js","native":false},{"column":20,"file":"C:\\Users\\hp\\AppData\\Local\\Temp\\ts-node-dev-hook-836394778331486.js","function":"require.extensions.<computed>","line":71,"method":"<computed>","native":false},{"column":13,"file":"E:\\New journy\\fundoNotes\\fundooNotes\\node_modules\\ts-node-dev\\lib\\hook.js","function":"Object.nodeDevHook [as .ts]","line":63,"method":"ts]","native":false},{"column":32,"file":"node:internal/modules/cjs/loader","function":"Module.load","line":1207,"method":"load","native":false},{"column":12,"file":"node:internal/modules/cjs/loader","function":"Module._load","line":1023,"method":"_load","native":false}]}
error: uncaughtException:  Unable to compile TypeScript:
[96msrc/middlewares/auth.middleware.ts[0m:[93m31[0m:[93m17[0m - [91merror[0m[90m TS1005: [0m';' expected.

[7m31[0m     req.body.id id
[7m  [0m [91m                ~~[0m

Error:  Unable to compile TypeScript:
[96msrc/middlewares/auth.middleware.ts[0m:[93m31[0m:[93m17[0m - [91merror[0m[90m TS1005: [0m';' expected.

[7m31[0m     req.body.id id
[7m  [0m [91m                ~~[0m

    at Object.<anonymous> (E:\New journy\fundoNotes\fundooNotes\src\middlewares\auth.middleware.ts:1:7)
    at Module._compile (node:internal/modules/cjs/loader:1376:14)
    at Module._compile (E:\New journy\fundoNotes\fundooNotes\node_modules\source-map-support\source-map-support.js:568:25)
    at Module.m._compile (C:\Users\hp\AppData\Local\Temp\ts-node-dev-hook-836394778331486.js:69:33)
    at Module._extensions..js (node:internal/modules/cjs/loader:1435:10)
    at require.extensions..jsx.require.extensions..js (C:\Users\hp\AppData\Local\Temp\ts-node-dev-hook-836394778331486.js:114:20)
    at require.extensions.<computed> (C:\Users\hp\AppData\Local\Temp\ts-node-dev-hook-836394778331486.js:71:20)
    at Object.nodeDevHook [as .ts] (E:\New journy\fundoNotes\fundooNotes\node_modules\ts-node-dev\lib\hook.js:63:13)
    at Module.load (node:internal/modules/cjs/loader:1207:32)
    at Function.Module._load (node:internal/modules/cjs/loader:1023:12) {"date":"Mon Aug 05 2024 15:54:53 GMT+0530 (India Standard Time)","error":{},"exception":true,"os":{"loadavg":[0,0,0],"uptime":262441.515},"process":{"argv":["C:\\Program Files\\nodejs\\node.exe","./src/index.ts"],"cwd":"E:\\New journy\\fundoNotes\\fundooNotes","execPath":"C:\\Program Files\\nodejs\\node.exe","gid":null,"memoryUsage":{"arrayBuffers":118553,"external":2342444,"heapTotal":53067776,"heapUsed":27753304,"rss":69963776},"pid":13612,"uid":null,"version":"v20.10.0"},"stack":"Error:  Unable to compile TypeScript:\n\u001b[96msrc/middlewares/auth.middleware.ts\u001b[0m:\u001b[93m31\u001b[0m:\u001b[93m17\u001b[0m - \u001b[91merror\u001b[0m\u001b[90m TS1005: \u001b[0m';' expected.\r\n\r\n\u001b[7m31\u001b[0m     req.body.id id\r\n\u001b[7m  \u001b[0m \u001b[91m                ~~\u001b[0m\r\n\n    at Object.<anonymous> (E:\\New journy\\fundoNotes\\fundooNotes\\src\\middlewares\\auth.middleware.ts:1:7)\n    at Module._compile (node:internal/modules/cjs/loader:1376:14)\n    at Module._compile (E:\\New journy\\fundoNotes\\fundooNotes\\node_modules\\source-map-support\\source-map-support.js:568:25)\n    at Module.m._compile (C:\\Users\\hp\\AppData\\Local\\Temp\\ts-node-dev-hook-836394778331486.js:69:33)\n    at Module._extensions..js (node:internal/modules/cjs/loader:1435:10)\n    at require.extensions..jsx.require.extensions..js (C:\\Users\\hp\\AppData\\Local\\Temp\\ts-node-dev-hook-836394778331486.js:114:20)\n    at require.extensions.<computed> (C:\\Users\\hp\\AppData\\Local\\Temp\\ts-node-dev-hook-836394778331486.js:71:20)\n    at Object.nodeDevHook [as .ts] (E:\\New journy\\fundoNotes\\fundooNotes\\node_modules\\ts-node-dev\\lib\\hook.js:63:13)\n    at Module.load (node:internal/modules/cjs/loader:1207:32)\n    at Function.Module._load (node:internal/modules/cjs/loader:1023:12)","timestamp":"2024-08-05T10:24:53.801Z","trace":[{"column":7,"file":"E:\\New journy\\fundoNotes\\fundooNotes\\src\\middlewares\\auth.middleware.ts","function":null,"line":1,"method":null,"native":false},{"column":14,"file":"node:internal/modules/cjs/loader","function":"Module._compile","line":1376,"method":"_compile","native":false},{"column":25,"file":"E:\\New journy\\fundoNotes\\fundooNotes\\node_modules\\source-map-support\\source-map-support.js","function":"Module._compile","line":568,"method":"_compile","native":false},{"column":33,"file":"C:\\Users\\hp\\AppData\\Local\\Temp\\ts-node-dev-hook-836394778331486.js","function":"Module.m._compile","line":69,"method":"_compile","native":false},{"column":10,"file":"node:internal/modules/cjs/loader","function":"Module._extensions..js","line":1435,"method":".js","native":false},{"column":20,"file":"C:\\Users\\hp\\AppData\\Local\\Temp\\ts-node-dev-hook-836394778331486.js","function":"require.extensions..jsx.require.extensions..js","line":114,"method":".js","native":false},{"column":20,"file":"C:\\Users\\hp\\AppData\\Local\\Temp\\ts-node-dev-hook-836394778331486.js","function":"require.extensions.<computed>","line":71,"method":"<computed>","native":false},{"column":13,"file":"E:\\New journy\\fundoNotes\\fundooNotes\\node_modules\\ts-node-dev\\lib\\hook.js","function":"Object.nodeDevHook [as .ts]","line":63,"method":"ts]","native":false},{"column":32,"file":"node:internal/modules/cjs/loader","function":"Module.load","line":1207,"method":"load","native":false},{"column":12,"file":"node:internal/modules/cjs/loader","function":"Module._load","line":1023,"method":"_load","native":false}]}
error: 
    status - 500 
    message - Error: Error creating notes : notNull Violation: notes.createdBy cannot be null
    at NotesService.<anonymous> (E:\New journy\fundoNotes\fundooNotes\src\services\notes.service.ts:17:19)
    at Generator.throw (<anonymous>)
    at rejected (E:\New journy\fundoNotes\fundooNotes\src\services\notes.service.ts:29:65)
    at processTicksAndRejections (node:internal/process/task_queues:95:5) 
    url - /api/v1/notes/create 
    method - POST 
    IP - ::1
   {"timestamp":"2024-08-05T10:25:31.326Z"}
error: uncaughtException: Identifier 'userAuth' has already been declared
E:\New journy\fundoNotes\fundooNotes\src\middlewares\auth.middleware.ts:47
const userAuth = (req, res, next) => __awaiter(void 0, void 0, void 0, function* () {
      ^

SyntaxError: Identifier 'userAuth' has already been declared
    at internalCompileFunction (node:internal/vm:77:18)
    at wrapSafe (node:internal/modules/cjs/loader:1288:20)
    at Module._compile (node:internal/modules/cjs/loader:1340:27)
    at Module._compile (E:\New journy\fundoNotes\fundooNotes\node_modules\source-map-support\source-map-support.js:568:25)
    at Module.m._compile (C:\Users\hp\AppData\Local\Temp\ts-node-dev-hook-836394778331486.js:69:33)
    at Module._extensions..js (node:internal/modules/cjs/loader:1435:10)
    at require.extensions..jsx.require.extensions..js (C:\Users\hp\AppData\Local\Temp\ts-node-dev-hook-836394778331486.js:114:20)
    at require.extensions.<computed> (C:\Users\hp\AppData\Local\Temp\ts-node-dev-hook-836394778331486.js:71:20)
    at Object.nodeDevHook [as .ts] (E:\New journy\fundoNotes\fundooNotes\node_modules\ts-node-dev\lib\hook.js:63:13)
    at Module.load (node:internal/modules/cjs/loader:1207:32) {"date":"Mon Aug 05 2024 15:56:40 GMT+0530 (India Standard Time)","error":{},"exception":true,"os":{"loadavg":[0,0,0],"uptime":262548.64},"process":{"argv":["C:\\Program Files\\nodejs\\node.exe","./src/index.ts"],"cwd":"E:\\New journy\\fundoNotes\\fundooNotes","execPath":"C:\\Program Files\\nodejs\\node.exe","gid":null,"memoryUsage":{"arrayBuffers":118298,"external":2342444,"heapTotal":53067776,"heapUsed":28030584,"rss":70258688},"pid":13392,"uid":null,"version":"v20.10.0"},"stack":"E:\\New journy\\fundoNotes\\fundooNotes\\src\\middlewares\\auth.middleware.ts:47\nconst userAuth = (req, res, next) => __awaiter(void 0, void 0, void 0, function* () {\n      ^\n\nSyntaxError: Identifier 'userAuth' has already been declared\n    at internalCompileFunction (node:internal/vm:77:18)\n    at wrapSafe (node:internal/modules/cjs/loader:1288:20)\n    at Module._compile (node:internal/modules/cjs/loader:1340:27)\n    at Module._compile (E:\\New journy\\fundoNotes\\fundooNotes\\node_modules\\source-map-support\\source-map-support.js:568:25)\n    at Module.m._compile (C:\\Users\\hp\\AppData\\Local\\Temp\\ts-node-dev-hook-836394778331486.js:69:33)\n    at Module._extensions..js (node:internal/modules/cjs/loader:1435:10)\n    at require.extensions..jsx.require.extensions..js (C:\\Users\\hp\\AppData\\Local\\Temp\\ts-node-dev-hook-836394778331486.js:114:20)\n    at require.extensions.<computed> (C:\\Users\\hp\\AppData\\Local\\Temp\\ts-node-dev-hook-836394778331486.js:71:20)\n    at Object.nodeDevHook [as .ts] (E:\\New journy\\fundoNotes\\fundooNotes\\node_modules\\ts-node-dev\\lib\\hook.js:63:13)\n    at Module.load (node:internal/modules/cjs/loader:1207:32)","timestamp":"2024-08-05T10:26:40.925Z","trace":[{"column":18,"file":"node:internal/vm","function":"internalCompileFunction","line":77,"method":null,"native":false},{"column":20,"file":"node:internal/modules/cjs/loader","function":"wrapSafe","line":1288,"method":null,"native":false},{"column":27,"file":"node:internal/modules/cjs/loader","function":"Module._compile","line":1340,"method":"_compile","native":false},{"column":25,"file":"E:\\New journy\\fundoNotes\\fundooNotes\\node_modules\\source-map-support\\source-map-support.js","function":"Module._compile","line":568,"method":"_compile","native":false},{"column":33,"file":"C:\\Users\\hp\\AppData\\Local\\Temp\\ts-node-dev-hook-836394778331486.js","function":"Module.m._compile","line":69,"method":"_compile","native":false},{"column":10,"file":"node:internal/modules/cjs/loader","function":"Module._extensions..js","line":1435,"method":".js","native":false},{"column":20,"file":"C:\\Users\\hp\\AppData\\Local\\Temp\\ts-node-dev-hook-836394778331486.js","function":"require.extensions..jsx.require.extensions..js","line":114,"method":".js","native":false},{"column":20,"file":"C:\\Users\\hp\\AppData\\Local\\Temp\\ts-node-dev-hook-836394778331486.js","function":"require.extensions.<computed>","line":71,"method":"<computed>","native":false},{"column":13,"file":"E:\\New journy\\fundoNotes\\fundooNotes\\node_modules\\ts-node-dev\\lib\\hook.js","function":"Object.nodeDevHook [as .ts]","line":63,"method":"ts]","native":false},{"column":32,"file":"node:internal/modules/cjs/loader","function":"Module.load","line":1207,"method":"load","native":false}]}
error: uncaughtException:  Unable to compile TypeScript:
[96msrc/middlewares/auth.middleware.ts[0m:[93m53[0m:[93m15[0m - [91merror[0m[90m TS1003: [0mIdentifier expected.

[7m53[0m     req.body. = id;
[7m  [0m [91m              ~[0m

Error:  Unable to compile TypeScript:
[96msrc/middlewares/auth.middleware.ts[0m:[93m53[0m:[93m15[0m - [91merror[0m[90m TS1003: [0mIdentifier expected.

[7m53[0m     req.body. = id;
[7m  [0m [91m              ~[0m

    at Object.<anonymous> (E:\New journy\fundoNotes\fundooNotes\src\middlewares\auth.middleware.ts:1:7)
    at Module._compile (node:internal/modules/cjs/loader:1376:14)
    at Module._compile (E:\New journy\fundoNotes\fundooNotes\node_modules\source-map-support\source-map-support.js:568:25)
    at Module.m._compile (C:\Users\hp\AppData\Local\Temp\ts-node-dev-hook-836394778331486.js:69:33)
    at Module._extensions..js (node:internal/modules/cjs/loader:1435:10)
    at require.extensions..jsx.require.extensions..js (C:\Users\hp\AppData\Local\Temp\ts-node-dev-hook-836394778331486.js:114:20)
    at require.extensions.<computed> (C:\Users\hp\AppData\Local\Temp\ts-node-dev-hook-836394778331486.js:71:20)
    at Object.nodeDevHook [as .ts] (E:\New journy\fundoNotes\fundooNotes\node_modules\ts-node-dev\lib\hook.js:63:13)
    at Module.load (node:internal/modules/cjs/loader:1207:32)
    at Function.Module._load (node:internal/modules/cjs/loader:1023:12) {"date":"Mon Aug 05 2024 15:57:08 GMT+0530 (India Standard Time)","error":{},"exception":true,"os":{"loadavg":[0,0,0],"uptime":262576.671},"process":{"argv":["C:\\Program Files\\nodejs\\node.exe","./src/index.ts"],"cwd":"E:\\New journy\\fundoNotes\\fundooNotes","execPath":"C:\\Program Files\\nodejs\\node.exe","gid":null,"memoryUsage":{"arrayBuffers":118558,"external":2342444,"heapTotal":53067776,"heapUsed":27611456,"rss":69713920},"pid":8736,"uid":null,"version":"v20.10.0"},"stack":"Error:  Unable to compile TypeScript:\n\u001b[96msrc/middlewares/auth.middleware.ts\u001b[0m:\u001b[93m53\u001b[0m:\u001b[93m15\u001b[0m - \u001b[91merror\u001b[0m\u001b[90m TS1003: \u001b[0mIdentifier expected.\r\n\r\n\u001b[7m53\u001b[0m     req.body. = id;\r\n\u001b[7m  \u001b[0m \u001b[91m              ~\u001b[0m\r\n\n    at Object.<anonymous> (E:\\New journy\\fundoNotes\\fundooNotes\\src\\middlewares\\auth.middleware.ts:1:7)\n    at Module._compile (node:internal/modules/cjs/loader:1376:14)\n    at Module._compile (E:\\New journy\\fundoNotes\\fundooNotes\\node_modules\\source-map-support\\source-map-support.js:568:25)\n    at Module.m._compile (C:\\Users\\hp\\AppData\\Local\\Temp\\ts-node-dev-hook-836394778331486.js:69:33)\n    at Module._extensions..js (node:internal/modules/cjs/loader:1435:10)\n    at require.extensions..jsx.require.extensions..js (C:\\Users\\hp\\AppData\\Local\\Temp\\ts-node-dev-hook-836394778331486.js:114:20)\n    at require.extensions.<computed> (C:\\Users\\hp\\AppData\\Local\\Temp\\ts-node-dev-hook-836394778331486.js:71:20)\n    at Object.nodeDevHook [as .ts] (E:\\New journy\\fundoNotes\\fundooNotes\\node_modules\\ts-node-dev\\lib\\hook.js:63:13)\n    at Module.load (node:internal/modules/cjs/loader:1207:32)\n    at Function.Module._load (node:internal/modules/cjs/loader:1023:12)","timestamp":"2024-08-05T10:27:08.956Z","trace":[{"column":7,"file":"E:\\New journy\\fundoNotes\\fundooNotes\\src\\middlewares\\auth.middleware.ts","function":null,"line":1,"method":null,"native":false},{"column":14,"file":"node:internal/modules/cjs/loader","function":"Module._compile","line":1376,"method":"_compile","native":false},{"column":25,"file":"E:\\New journy\\fundoNotes\\fundooNotes\\node_modules\\source-map-support\\source-map-support.js","function":"Module._compile","line":568,"method":"_compile","native":false},{"column":33,"file":"C:\\Users\\hp\\AppData\\Local\\Temp\\ts-node-dev-hook-836394778331486.js","function":"Module.m._compile","line":69,"method":"_compile","native":false},{"column":10,"file":"node:internal/modules/cjs/loader","function":"Module._extensions..js","line":1435,"method":".js","native":false},{"column":20,"file":"C:\\Users\\hp\\AppData\\Local\\Temp\\ts-node-dev-hook-836394778331486.js","function":"require.extensions..jsx.require.extensions..js","line":114,"method":".js","native":false},{"column":20,"file":"C:\\Users\\hp\\AppData\\Local\\Temp\\ts-node-dev-hook-836394778331486.js","function":"require.extensions.<computed>","line":71,"method":"<computed>","native":false},{"column":13,"file":"E:\\New journy\\fundoNotes\\fundooNotes\\node_modules\\ts-node-dev\\lib\\hook.js","function":"Object.nodeDevHook [as .ts]","line":63,"method":"ts]","native":false},{"column":32,"file":"node:internal/modules/cjs/loader","function":"Module.load","line":1207,"method":"load","native":false},{"column":12,"file":"node:internal/modules/cjs/loader","function":"Module._load","line":1023,"method":"_load","native":false}]}
error: 
    status - 500 
    message - Error: Error creating notes : notNull Violation: notes.createdBy cannot be null
    at NotesService.<anonymous> (E:\New journy\fundoNotes\fundooNotes\src\services\notes.service.ts:17:19)
    at Generator.throw (<anonymous>)
    at rejected (E:\New journy\fundoNotes\fundooNotes\src\services\notes.service.ts:29:65)
    at processTicksAndRejections (node:internal/process/task_queues:95:5) 
    url - /api/v1/notes/create 
    method - POST 
    IP - ::1
   {"timestamp":"2024-08-05T10:27:27.161Z"}
error: uncaughtException: no is not defined
ReferenceError: no is not defined
    at NoteRoutes.routes (E:\New journy\fundoNotes\fundooNotes\src\routes\note.route.ts:19:33)
    at new NoteRoutes (E:\New journy\fundoNotes\fundooNotes\src\routes\note.route.ts:12:10)
    at routes (E:\New journy\fundoNotes\fundooNotes\src\routes\index.ts:19:25)
    at App.initializeRoutes (E:\New journy\fundoNotes\fundooNotes\src\index.ts:45:52)
    at new App (E:\New journy\fundoNotes\fundooNotes\src\index.ts:31:10)
    at Object.<anonymous> (E:\New journy\fundoNotes\fundooNotes\src\index.ts:67:13)
    at Module._compile (node:internal/modules/cjs/loader:1376:14)
    at Module._compile (E:\New journy\fundoNotes\fundooNotes\node_modules\source-map-support\source-map-support.js:568:25)
    at Module.m._compile (C:\Users\hp\AppData\Local\Temp\ts-node-dev-hook-836394778331486.js:69:33)
    at Module._extensions..js (node:internal/modules/cjs/loader:1435:10) {"date":"Mon Aug 05 2024 15:57:56 GMT+0530 (India Standard Time)","error":{},"exception":true,"os":{"loadavg":[0,0,0],"uptime":262623.921},"process":{"argv":["C:\\Program Files\\nodejs\\node.exe","./src/index.ts"],"cwd":"E:\\New journy\\fundoNotes\\fundooNotes","execPath":"C:\\Program Files\\nodejs\\node.exe","gid":null,"memoryUsage":{"arrayBuffers":128673,"external":2350636,"heapTotal":53592064,"heapUsed":29193200,"rss":71905280},"pid":4268,"uid":null,"version":"v20.10.0"},"stack":"ReferenceError: no is not defined\n    at NoteRoutes.routes (E:\\New journy\\fundoNotes\\fundooNotes\\src\\routes\\note.route.ts:19:33)\n    at new NoteRoutes (E:\\New journy\\fundoNotes\\fundooNotes\\src\\routes\\note.route.ts:12:10)\n    at routes (E:\\New journy\\fundoNotes\\fundooNotes\\src\\routes\\index.ts:19:25)\n    at App.initializeRoutes (E:\\New journy\\fundoNotes\\fundooNotes\\src\\index.ts:45:52)\n    at new App (E:\\New journy\\fundoNotes\\fundooNotes\\src\\index.ts:31:10)\n    at Object.<anonymous> (E:\\New journy\\fundoNotes\\fundooNotes\\src\\index.ts:67:13)\n    at Module._compile (node:internal/modules/cjs/loader:1376:14)\n    at Module._compile (E:\\New journy\\fundoNotes\\fundooNotes\\node_modules\\source-map-support\\source-map-support.js:568:25)\n    at Module.m._compile (C:\\Users\\hp\\AppData\\Local\\Temp\\ts-node-dev-hook-836394778331486.js:69:33)\n    at Module._extensions..js (node:internal/modules/cjs/loader:1435:10)","timestamp":"2024-08-05T10:27:56.207Z","trace":[{"column":33,"file":"E:\\New journy\\fundoNotes\\fundooNotes\\src\\routes\\note.route.ts","function":"NoteRoutes.routes","line":19,"method":"routes","native":false},{"column":10,"file":"E:\\New journy\\fundoNotes\\fundooNotes\\src\\routes\\note.route.ts","function":"new NoteRoutes","line":12,"method":null,"native":false},{"column":25,"file":"E:\\New journy\\fundoNotes\\fundooNotes\\src\\routes\\index.ts","function":"routes","line":19,"method":null,"native":false},{"column":52,"file":"E:\\New journy\\fundoNotes\\fundooNotes\\src\\index.ts","function":"App.initializeRoutes","line":45,"method":"initializeRoutes","native":false},{"column":10,"file":"E:\\New journy\\fundoNotes\\fundooNotes\\src\\index.ts","function":"new App","line":31,"method":null,"native":false},{"column":13,"file":"E:\\New journy\\fundoNotes\\fundooNotes\\src\\index.ts","function":null,"line":67,"method":null,"native":false},{"column":14,"file":"node:internal/modules/cjs/loader","function":"Module._compile","line":1376,"method":"_compile","native":false},{"column":25,"file":"E:\\New journy\\fundoNotes\\fundooNotes\\node_modules\\source-map-support\\source-map-support.js","function":"Module._compile","line":568,"method":"_compile","native":false},{"column":33,"file":"C:\\Users\\hp\\AppData\\Local\\Temp\\ts-node-dev-hook-836394778331486.js","function":"Module.m._compile","line":69,"method":"_compile","native":false},{"column":10,"file":"node:internal/modules/cjs/loader","function":"Module._extensions..js","line":1435,"method":".js","native":false}]}
error: uncaughtException:  Unable to compile TypeScript:
[96msrc/routes/note.route.ts[0m:[93m21[0m:[93m33[0m - [91merror[0m[90m TS1135: [0mArgument expression expected.

[7m21[0m     this.router.get('/allNotes',, this.NotesController.getAllNotes);
[7m  [0m [91m                                ~[0m

Error:  Unable to compile TypeScript:
[96msrc/routes/note.route.ts[0m:[93m21[0m:[93m33[0m - [91merror[0m[90m TS1135: [0mArgument expression expected.

[7m21[0m     this.router.get('/allNotes',, this.NotesController.getAllNotes);
[7m  [0m [91m                                ~[0m

    at Object.<anonymous> (E:\New journy\fundoNotes\fundooNotes\src\routes\note.route.ts:1:7)
    at Module._compile (node:internal/modules/cjs/loader:1376:14)
    at Module._compile (E:\New journy\fundoNotes\fundooNotes\node_modules\source-map-support\source-map-support.js:568:25)
    at Module.m._compile (C:\Users\hp\AppData\Local\Temp\ts-node-dev-hook-836394778331486.js:69:33)
    at Module._extensions..js (node:internal/modules/cjs/loader:1435:10)
    at require.extensions..jsx.require.extensions..js (C:\Users\hp\AppData\Local\Temp\ts-node-dev-hook-836394778331486.js:114:20)
    at require.extensions.<computed> (C:\Users\hp\AppData\Local\Temp\ts-node-dev-hook-836394778331486.js:71:20)
    at Object.nodeDevHook [as .ts] (E:\New journy\fundoNotes\fundooNotes\node_modules\ts-node-dev\lib\hook.js:63:13)
    at Module.load (node:internal/modules/cjs/loader:1207:32)
    at Function.Module._load (node:internal/modules/cjs/loader:1023:12) {"date":"Mon Aug 05 2024 15:58:06 GMT+0530 (India Standard Time)","error":{},"exception":true,"os":{"loadavg":[0,0,0],"uptime":262634.609},"process":{"argv":["C:\\Program Files\\nodejs\\node.exe","./src/index.ts"],"cwd":"E:\\New journy\\fundoNotes\\fundooNotes","execPath":"C:\\Program Files\\nodejs\\node.exe","gid":null,"memoryUsage":{"arrayBuffers":117141,"external":2342444,"heapTotal":53592064,"heapUsed":26108696,"rss":68734976},"pid":12540,"uid":null,"version":"v20.10.0"},"stack":"Error:  Unable to compile TypeScript:\n\u001b[96msrc/routes/note.route.ts\u001b[0m:\u001b[93m21\u001b[0m:\u001b[93m33\u001b[0m - \u001b[91merror\u001b[0m\u001b[90m TS1135: \u001b[0mArgument expression expected.\r\n\r\n\u001b[7m21\u001b[0m     this.router.get('/allNotes',, this.NotesController.getAllNotes);\r\n\u001b[7m  \u001b[0m \u001b[91m                                ~\u001b[0m\r\n\n    at Object.<anonymous> (E:\\New journy\\fundoNotes\\fundooNotes\\src\\routes\\note.route.ts:1:7)\n    at Module._compile (node:internal/modules/cjs/loader:1376:14)\n    at Module._compile (E:\\New journy\\fundoNotes\\fundooNotes\\node_modules\\source-map-support\\source-map-support.js:568:25)\n    at Module.m._compile (C:\\Users\\hp\\AppData\\Local\\Temp\\ts-node-dev-hook-836394778331486.js:69:33)\n    at Module._extensions..js (node:internal/modules/cjs/loader:1435:10)\n    at require.extensions..jsx.require.extensions..js (C:\\Users\\hp\\AppData\\Local\\Temp\\ts-node-dev-hook-836394778331486.js:114:20)\n    at require.extensions.<computed> (C:\\Users\\hp\\AppData\\Local\\Temp\\ts-node-dev-hook-836394778331486.js:71:20)\n    at Object.nodeDevHook [as .ts] (E:\\New journy\\fundoNotes\\fundooNotes\\node_modules\\ts-node-dev\\lib\\hook.js:63:13)\n    at Module.load (node:internal/modules/cjs/loader:1207:32)\n    at Function.Module._load (node:internal/modules/cjs/loader:1023:12)","timestamp":"2024-08-05T10:28:06.892Z","trace":[{"column":7,"file":"E:\\New journy\\fundoNotes\\fundooNotes\\src\\routes\\note.route.ts","function":null,"line":1,"method":null,"native":false},{"column":14,"file":"node:internal/modules/cjs/loader","function":"Module._compile","line":1376,"method":"_compile","native":false},{"column":25,"file":"E:\\New journy\\fundoNotes\\fundooNotes\\node_modules\\source-map-support\\source-map-support.js","function":"Module._compile","line":568,"method":"_compile","native":false},{"column":33,"file":"C:\\Users\\hp\\AppData\\Local\\Temp\\ts-node-dev-hook-836394778331486.js","function":"Module.m._compile","line":69,"method":"_compile","native":false},{"column":10,"file":"node:internal/modules/cjs/loader","function":"Module._extensions..js","line":1435,"method":".js","native":false},{"column":20,"file":"C:\\Users\\hp\\AppData\\Local\\Temp\\ts-node-dev-hook-836394778331486.js","function":"require.extensions..jsx.require.extensions..js","line":114,"method":".js","native":false},{"column":20,"file":"C:\\Users\\hp\\AppData\\Local\\Temp\\ts-node-dev-hook-836394778331486.js","function":"require.extensions.<computed>","line":71,"method":"<computed>","native":false},{"column":13,"file":"E:\\New journy\\fundoNotes\\fundooNotes\\node_modules\\ts-node-dev\\lib\\hook.js","function":"Object.nodeDevHook [as .ts]","line":63,"method":"ts]","native":false},{"column":32,"file":"node:internal/modules/cjs/loader","function":"Module.load","line":1207,"method":"load","native":false},{"column":12,"file":"node:internal/modules/cjs/loader","function":"Module._load","line":1023,"method":"_load","native":false}]}
error: uncaughtException: usenoteAuthrAuth is not defined
ReferenceError: usenoteAuthrAuth is not defined
    at NoteRoutes.routes (E:\New journy\fundoNotes\fundooNotes\src\routes\note.route.ts:17:64)
    at new NoteRoutes (E:\New journy\fundoNotes\fundooNotes\src\routes\note.route.ts:12:10)
    at routes (E:\New journy\fundoNotes\fundooNotes\src\routes\index.ts:19:25)
    at App.initializeRoutes (E:\New journy\fundoNotes\fundooNotes\src\index.ts:45:52)
    at new App (E:\New journy\fundoNotes\fundooNotes\src\index.ts:31:10)
    at Object.<anonymous> (E:\New journy\fundoNotes\fundooNotes\src\index.ts:67:13)
    at Module._compile (node:internal/modules/cjs/loader:1376:14)
    at Module._compile (E:\New journy\fundoNotes\fundooNotes\node_modules\source-map-support\source-map-support.js:568:25)
    at Module.m._compile (C:\Users\hp\AppData\Local\Temp\ts-node-dev-hook-836394778331486.js:69:33)
    at Module._extensions..js (node:internal/modules/cjs/loader:1435:10) {"date":"Mon Aug 05 2024 15:58:34 GMT+0530 (India Standard Time)","error":{},"exception":true,"os":{"loadavg":[0,0,0],"uptime":262662.421},"process":{"argv":["C:\\Program Files\\nodejs\\node.exe","./src/index.ts"],"cwd":"E:\\New journy\\fundoNotes\\fundooNotes","execPath":"C:\\Program Files\\nodejs\\node.exe","gid":null,"memoryUsage":{"arrayBuffers":128687,"external":2350636,"heapTotal":53854208,"heapUsed":28241040,"rss":71254016},"pid":11456,"uid":null,"version":"v20.10.0"},"stack":"ReferenceError: usenoteAuthrAuth is not defined\n    at NoteRoutes.routes (E:\\New journy\\fundoNotes\\fundooNotes\\src\\routes\\note.route.ts:17:64)\n    at new NoteRoutes (E:\\New journy\\fundoNotes\\fundooNotes\\src\\routes\\note.route.ts:12:10)\n    at routes (E:\\New journy\\fundoNotes\\fundooNotes\\src\\routes\\index.ts:19:25)\n    at App.initializeRoutes (E:\\New journy\\fundoNotes\\fundooNotes\\src\\index.ts:45:52)\n    at new App (E:\\New journy\\fundoNotes\\fundooNotes\\src\\index.ts:31:10)\n    at Object.<anonymous> (E:\\New journy\\fundoNotes\\fundooNotes\\src\\index.ts:67:13)\n    at Module._compile (node:internal/modules/cjs/loader:1376:14)\n    at Module._compile (E:\\New journy\\fundoNotes\\fundooNotes\\node_modules\\source-map-support\\source-map-support.js:568:25)\n    at Module.m._compile (C:\\Users\\hp\\AppData\\Local\\Temp\\ts-node-dev-hook-836394778331486.js:69:33)\n    at Module._extensions..js (node:internal/modules/cjs/loader:1435:10)","timestamp":"2024-08-05T10:28:34.706Z","trace":[{"column":64,"file":"E:\\New journy\\fundoNotes\\fundooNotes\\src\\routes\\note.route.ts","function":"NoteRoutes.routes","line":17,"method":"routes","native":false},{"column":10,"file":"E:\\New journy\\fundoNotes\\fundooNotes\\src\\routes\\note.route.ts","function":"new NoteRoutes","line":12,"method":null,"native":false},{"column":25,"file":"E:\\New journy\\fundoNotes\\fundooNotes\\src\\routes\\index.ts","function":"routes","line":19,"method":null,"native":false},{"column":52,"file":"E:\\New journy\\fundoNotes\\fundooNotes\\src\\index.ts","function":"App.initializeRoutes","line":45,"method":"initializeRoutes","native":false},{"column":10,"file":"E:\\New journy\\fundoNotes\\fundooNotes\\src\\index.ts","function":"new App","line":31,"method":null,"native":false},{"column":13,"file":"E:\\New journy\\fundoNotes\\fundooNotes\\src\\index.ts","function":null,"line":67,"method":null,"native":false},{"column":14,"file":"node:internal/modules/cjs/loader","function":"Module._compile","line":1376,"method":"_compile","native":false},{"column":25,"file":"E:\\New journy\\fundoNotes\\fundooNotes\\node_modules\\source-map-support\\source-map-support.js","function":"Module._compile","line":568,"method":"_compile","native":false},{"column":33,"file":"C:\\Users\\hp\\AppData\\Local\\Temp\\ts-node-dev-hook-836394778331486.js","function":"Module.m._compile","line":69,"method":"_compile","native":false},{"column":10,"file":"node:internal/modules/cjs/loader","function":"Module._extensions..js","line":1435,"method":".js","native":false}]}
error: 
    status - 500 
    message - Error: Error updating note with ID undefined: WHERE parameter "id" has invalid "undefined" value
    at NotesService.<anonymous> (E:\New journy\fundoNotes\fundooNotes\src\services\notes.service.ts:33:15)
    at Generator.throw (<anonymous>)
    at rejected (E:\New journy\fundoNotes\fundooNotes\src\services\notes.service.ts:29:65)
    at processTicksAndRejections (node:internal/process/task_queues:95:5) 
    url - /api/v1/notes/update/1 
    method - POST 
    IP - ::1
   {"timestamp":"2024-08-05T10:31:15.483Z"}
error: uncaughtException:  Unable to compile TypeScript:
[96msrc/controllers/notes.controller.ts[0m:[93m17[0m:[93m61[0m - [91merror[0m[90m TS1135: [0mArgument expression expected.

[7m17[0m             const data = await this.NoteService.updateNotes(.id, req.body);
[7m  [0m [91m                                                            ~[0m

Error:  Unable to compile TypeScript:
[96msrc/controllers/notes.controller.ts[0m:[93m17[0m:[93m61[0m - [91merror[0m[90m TS1135: [0mArgument expression expected.

[7m17[0m             const data = await this.NoteService.updateNotes(.id, req.body);
[7m  [0m [91m                                                            ~[0m

    at Object.<anonymous> (E:\New journy\fundoNotes\fundooNotes\src\controllers\notes.controller.ts:1:7)
    at Module._compile (node:internal/modules/cjs/loader:1376:14)
    at Module._compile (E:\New journy\fundoNotes\fundooNotes\node_modules\source-map-support\source-map-support.js:568:25)
    at Module.m._compile (C:\Users\hp\AppData\Local\Temp\ts-node-dev-hook-836394778331486.js:69:33)
    at Module._extensions..js (node:internal/modules/cjs/loader:1435:10)
    at require.extensions..jsx.require.extensions..js (C:\Users\hp\AppData\Local\Temp\ts-node-dev-hook-836394778331486.js:114:20)
    at require.extensions.<computed> (C:\Users\hp\AppData\Local\Temp\ts-node-dev-hook-836394778331486.js:71:20)
    at Object.nodeDevHook [as .ts] (E:\New journy\fundoNotes\fundooNotes\node_modules\ts-node-dev\lib\hook.js:63:13)
    at Module.load (node:internal/modules/cjs/loader:1207:32)
    at Function.Module._load (node:internal/modules/cjs/loader:1023:12) {"date":"Mon Aug 05 2024 16:01:53 GMT+0530 (India Standard Time)","error":{},"exception":true,"os":{"loadavg":[0,0,0],"uptime":262861.171},"process":{"argv":["C:\\Program Files\\nodejs\\node.exe","./src/index.ts"],"cwd":"E:\\New journy\\fundoNotes\\fundooNotes","execPath":"C:\\Program Files\\nodejs\\node.exe","gid":null,"memoryUsage":{"arrayBuffers":117575,"external":2342444,"heapTotal":53329920,"heapUsed":26938640,"rss":69382144},"pid":8936,"uid":null,"version":"v20.10.0"},"stack":"Error:  Unable to compile TypeScript:\n\u001b[96msrc/controllers/notes.controller.ts\u001b[0m:\u001b[93m17\u001b[0m:\u001b[93m61\u001b[0m - \u001b[91merror\u001b[0m\u001b[90m TS1135: \u001b[0mArgument expression expected.\r\n\r\n\u001b[7m17\u001b[0m             const data = await this.NoteService.updateNotes(.id, req.body);\r\n\u001b[7m  \u001b[0m \u001b[91m                                                            ~\u001b[0m\r\n\n    at Object.<anonymous> (E:\\New journy\\fundoNotes\\fundooNotes\\src\\controllers\\notes.controller.ts:1:7)\n    at Module._compile (node:internal/modules/cjs/loader:1376:14)\n    at Module._compile (E:\\New journy\\fundoNotes\\fundooNotes\\node_modules\\source-map-support\\source-map-support.js:568:25)\n    at Module.m._compile (C:\\Users\\hp\\AppData\\Local\\Temp\\ts-node-dev-hook-836394778331486.js:69:33)\n    at Module._extensions..js (node:internal/modules/cjs/loader:1435:10)\n    at require.extensions..jsx.require.extensions..js (C:\\Users\\hp\\AppData\\Local\\Temp\\ts-node-dev-hook-836394778331486.js:114:20)\n    at require.extensions.<computed> (C:\\Users\\hp\\AppData\\Local\\Temp\\ts-node-dev-hook-836394778331486.js:71:20)\n    at Object.nodeDevHook [as .ts] (E:\\New journy\\fundoNotes\\fundooNotes\\node_modules\\ts-node-dev\\lib\\hook.js:63:13)\n    at Module.load (node:internal/modules/cjs/loader:1207:32)\n    at Function.Module._load (node:internal/modules/cjs/loader:1023:12)","timestamp":"2024-08-05T10:31:53.461Z","trace":[{"column":7,"file":"E:\\New journy\\fundoNotes\\fundooNotes\\src\\controllers\\notes.controller.ts","function":null,"line":1,"method":null,"native":false},{"column":14,"file":"node:internal/modules/cjs/loader","function":"Module._compile","line":1376,"method":"_compile","native":false},{"column":25,"file":"E:\\New journy\\fundoNotes\\fundooNotes\\node_modules\\source-map-support\\source-map-support.js","function":"Module._compile","line":568,"method":"_compile","native":false},{"column":33,"file":"C:\\Users\\hp\\AppData\\Local\\Temp\\ts-node-dev-hook-836394778331486.js","function":"Module.m._compile","line":69,"method":"_compile","native":false},{"column":10,"file":"node:internal/modules/cjs/loader","function":"Module._extensions..js","line":1435,"method":".js","native":false},{"column":20,"file":"C:\\Users\\hp\\AppData\\Local\\Temp\\ts-node-dev-hook-836394778331486.js","function":"require.extensions..jsx.require.extensions..js","line":114,"method":".js","native":false},{"column":20,"file":"C:\\Users\\hp\\AppData\\Local\\Temp\\ts-node-dev-hook-836394778331486.js","function":"require.extensions.<computed>","line":71,"method":"<computed>","native":false},{"column":13,"file":"E:\\New journy\\fundoNotes\\fundooNotes\\node_modules\\ts-node-dev\\lib\\hook.js","function":"Object.nodeDevHook [as .ts]","line":63,"method":"ts]","native":false},{"column":32,"file":"node:internal/modules/cjs/loader","function":"Module.load","line":1207,"method":"load","native":false},{"column":12,"file":"node:internal/modules/cjs/loader","function":"Module._load","line":1023,"method":"_load","native":false}]}
error: uncaughtException:  Unable to compile TypeScript:
[96msrc/controllers/notes.controller.ts[0m:[93m68[0m:[93m65[0m - [91merror[0m[90m TS1003: [0mIdentifier expected.

[7m68[0m             const data = await this.NoteService.getAllNotes(req.);
[7m  [0m [91m                                                                ~[0m

Error:  Unable to compile TypeScript:
[96msrc/controllers/notes.controller.ts[0m:[93m68[0m:[93m65[0m - [91merror[0m[90m TS1003: [0mIdentifier expected.

[7m68[0m             const data = await this.NoteService.getAllNotes(req.);
[7m  [0m [91m                                                                ~[0m

    at Object.<anonymous> (E:\New journy\fundoNotes\fundooNotes\src\controllers\notes.controller.ts:1:7)
    at Module._compile (node:internal/modules/cjs/loader:1376:14)
    at Module._compile (E:\New journy\fundoNotes\fundooNotes\node_modules\source-map-support\source-map-support.js:568:25)
    at Module.m._compile (C:\Users\hp\AppData\Local\Temp\ts-node-dev-hook-836394778331486.js:69:33)
    at Module._extensions..js (node:internal/modules/cjs/loader:1435:10)
    at require.extensions..jsx.require.extensions..js (C:\Users\hp\AppData\Local\Temp\ts-node-dev-hook-836394778331486.js:114:20)
    at require.extensions.<computed> (C:\Users\hp\AppData\Local\Temp\ts-node-dev-hook-836394778331486.js:71:20)
    at Object.nodeDevHook [as .ts] (E:\New journy\fundoNotes\fundooNotes\node_modules\ts-node-dev\lib\hook.js:63:13)
    at Module.load (node:internal/modules/cjs/loader:1207:32)
    at Function.Module._load (node:internal/modules/cjs/loader:1023:12) {"date":"Mon Aug 05 2024 16:06:28 GMT+0530 (India Standard Time)","error":{},"exception":true,"os":{"loadavg":[0,0,0],"uptime":263135.859},"process":{"argv":["C:\\Program Files\\nodejs\\node.exe","./src/index.ts"],"cwd":"E:\\New journy\\fundoNotes\\fundooNotes","execPath":"C:\\Program Files\\nodejs\\node.exe","gid":null,"memoryUsage":{"arrayBuffers":117561,"external":2342444,"heapTotal":53329920,"heapUsed":26960248,"rss":68804608},"pid":7872,"uid":null,"version":"v20.10.0"},"stack":"Error:  Unable to compile TypeScript:\n\u001b[96msrc/controllers/notes.controller.ts\u001b[0m:\u001b[93m68\u001b[0m:\u001b[93m65\u001b[0m - \u001b[91merror\u001b[0m\u001b[90m TS1003: \u001b[0mIdentifier expected.\r\n\r\n\u001b[7m68\u001b[0m             const data = await this.NoteService.getAllNotes(req.);\r\n\u001b[7m  \u001b[0m \u001b[91m                                                                ~\u001b[0m\r\n\n    at Object.<anonymous> (E:\\New journy\\fundoNotes\\fundooNotes\\src\\controllers\\notes.controller.ts:1:7)\n    at Module._compile (node:internal/modules/cjs/loader:1376:14)\n    at Module._compile (E:\\New journy\\fundoNotes\\fundooNotes\\node_modules\\source-map-support\\source-map-support.js:568:25)\n    at Module.m._compile (C:\\Users\\hp\\AppData\\Local\\Temp\\ts-node-dev-hook-836394778331486.js:69:33)\n    at Module._extensions..js (node:internal/modules/cjs/loader:1435:10)\n    at require.extensions..jsx.require.extensions..js (C:\\Users\\hp\\AppData\\Local\\Temp\\ts-node-dev-hook-836394778331486.js:114:20)\n    at require.extensions.<computed> (C:\\Users\\hp\\AppData\\Local\\Temp\\ts-node-dev-hook-836394778331486.js:71:20)\n    at Object.nodeDevHook [as .ts] (E:\\New journy\\fundoNotes\\fundooNotes\\node_modules\\ts-node-dev\\lib\\hook.js:63:13)\n    at Module.load (node:internal/modules/cjs/loader:1207:32)\n    at Function.Module._load (node:internal/modules/cjs/loader:1023:12)","timestamp":"2024-08-05T10:36:28.160Z","trace":[{"column":7,"file":"E:\\New journy\\fundoNotes\\fundooNotes\\src\\controllers\\notes.controller.ts","function":null,"line":1,"method":null,"native":false},{"column":14,"file":"node:internal/modules/cjs/loader","function":"Module._compile","line":1376,"method":"_compile","native":false},{"column":25,"file":"E:\\New journy\\fundoNotes\\fundooNotes\\node_modules\\source-map-support\\source-map-support.js","function":"Module._compile","line":568,"method":"_compile","native":false},{"column":33,"file":"C:\\Users\\hp\\AppData\\Local\\Temp\\ts-node-dev-hook-836394778331486.js","function":"Module.m._compile","line":69,"method":"_compile","native":false},{"column":10,"file":"node:internal/modules/cjs/loader","function":"Module._extensions..js","line":1435,"method":".js","native":false},{"column":20,"file":"C:\\Users\\hp\\AppData\\Local\\Temp\\ts-node-dev-hook-836394778331486.js","function":"require.extensions..jsx.require.extensions..js","line":114,"method":".js","native":false},{"column":20,"file":"C:\\Users\\hp\\AppData\\Local\\Temp\\ts-node-dev-hook-836394778331486.js","function":"require.extensions.<computed>","line":71,"method":"<computed>","native":false},{"column":13,"file":"E:\\New journy\\fundoNotes\\fundooNotes\\node_modules\\ts-node-dev\\lib\\hook.js","function":"Object.nodeDevHook [as .ts]","line":63,"method":"ts]","native":false},{"column":32,"file":"node:internal/modules/cjs/loader","function":"Module.load","line":1207,"method":"load","native":false},{"column":12,"file":"node:internal/modules/cjs/loader","function":"Module._load","line":1023,"method":"_load","native":false}]}
error: uncaughtException: log is not defined
ReferenceError: log is not defined
    at Object.<anonymous> (E:\New journy\fundoNotes\fundooNotes\src\config\database.ts:49:1)
    at Module._compile (node:internal/modules/cjs/loader:1376:14)
    at Module._compile (E:\New journy\fundoNotes\fundooNotes\node_modules\source-map-support\source-map-support.js:568:25)
    at Module.m._compile (C:\Users\hp\AppData\Local\Temp\ts-node-dev-hook-606814675793496.js:69:33)
    at Module._extensions..js (node:internal/modules/cjs/loader:1435:10)
    at require.extensions..jsx.require.extensions..js (C:\Users\hp\AppData\Local\Temp\ts-node-dev-hook-606814675793496.js:114:20)
    at require.extensions.<computed> (C:\Users\hp\AppData\Local\Temp\ts-node-dev-hook-606814675793496.js:71:20)
    at Object.nodeDevHook [as .ts] (E:\New journy\fundoNotes\fundooNotes\node_modules\ts-node-dev\lib\hook.js:63:13)
    at Module.load (node:internal/modules/cjs/loader:1207:32)
    at Function.Module._load (node:internal/modules/cjs/loader:1023:12) {"date":"Mon Aug 05 2024 16:56:49 GMT+0530 (India Standard Time)","error":{},"exception":true,"os":{"loadavg":[0,0,0],"uptime":266157.64},"process":{"argv":["C:\\Program Files\\nodejs\\node.exe","./src/index.ts"],"cwd":"E:\\New journy\\fundoNotes\\fundooNotes","execPath":"C:\\Program Files\\nodejs\\node.exe","gid":null,"memoryUsage":{"arrayBuffers":98030,"external":2342444,"heapTotal":35241984,"heapUsed":22811216,"rss":61329408},"pid":14456,"uid":null,"version":"v20.10.0"},"stack":"ReferenceError: log is not defined\n    at Object.<anonymous> (E:\\New journy\\fundoNotes\\fundooNotes\\src\\config\\database.ts:49:1)\n    at Module._compile (node:internal/modules/cjs/loader:1376:14)\n    at Module._compile (E:\\New journy\\fundoNotes\\fundooNotes\\node_modules\\source-map-support\\source-map-support.js:568:25)\n    at Module.m._compile (C:\\Users\\hp\\AppData\\Local\\Temp\\ts-node-dev-hook-606814675793496.js:69:33)\n    at Module._extensions..js (node:internal/modules/cjs/loader:1435:10)\n    at require.extensions..jsx.require.extensions..js (C:\\Users\\hp\\AppData\\Local\\Temp\\ts-node-dev-hook-606814675793496.js:114:20)\n    at require.extensions.<computed> (C:\\Users\\hp\\AppData\\Local\\Temp\\ts-node-dev-hook-606814675793496.js:71:20)\n    at Object.nodeDevHook [as .ts] (E:\\New journy\\fundoNotes\\fundooNotes\\node_modules\\ts-node-dev\\lib\\hook.js:63:13)\n    at Module.load (node:internal/modules/cjs/loader:1207:32)\n    at Function.Module._load (node:internal/modules/cjs/loader:1023:12)","timestamp":"2024-08-05T11:26:49.925Z","trace":[{"column":1,"file":"E:\\New journy\\fundoNotes\\fundooNotes\\src\\config\\database.ts","function":null,"line":49,"method":null,"native":false},{"column":14,"file":"node:internal/modules/cjs/loader","function":"Module._compile","line":1376,"method":"_compile","native":false},{"column":25,"file":"E:\\New journy\\fundoNotes\\fundooNotes\\node_modules\\source-map-support\\source-map-support.js","function":"Module._compile","line":568,"method":"_compile","native":false},{"column":33,"file":"C:\\Users\\hp\\AppData\\Local\\Temp\\ts-node-dev-hook-606814675793496.js","function":"Module.m._compile","line":69,"method":"_compile","native":false},{"column":10,"file":"node:internal/modules/cjs/loader","function":"Module._extensions..js","line":1435,"method":".js","native":false},{"column":20,"file":"C:\\Users\\hp\\AppData\\Local\\Temp\\ts-node-dev-hook-606814675793496.js","function":"require.extensions..jsx.require.extensions..js","line":114,"method":".js","native":false},{"column":20,"file":"C:\\Users\\hp\\AppData\\Local\\Temp\\ts-node-dev-hook-606814675793496.js","function":"require.extensions.<computed>","line":71,"method":"<computed>","native":false},{"column":13,"file":"E:\\New journy\\fundoNotes\\fundooNotes\\node_modules\\ts-node-dev\\lib\\hook.js","function":"Object.nodeDevHook [as .ts]","line":63,"method":"ts]","native":false},{"column":32,"file":"node:internal/modules/cjs/loader","function":"Module.load","line":1207,"method":"load","native":false},{"column":12,"file":"node:internal/modules/cjs/loader","function":"Module._load","line":1023,"method":"_load","native":false}]}
error: 
    status - 500 
    message - Error: User not found
    at UserService.<anonymous> (E:\New journy\fundoNotes\fundooNotes\src\services\user.service.ts:136:13)
    at Generator.next (<anonymous>)
    at fulfilled (E:\New journy\fundoNotes\fundooNotes\src\services\user.service.ts:81:58)
    at processTicksAndRejections (node:internal/process/task_queues:95:5) 
    url - /api/v1/users//getuser/8 
    method - GET 
    IP - ::1
   {"timestamp":"2024-08-07T11:26:07.272Z"}
error: 
    status - 500 
    message - TokenExpiredError: jwt expired
    at E:\New journy\fundoNotes\fundooNotes\node_modules\jsonwebtoken\verify.js:152:21
    at getSecret (E:\New journy\fundoNotes\fundooNotes\node_modules\jsonwebtoken\verify.js:90:14)
    at Object.module.exports [as verify] (E:\New journy\fundoNotes\fundooNotes\node_modules\jsonwebtoken\verify.js:94:10)
    at E:\New journy\fundoNotes\fundooNotes\src\middlewares\auth.middleware.ts:52:35
    at Generator.next (<anonymous>)
    at E:\New journy\fundoNotes\fundooNotes\src\middlewares\auth.middleware.ts:8:71
    at new Promise (<anonymous>)
    at __awaiter (E:\New journy\fundoNotes\fundooNotes\src\middlewares\auth.middleware.ts:4:12)
    at noteAuth (E:\New journy\fundoNotes\fundooNotes\src\middlewares\auth.middleware.ts:42:20)
    at Layer.handle [as handle_request] (E:\New journy\fundoNotes\fundooNotes\node_modules\express\lib\router\layer.js:95:5) 
    url - /api/v1/notes/create 
    method - POST 
    IP - ::1
   {"timestamp":"2024-08-07T11:47:16.087Z"}
error: 
      status - 400
      message - Authorization token is required 
      url - /api/v1/notes/allNotes 
      method - GET 
      IP - ::1
     {"timestamp":"2024-08-08T09:51:00.411Z"}
error: 
    status - 500 
    message - Error: 
    at Query.run (E:\New journy\fundoNotes\fundooNotes\node_modules\sequelize\src\dialects\postgres\query.js:76:25)
    at E:\New journy\fundoNotes\fundooNotes\node_modules\sequelize\src\sequelize.js:650:28
    at processTicksAndRejections (node:internal/process/task_queues:95:5)
    at PostgresQueryInterface.bulkUpdate (E:\New journy\fundoNotes\fundooNotes\node_modules\sequelize\src\dialects\abstract\query-interface.js:930:12)
    at Function.update (E:\New journy\fundoNotes\fundooNotes\node_modules\sequelize\src\model.js:3352:28) 
    url - /api/v1/users/changePass 
    method - PUT 
    IP - ::1
   {"timestamp":"2024-08-08T11:11:05.872Z"}
error: 
    status - 500 
    message - Error: 
    at Query.run (E:\New journy\fundoNotes\fundooNotes\node_modules\sequelize\src\dialects\postgres\query.js:76:25)
    at E:\New journy\fundoNotes\fundooNotes\node_modules\sequelize\src\sequelize.js:650:28
    at processTicksAndRejections (node:internal/process/task_queues:95:5)
    at PostgresQueryInterface.bulkUpdate (E:\New journy\fundoNotes\fundooNotes\node_modules\sequelize\src\dialects\abstract\query-interface.js:930:12)
    at Function.update (E:\New journy\fundoNotes\fundooNotes\node_modules\sequelize\src\model.js:3352:28) 
    url - /api/v1/users/changePass 
    method - PUT 
    IP - ::1
   {"timestamp":"2024-08-08T11:16:15.884Z"}
error: 
    status - 500 
    message - Error: 
    at Query.run (E:\New journy\fundoNotes\fundooNotes\node_modules\sequelize\src\dialects\postgres\query.js:76:25)
    at E:\New journy\fundoNotes\fundooNotes\node_modules\sequelize\src\sequelize.js:650:28
    at processTicksAndRejections (node:internal/process/task_queues:95:5)
    at PostgresQueryInterface.bulkUpdate (E:\New journy\fundoNotes\fundooNotes\node_modules\sequelize\src\dialects\abstract\query-interface.js:930:12)
    at Function.update (E:\New journy\fundoNotes\fundooNotes\node_modules\sequelize\src\model.js:3352:28) 
    url - /api/v1/users/changePass 
    method - POST 
    IP - ::1
   {"timestamp":"2024-08-08T11:16:54.609Z"}
error: 
    status - 500 
    message - Error: 
    at Query.run (E:\New journy\fundoNotes\fundooNotes\node_modules\sequelize\src\dialects\postgres\query.js:76:25)
    at E:\New journy\fundoNotes\fundooNotes\node_modules\sequelize\src\sequelize.js:650:28
    at processTicksAndRejections (node:internal/process/task_queues:95:5)
    at PostgresQueryInterface.bulkUpdate (E:\New journy\fundoNotes\fundooNotes\node_modules\sequelize\src\dialects\abstract\query-interface.js:930:12)
    at Function.update (E:\New journy\fundoNotes\fundooNotes\node_modules\sequelize\src\model.js:3352:28) 
    url - /api/v1/users/changePass 
    method - POST 
    IP - ::1
   {"timestamp":"2024-08-08T11:23:23.558Z"}
error: uncaughtException:  Unable to compile TypeScript:
[96msrc/models/user.ts[0m:[93m73[0m:[93m3[0m - [91merror[0m[90m TS1005: [0m',' expected.

[7m73[0m   );
[7m  [0m [91m  ~[0m

Error:  Unable to compile TypeScript:
[96msrc/models/user.ts[0m:[93m73[0m:[93m3[0m - [91merror[0m[90m TS1005: [0m',' expected.

[7m73[0m   );
[7m  [0m [91m  ~[0m

    at Object.<anonymous> (E:\New journy\fundoNotes\fundooNotes\src\models\user.ts:1:7)
    at Module._compile (node:internal/modules/cjs/loader:1376:14)
    at Module._compile (E:\New journy\fundoNotes\fundooNotes\node_modules\source-map-support\source-map-support.js:568:25)
    at Module.m._compile (C:\Users\hp\AppData\Local\Temp\ts-node-dev-hook-863513294001947.js:69:33)
    at Module._extensions..js (node:internal/modules/cjs/loader:1435:10)
    at require.extensions..jsx.require.extensions..js (C:\Users\hp\AppData\Local\Temp\ts-node-dev-hook-863513294001947.js:114:20)
    at require.extensions.<computed> (C:\Users\hp\AppData\Local\Temp\ts-node-dev-hook-863513294001947.js:71:20)
    at Object.nodeDevHook [as .ts] (E:\New journy\fundoNotes\fundooNotes\node_modules\ts-node-dev\lib\hook.js:63:13)
    at Module.load (node:internal/modules/cjs/loader:1207:32)
    at Function.Module._load (node:internal/modules/cjs/loader:1023:12) {"date":"Thu Aug 08 2024 17:01:50 GMT+0530 (India Standard Time)","error":{},"exception":true,"os":{"loadavg":[0,0,0],"uptime":10655.484},"process":{"argv":["C:\\Program Files\\nodejs\\node.exe","./src/index.ts"],"cwd":"E:\\New journy\\fundoNotes\\fundooNotes","execPath":"C:\\Program Files\\nodejs\\node.exe","gid":null,"memoryUsage":{"arrayBuffers":107075,"external":2342444,"heapTotal":52543488,"heapUsed":19576032,"rss":65261568},"pid":13440,"uid":null,"version":"v20.10.0"},"stack":"Error:  Unable to compile TypeScript:\n\u001b[96msrc/models/user.ts\u001b[0m:\u001b[93m73\u001b[0m:\u001b[93m3\u001b[0m - \u001b[91merror\u001b[0m\u001b[90m TS1005: \u001b[0m',' expected.\r\n\r\n\u001b[7m73\u001b[0m   );\r\n\u001b[7m  \u001b[0m \u001b[91m  ~\u001b[0m\r\n\n    at Object.<anonymous> (E:\\New journy\\fundoNotes\\fundooNotes\\src\\models\\user.ts:1:7)\n    at Module._compile (node:internal/modules/cjs/loader:1376:14)\n    at Module._compile (E:\\New journy\\fundoNotes\\fundooNotes\\node_modules\\source-map-support\\source-map-support.js:568:25)\n    at Module.m._compile (C:\\Users\\hp\\AppData\\Local\\Temp\\ts-node-dev-hook-863513294001947.js:69:33)\n    at Module._extensions..js (node:internal/modules/cjs/loader:1435:10)\n    at require.extensions..jsx.require.extensions..js (C:\\Users\\hp\\AppData\\Local\\Temp\\ts-node-dev-hook-863513294001947.js:114:20)\n    at require.extensions.<computed> (C:\\Users\\hp\\AppData\\Local\\Temp\\ts-node-dev-hook-863513294001947.js:71:20)\n    at Object.nodeDevHook [as .ts] (E:\\New journy\\fundoNotes\\fundooNotes\\node_modules\\ts-node-dev\\lib\\hook.js:63:13)\n    at Module.load (node:internal/modules/cjs/loader:1207:32)\n    at Function.Module._load (node:internal/modules/cjs/loader:1023:12)","timestamp":"2024-08-08T11:31:50.767Z","trace":[{"column":7,"file":"E:\\New journy\\fundoNotes\\fundooNotes\\src\\models\\user.ts","function":null,"line":1,"method":null,"native":false},{"column":14,"file":"node:internal/modules/cjs/loader","function":"Module._compile","line":1376,"method":"_compile","native":false},{"column":25,"file":"E:\\New journy\\fundoNotes\\fundooNotes\\node_modules\\source-map-support\\source-map-support.js","function":"Module._compile","line":568,"method":"_compile","native":false},{"column":33,"file":"C:\\Users\\hp\\AppData\\Local\\Temp\\ts-node-dev-hook-863513294001947.js","function":"Module.m._compile","line":69,"method":"_compile","native":false},{"column":10,"file":"node:internal/modules/cjs/loader","function":"Module._extensions..js","line":1435,"method":".js","native":false},{"column":20,"file":"C:\\Users\\hp\\AppData\\Local\\Temp\\ts-node-dev-hook-863513294001947.js","function":"require.extensions..jsx.require.extensions..js","line":114,"method":".js","native":false},{"column":20,"file":"C:\\Users\\hp\\AppData\\Local\\Temp\\ts-node-dev-hook-863513294001947.js","function":"require.extensions.<computed>","line":71,"method":"<computed>","native":false},{"column":13,"file":"E:\\New journy\\fundoNotes\\fundooNotes\\node_modules\\ts-node-dev\\lib\\hook.js","function":"Object.nodeDevHook [as .ts]","line":63,"method":"ts]","native":false},{"column":32,"file":"node:internal/modules/cjs/loader","function":"Module.load","line":1207,"method":"load","native":false},{"column":12,"file":"node:internal/modules/cjs/loader","function":"Module._load","line":1023,"method":"_load","native":false}]}
error: uncaughtException:  Unable to compile TypeScript:
[96msrc/models/user.ts[0m:[93m74[0m:[93m3[0m - [91merror[0m[90m TS1005: [0m',' expected.

[7m74[0m   );
[7m  [0m [91m  ~[0m

Error:  Unable to compile TypeScript:
[96msrc/models/user.ts[0m:[93m74[0m:[93m3[0m - [91merror[0m[90m TS1005: [0m',' expected.

[7m74[0m   );
[7m  [0m [91m  ~[0m

    at Object.<anonymous> (E:\New journy\fundoNotes\fundooNotes\src\models\user.ts:1:7)
    at Module._compile (node:internal/modules/cjs/loader:1376:14)
    at Module._compile (E:\New journy\fundoNotes\fundooNotes\node_modules\source-map-support\source-map-support.js:568:25)
    at Module.m._compile (C:\Users\hp\AppData\Local\Temp\ts-node-dev-hook-863513294001947.js:69:33)
    at Module._extensions..js (node:internal/modules/cjs/loader:1435:10)
    at require.extensions..jsx.require.extensions..js (C:\Users\hp\AppData\Local\Temp\ts-node-dev-hook-863513294001947.js:114:20)
    at require.extensions.<computed> (C:\Users\hp\AppData\Local\Temp\ts-node-dev-hook-863513294001947.js:71:20)
    at Object.nodeDevHook [as .ts] (E:\New journy\fundoNotes\fundooNotes\node_modules\ts-node-dev\lib\hook.js:63:13)
    at Module.load (node:internal/modules/cjs/loader:1207:32)
    at Function.Module._load (node:internal/modules/cjs/loader:1023:12) {"date":"Thu Aug 08 2024 17:01:54 GMT+0530 (India Standard Time)","error":{},"exception":true,"os":{"loadavg":[0,0,0],"uptime":10659.484},"process":{"argv":["C:\\Program Files\\nodejs\\node.exe","./src/index.ts"],"cwd":"E:\\New journy\\fundoNotes\\fundooNotes","execPath":"C:\\Program Files\\nodejs\\node.exe","gid":null,"memoryUsage":{"arrayBuffers":107075,"external":2342444,"heapTotal":52281344,"heapUsed":19255968,"rss":65544192},"pid":4208,"uid":null,"version":"v20.10.0"},"stack":"Error:  Unable to compile TypeScript:\n\u001b[96msrc/models/user.ts\u001b[0m:\u001b[93m74\u001b[0m:\u001b[93m3\u001b[0m - \u001b[91merror\u001b[0m\u001b[90m TS1005: \u001b[0m',' expected.\r\n\r\n\u001b[7m74\u001b[0m   );\r\n\u001b[7m  \u001b[0m \u001b[91m  ~\u001b[0m\r\n\n    at Object.<anonymous> (E:\\New journy\\fundoNotes\\fundooNotes\\src\\models\\user.ts:1:7)\n    at Module._compile (node:internal/modules/cjs/loader:1376:14)\n    at Module._compile (E:\\New journy\\fundoNotes\\fundooNotes\\node_modules\\source-map-support\\source-map-support.js:568:25)\n    at Module.m._compile (C:\\Users\\hp\\AppData\\Local\\Temp\\ts-node-dev-hook-863513294001947.js:69:33)\n    at Module._extensions..js (node:internal/modules/cjs/loader:1435:10)\n    at require.extensions..jsx.require.extensions..js (C:\\Users\\hp\\AppData\\Local\\Temp\\ts-node-dev-hook-863513294001947.js:114:20)\n    at require.extensions.<computed> (C:\\Users\\hp\\AppData\\Local\\Temp\\ts-node-dev-hook-863513294001947.js:71:20)\n    at Object.nodeDevHook [as .ts] (E:\\New journy\\fundoNotes\\fundooNotes\\node_modules\\ts-node-dev\\lib\\hook.js:63:13)\n    at Module.load (node:internal/modules/cjs/loader:1207:32)\n    at Function.Module._load (node:internal/modules/cjs/loader:1023:12)","timestamp":"2024-08-08T11:31:54.780Z","trace":[{"column":7,"file":"E:\\New journy\\fundoNotes\\fundooNotes\\src\\models\\user.ts","function":null,"line":1,"method":null,"native":false},{"column":14,"file":"node:internal/modules/cjs/loader","function":"Module._compile","line":1376,"method":"_compile","native":false},{"column":25,"file":"E:\\New journy\\fundoNotes\\fundooNotes\\node_modules\\source-map-support\\source-map-support.js","function":"Module._compile","line":568,"method":"_compile","native":false},{"column":33,"file":"C:\\Users\\hp\\AppData\\Local\\Temp\\ts-node-dev-hook-863513294001947.js","function":"Module.m._compile","line":69,"method":"_compile","native":false},{"column":10,"file":"node:internal/modules/cjs/loader","function":"Module._extensions..js","line":1435,"method":".js","native":false},{"column":20,"file":"C:\\Users\\hp\\AppData\\Local\\Temp\\ts-node-dev-hook-863513294001947.js","function":"require.extensions..jsx.require.extensions..js","line":114,"method":".js","native":false},{"column":20,"file":"C:\\Users\\hp\\AppData\\Local\\Temp\\ts-node-dev-hook-863513294001947.js","function":"require.extensions.<computed>","line":71,"method":"<computed>","native":false},{"column":13,"file":"E:\\New journy\\fundoNotes\\fundooNotes\\node_modules\\ts-node-dev\\lib\\hook.js","function":"Object.nodeDevHook [as .ts]","line":63,"method":"ts]","native":false},{"column":32,"file":"node:internal/modules/cjs/loader","function":"Module.load","line":1207,"method":"load","native":false},{"column":12,"file":"node:internal/modules/cjs/loader","function":"Module._load","line":1023,"method":"_load","native":false}]}
error: uncaughtException: E:\New journy\fundoNotes\fundooNotes\src\doc\swagger-output.json: Expected double-quoted property name in JSON at position 7174
SyntaxError: E:\New journy\fundoNotes\fundooNotes\src\doc\swagger-output.json: Expected double-quoted property name in JSON at position 7174
    at parse (<anonymous>)
    at Module._extensions..json (node:internal/modules/cjs/loader:1453:39)
    at Object.nodeDevHook [as .json] (E:\New journy\fundoNotes\fundooNotes\node_modules\ts-node-dev\lib\hook.js:63:13)
    at Module.load (node:internal/modules/cjs/loader:1207:32)
    at Function.Module._load (node:internal/modules/cjs/loader:1023:12)
    at Module.require (node:internal/modules/cjs/loader:1235:19)
    at require (node:internal/modules/helpers:176:18)
    at Object.<anonymous> (E:\New journy\fundoNotes\fundooNotes\src\index.ts:14:25)
    at Module._compile (node:internal/modules/cjs/loader:1376:14)
    at Module._compile (E:\New journy\fundoNotes\fundooNotes\node_modules\source-map-support\source-map-support.js:568:25) {"date":"Thu Aug 08 2024 17:36:58 GMT+0530 (India Standard Time)","error":{},"exception":true,"os":{"loadavg":[0,0,0],"uptime":12763.625},"process":{"argv":["C:\\Program Files\\nodejs\\node.exe","./src/index.ts"],"cwd":"E:\\New journy\\fundoNotes\\fundooNotes","execPath":"C:\\Program Files\\nodejs\\node.exe","gid":null,"memoryUsage":{"arrayBuffers":124342,"external":2346600,"heapTotal":53067776,"heapUsed":29006208,"rss":73457664},"pid":11016,"uid":null,"version":"v20.10.0"},"stack":"SyntaxError: E:\\New journy\\fundoNotes\\fundooNotes\\src\\doc\\swagger-output.json: Expected double-quoted property name in JSON at position 7174\n    at parse (<anonymous>)\n    at Module._extensions..json (node:internal/modules/cjs/loader:1453:39)\n    at Object.nodeDevHook [as .json] (E:\\New journy\\fundoNotes\\fundooNotes\\node_modules\\ts-node-dev\\lib\\hook.js:63:13)\n    at Module.load (node:internal/modules/cjs/loader:1207:32)\n    at Function.Module._load (node:internal/modules/cjs/loader:1023:12)\n    at Module.require (node:internal/modules/cjs/loader:1235:19)\n    at require (node:internal/modules/helpers:176:18)\n    at Object.<anonymous> (E:\\New journy\\fundoNotes\\fundooNotes\\src\\index.ts:14:25)\n    at Module._compile (node:internal/modules/cjs/loader:1376:14)\n    at Module._compile (E:\\New journy\\fundoNotes\\fundooNotes\\node_modules\\source-map-support\\source-map-support.js:568:25)","timestamp":"2024-08-08T12:06:58.917Z","trace":[{"column":null,"file":null,"function":"parse","line":null,"method":null,"native":false},{"column":39,"file":"node:internal/modules/cjs/loader","function":"Module._extensions..json","line":1453,"method":".json","native":false},{"column":13,"file":"E:\\New journy\\fundoNotes\\fundooNotes\\node_modules\\ts-node-dev\\lib\\hook.js","function":"Object.nodeDevHook [as .json]","line":63,"method":"json]","native":false},{"column":32,"file":"node:internal/modules/cjs/loader","function":"Module.load","line":1207,"method":"load","native":false},{"column":12,"file":"node:internal/modules/cjs/loader","function":"Module._load","line":1023,"method":"_load","native":false},{"column":19,"file":"node:internal/modules/cjs/loader","function":"Module.require","line":1235,"method":"require","native":false},{"column":18,"file":"node:internal/modules/helpers","function":"require","line":176,"method":null,"native":false},{"column":25,"file":"E:\\New journy\\fundoNotes\\fundooNotes\\src\\index.ts","function":null,"line":14,"method":null,"native":false},{"column":14,"file":"node:internal/modules/cjs/loader","function":"Module._compile","line":1376,"method":"_compile","native":false},{"column":25,"file":"E:\\New journy\\fundoNotes\\fundooNotes\\node_modules\\source-map-support\\source-map-support.js","function":"Module._compile","line":568,"method":"_compile","native":false}]}
error: uncaughtException: E:\New journy\fundoNotes\fundooNotes\src\doc\swagger-output.json: Expected double-quoted property name in JSON at position 9075
SyntaxError: E:\New journy\fundoNotes\fundooNotes\src\doc\swagger-output.json: Expected double-quoted property name in JSON at position 9075
    at parse (<anonymous>)
    at Module._extensions..json (node:internal/modules/cjs/loader:1453:39)
    at Object.nodeDevHook [as .json] (E:\New journy\fundoNotes\fundooNotes\node_modules\ts-node-dev\lib\hook.js:63:13)
    at Module.load (node:internal/modules/cjs/loader:1207:32)
    at Function.Module._load (node:internal/modules/cjs/loader:1023:12)
    at Module.require (node:internal/modules/cjs/loader:1235:19)
    at require (node:internal/modules/helpers:176:18)
    at Object.<anonymous> (E:\New journy\fundoNotes\fundooNotes\src\index.ts:14:25)
    at Module._compile (node:internal/modules/cjs/loader:1376:14)
    at Module._compile (E:\New journy\fundoNotes\fundooNotes\node_modules\source-map-support\source-map-support.js:568:25) {"date":"Thu Aug 08 2024 17:37:03 GMT+0530 (India Standard Time)","error":{},"exception":true,"os":{"loadavg":[0,0,0],"uptime":12767.828},"process":{"argv":["C:\\Program Files\\nodejs\\node.exe","./src/index.ts"],"cwd":"E:\\New journy\\fundoNotes\\fundooNotes","execPath":"C:\\Program Files\\nodejs\\node.exe","gid":null,"memoryUsage":{"arrayBuffers":124342,"external":2346600,"heapTotal":53067776,"heapUsed":28990760,"rss":73211904},"pid":11216,"uid":null,"version":"v20.10.0"},"stack":"SyntaxError: E:\\New journy\\fundoNotes\\fundooNotes\\src\\doc\\swagger-output.json: Expected double-quoted property name in JSON at position 9075\n    at parse (<anonymous>)\n    at Module._extensions..json (node:internal/modules/cjs/loader:1453:39)\n    at Object.nodeDevHook [as .json] (E:\\New journy\\fundoNotes\\fundooNotes\\node_modules\\ts-node-dev\\lib\\hook.js:63:13)\n    at Module.load (node:internal/modules/cjs/loader:1207:32)\n    at Function.Module._load (node:internal/modules/cjs/loader:1023:12)\n    at Module.require (node:internal/modules/cjs/loader:1235:19)\n    at require (node:internal/modules/helpers:176:18)\n    at Object.<anonymous> (E:\\New journy\\fundoNotes\\fundooNotes\\src\\index.ts:14:25)\n    at Module._compile (node:internal/modules/cjs/loader:1376:14)\n    at Module._compile (E:\\New journy\\fundoNotes\\fundooNotes\\node_modules\\source-map-support\\source-map-support.js:568:25)","timestamp":"2024-08-08T12:07:03.117Z","trace":[{"column":null,"file":null,"function":"parse","line":null,"method":null,"native":false},{"column":39,"file":"node:internal/modules/cjs/loader","function":"Module._extensions..json","line":1453,"method":".json","native":false},{"column":13,"file":"E:\\New journy\\fundoNotes\\fundooNotes\\node_modules\\ts-node-dev\\lib\\hook.js","function":"Object.nodeDevHook [as .json]","line":63,"method":"json]","native":false},{"column":32,"file":"node:internal/modules/cjs/loader","function":"Module.load","line":1207,"method":"load","native":false},{"column":12,"file":"node:internal/modules/cjs/loader","function":"Module._load","line":1023,"method":"_load","native":false},{"column":19,"file":"node:internal/modules/cjs/loader","function":"Module.require","line":1235,"method":"require","native":false},{"column":18,"file":"node:internal/modules/helpers","function":"require","line":176,"method":null,"native":false},{"column":25,"file":"E:\\New journy\\fundoNotes\\fundooNotes\\src\\index.ts","function":null,"line":14,"method":null,"native":false},{"column":14,"file":"node:internal/modules/cjs/loader","function":"Module._compile","line":1376,"method":"_compile","native":false},{"column":25,"file":"E:\\New journy\\fundoNotes\\fundooNotes\\node_modules\\source-map-support\\source-map-support.js","function":"Module._compile","line":568,"method":"_compile","native":false}]}
error: 
    status - 500 
    message - JsonWebTokenError: invalid signature
    at E:\New journy\fundoNotes\fundooNotes\node_modules\jsonwebtoken\verify.js:133:19
    at getSecret (E:\New journy\fundoNotes\fundooNotes\node_modules\jsonwebtoken\verify.js:90:14)
    at Object.module.exports [as verify] (E:\New journy\fundoNotes\fundooNotes\node_modules\jsonwebtoken\verify.js:94:10)
    at E:\New journy\fundoNotes\fundooNotes\src\middlewares\auth.middleware.ts:56:35
    at Generator.next (<anonymous>)
    at E:\New journy\fundoNotes\fundooNotes\src\middlewares\auth.middleware.ts:8:71
    at new Promise (<anonymous>)
    at __awaiter (E:\New journy\fundoNotes\fundooNotes\src\middlewares\auth.middleware.ts:4:12)
    at noteAuth (E:\New journy\fundoNotes\fundooNotes\src\middlewares\auth.middleware.ts:46:20)
    at Layer.handle [as handle_request] (E:\New journy\fundoNotes\fundooNotes\node_modules\express\lib\router\layer.js:95:5) 
    url - /api/v1/notes/allNotes 
    method - GET 
    IP - ::1
   {"timestamp":"2024-08-08T12:50:36.028Z"}
error: 
    status - 500 
    message - JsonWebTokenError: invalid signature
    at E:\New journy\fundoNotes\fundooNotes\node_modules\jsonwebtoken\verify.js:133:19
    at getSecret (E:\New journy\fundoNotes\fundooNotes\node_modules\jsonwebtoken\verify.js:90:14)
    at Object.module.exports [as verify] (E:\New journy\fundoNotes\fundooNotes\node_modules\jsonwebtoken\verify.js:94:10)
    at E:\New journy\fundoNotes\fundooNotes\src\middlewares\auth.middleware.ts:56:35
    at Generator.next (<anonymous>)
    at E:\New journy\fundoNotes\fundooNotes\src\middlewares\auth.middleware.ts:8:71
    at new Promise (<anonymous>)
    at __awaiter (E:\New journy\fundoNotes\fundooNotes\src\middlewares\auth.middleware.ts:4:12)
    at noteAuth (E:\New journy\fundoNotes\fundooNotes\src\middlewares\auth.middleware.ts:46:20)
    at Layer.handle [as handle_request] (E:\New journy\fundoNotes\fundooNotes\node_modules\express\lib\router\layer.js:95:5) 
    url - /api/v1/notes/create 
    method - POST 
    IP - ::1
   {"timestamp":"2024-08-08T12:55:35.581Z"}
error: 
    status - 500 
    message - SyntaxError: Bad control character in string literal in JSON at position 114
    at JSON.parse (<anonymous>)
    at parse (E:\New journy\fundoNotes\fundooNotes\node_modules\body-parser\lib\types\json.js:92:19)
    at E:\New journy\fundoNotes\fundooNotes\node_modules\body-parser\lib\read.js:128:18
    at AsyncResource.runInAsyncScope (node:async_hooks:206:9)
    at invokeCallback (E:\New journy\fundoNotes\fundooNotes\node_modules\raw-body\index.js:238:16)
    at done (E:\New journy\fundoNotes\fundooNotes\node_modules\raw-body\index.js:227:7)
    at IncomingMessage.onEnd (E:\New journy\fundoNotes\fundooNotes\node_modules\raw-body\index.js:287:7)
    at IncomingMessage.emit (node:events:514:28)
    at endReadableNT (node:internal/streams/readable:1589:12)
    at processTicksAndRejections (node:internal/process/task_queues:82:21) 
    url - /api/v1/notes/create 
    method - POST 
    IP - ::1
   {"timestamp":"2024-08-08T13:02:05.518Z"}
